DDI-DrugBank.d55.s0|0-12|Isoproterenol|brand
DDI-DrugBank.d55.s2|0-6|ISUPREL|brand
DDI-DrugBank.d529.s0|0-7|Antacids|group
DDI-DrugBank.d529.s2|0-13|Anticoagulants|group
DDI-DrugBank.d529.s2|16-27|Flurbiprofen|drug
DDI-DrugBank.d529.s4|0-6|Aspirin|brand
DDI-DrugBank.d529.s8|0-11|Flurbiprofen|drug
DDI-DrugBank.d529.s9|0-11|Flurbiprofen|drug
DDI-DrugBank.d529.s10|0-11|Flurbiprofen|drug
DDI-DrugBank.d529.s12|0-9|Cimetidine|drug
DDI-DrugBank.d529.s12|12-21|Ranitidine|drug
DDI-DrugBank.d529.s12|70-79|cimetidine|drug
DDI-DrugBank.d529.s12|84-93|ranitidine|drug
DDI-DrugBank.d529.s12|284-293|cimetidine|drug
DDI-DrugBank.d529.s13|0-6|Digoxin|drug
DDI-DrugBank.d529.s14|0-8|Diuretics|group
DDI-DrugBank.d524.s0|0-8|Albuterol|brand
DDI-DrugBank.d11.s0|23-31|Albuterol|brand
DDI-DrugBank.d11.s0|35-43|STRATTERA|brand
DDI-DrugBank.d11.s1|0-5|CYP2D6|brand
DDI-DrugBank.d11.s1|20-30|Atomoxetine|drug
DDI-DrugBank.d11.s1|64-69|CYP2D6|brand
DDI-DrugBank.d11.s2|32-37|CYP2D6|brand
DDI-DrugBank.d11.s3|21-29|STRATTERA|brand
DDI-DrugBank.d11.s3|73-78|CYP2D6|brand
DDI-DrugBank.d11.s3|126-134|quinidine|drug
DDI-DrugBank.d11.s4|3-4|EM|brand
DDI-DrugBank.d11.s4|61-63|AUC|brand
DDI-DrugBank.d11.s5|61-64|P450|brand
DDI-DrugBank.d11.s6|64-72|STRATTERA|brand
DDI-DrugBank.d322.s0|0-9|Amantadine|drug
DDI-DrugBank.d322.s1|0-8|Clidinium|drug
DDI-DrugBank.d322.s1|67-78|ketoconazole|drug
DDI-DrugBank.d499.s3|0-7|Antacids|group
DDI-DrugBank.d499.s5|0-6|Aspirin|brand
DDI-DrugBank.d499.s5|9-18|Ketoprofen|drug
DDI-DrugBank.d499.s10|10-28|Hydrochlorothiazide|drug
DDI-DrugBank.d499.s13|0-6|Digoxin|drug
DDI-DrugBank.d499.s15|0-7|Warfarin|drug
DDI-DrugBank.d499.s16|80-81|GI|brand
DDI-DrugBank.d499.s19|0-9|Probenecid|drug
DDI-DrugBank.d499.s19|12-21|Probenecid|drug
DDI-DrugBank.d499.s22|0-11|Methotrexate|drug
DDI-DrugBank.d499.s22|14-23|Ketoprofen|drug
DDI-DrugBank.d499.s24|0-6|Lithium|brand
DDI-DrugBank.d499.s26|0-14|DRUG/LABORATORY|brand
DDI-DrugBank.d499.s26|16-19|TEST|brand
DDI-DrugBank.d499.s26|21-32|INTERACTIONS|brand
DDI-DrugBank.d499.s26|35-40|EFFECT|brand
DDI-DrugBank.d499.s26|42-43|ON|brand
DDI-DrugBank.d499.s26|45-49|BLOOD|brand
DDI-DrugBank.d499.s26|51-61|COAGULATION|brand
DDI-DrugBank.d499.s26|63-72|Ketoprofen|drug
DDI-DrugBank.d573.s0|17-28|Guanethidine|drug
DDI-DrugBank.d573.s0|146-157|guanethidine|drug
DDI-DrugBank.d573.s1|19-30|guanethidine|drug
DDI-MedLine.d27.s0|242-253|phentolamine|drug
DDI-DrugBank.d323.s0|21-27|MYOBLOC|brand
DDI-DrugBank.d485.s0|32-37|CYP3A4|brand
DDI-DrugBank.d485.s0|48-52|3A5-7|brand
DDI-DrugBank.d485.s1|9-14|CYP1A2|brand
DDI-DrugBank.d485.s1|24-26|2B6|brand
DDI-DrugBank.d485.s1|36-39|2C19|brand
DDI-DrugBank.d485.s1|49-51|3A4|brand
DDI-DrugBank.d485.s2|0-12|Acetaminophen|drug
DDI-DrugBank.d485.s3|82-94|acetaminophen|drug
DDI-DrugBank.d485.s4|0-8|Acitretin|drug
DDI-DrugBank.d485.s6|0-16|Aminoglutethimide|drug
DDI-DrugBank.d485.s6|32-34|CYP|brand
DDI-DrugBank.d485.s10|0-13|Anticoagulants|group
DDI-DrugBank.d485.s12|0-14|Anticonvulsants|group
DDI-DrugBank.d485.s14|47-47|C|brand
DDI-DrugBank.d485.s16|0-11|Atorvastatin|drug
DDI-DrugBank.d485.s16|14-25|Atorvastatin|drug
DDI-DrugBank.d485.s16|41-43|AUC|brand
DDI-DrugBank.d485.s19|0-11|Cyclosporine|drug
DDI-DrugBank.d485.s21|0-5|CYP3A4|brand
DDI-DrugBank.d485.s21|17-22|CYP3A4|brand
DDI-DrugBank.d485.s23|0-11|Griseofulvin|drug
DDI-DrugBank.d485.s23|14-25|Griseofulvin|drug
DDI-DrugBank.d485.s26|0-7|Morphine|drug
DDI-DrugBank.d485.s27|58-67|Nevirapine|drug
DDI-DrugBank.d485.s31|0-11|Prednisolone|drug
DDI-DrugBank.d485.s32|0-7|Protease|drug
DDI-DrugBank.d485.s32|21-30|Amprenavir|drug
DDI-DrugBank.d485.s34|0-8|Indinavir|drug
DDI-DrugBank.d485.s36|0-7|Rifampin|brand
DDI-DrugBank.d485.s36|10-17|Rifampin|brand
DDI-DrugBank.d485.s39|0-9|Selegiline|drug
DDI-DrugBank.d485.s40|0-11|Theophylline|drug
DDI-DrugBank.d485.s41|42-51|imipramine|drug
DDI-DrugBank.d485.s43|0-6|ETHANOL|brand
DDI-DrugBank.d485.s43|10-18|NUTRITION|brand
DDI-DrugBank.d485.s43|22-25|HERB|brand
DDI-DrugBank.d485.s43|27-38|INTERACTIONS|brand
DDI-DrugBank.d485.s43|41-44|Food|group
DDI-DrugBank.d485.s43|47-49|CNS|brand
DDI-DrugBank.d485.s44|0-9|Grapefruit|drug
DDI-DrugBank.d103.s2|101-107|FORADIL|brand
DDI-DrugBank.d103.s3|0-8|Monoamine|drug
DDI-DrugBank.d103.s3|60-66|FORADIL|brand
DDI-DrugBank.d103.s3|143-151|monoamine|drug
DDI-DrugBank.d103.s4|0-14|Corticosteroids|group
DDI-DrugBank.d103.s4|37-45|Diuretics|group
DDI-DrugBank.d103.s6|83-89|FORADIL|brand
DDI-DrugBank.d103.s7|10-16|FORADIL|brand
DDI-DrugBank.d103.s8|26-34|quinidine|drug
DDI-DrugBank.d103.s9|0-10|INFORMATION|brand
DDI-DrugBank.d103.s9|12-13|TO|brand
DDI-DrugBank.d103.s9|15-16|BE|brand
DDI-DrugBank.d103.s9|18-25|PROVIDED|brand
DDI-DrugBank.d103.s9|27-28|TO|brand
DDI-DrugBank.d103.s9|30-32|THE|brand
DDI-DrugBank.d103.s9|34-40|PATIENT|brand
DDI-DrugBank.d103.s9|42-43|OR|brand
DDI-DrugBank.d103.s9|45-52|GUARDIAN|brand
DDI-DrugBank.d103.s9|101-108|Guardian|brand
DDI-DrugBank.d103.s10|52-58|FORADIL|brand
DDI-DrugBank.d103.s10|197-200|COPD|brand
DDI-DrugBank.d103.s14|0-6|FORADIL|brand
DDI-DrugBank.d103.s14|48-51|COPD|brand
DDI-DrugBank.d103.s20|0-6|FORADIL|brand
DDI-DrugBank.d103.s21|184-190|FORADIL|brand
DDI-DrugBank.d103.s24|22-28|FORADIL|brand
DDI-DrugBank.d103.s26|47-53|FORADIL|brand
DDI-DrugBank.d146.s0|0-9|Colchicine|drug
DDI-DrugBank.d146.s2|0-9|Colchicine|drug
DDI-DrugBank.d146.s2|43-45|CNS|brand
DDI-DrugBank.d143.s0|0-9|Amiodarone|drug
DDI-DrugBank.d143.s0|66-69|P450|brand
DDI-DrugBank.d143.s0|72-77|CYP450|brand
DDI-DrugBank.d143.s0|119-122|P450|brand
DDI-DrugBank.d143.s0|124-126|3A4|brand
DDI-DrugBank.d143.s0|129-134|CYP3A4|brand
DDI-DrugBank.d143.s0|141-146|CYP2C8|brand
DDI-DrugBank.d143.s1|4-9|CYP3A4|brand
DDI-DrugBank.d143.s2|0-9|Amiodarone|drug
DDI-DrugBank.d143.s2|47-52|CYP3A4|brand
DDI-DrugBank.d143.s3|132-137|CYP3A4|brand
DDI-DrugBank.d143.s8|36-41|CYP3A4|brand
DDI-DrugBank.d143.s8|47-52|CYP2C8|brand
DDI-DrugBank.d143.s9|41-48|Protease|drug
DDI-DrugBank.d143.s9|62-69|Protease|drug
DDI-DrugBank.d143.s9|103-108|CYP3A4|brand
DDI-DrugBank.d143.s10|0-0|A|brand
DDI-DrugBank.d143.s11|0-2|DEA|brand
DDI-DrugBank.d143.s14|0-8|Histamine|drug
DDI-DrugBank.d143.s14|10-11|H2|brand
DDI-DrugBank.d143.s14|26-35|Cimetidine|drug
DDI-DrugBank.d143.s14|46-51|CYP3A4|brand
DDI-DrugBank.d143.s15|18-27|Grapefruit|drug
DDI-DrugBank.d143.s15|84-86|AUC|brand
DDI-DrugBank.d143.s16|0-9|Grapefruit|drug
DDI-DrugBank.d143.s18|0-9|Amiodarone|drug
DDI-DrugBank.d143.s18|32-37|CYP450|brand
DDI-DrugBank.d143.s18|58-63|CYP1A2|brand
DDI-DrugBank.d143.s18|66-71|CYP2C9|brand
DDI-DrugBank.d143.s18|74-79|CYP2D6|brand
DDI-DrugBank.d143.s18|86-91|CYP3A4|brand
DDI-DrugBank.d143.s19|108-113|CYP450|brand
DDI-DrugBank.d143.s20|81-92|Cyclosporine|drug
DDI-DrugBank.d143.s20|95-100|CYP3A4|brand
DDI-DrugBank.d143.s21|30-40|Simvastatin|drug
DDI-DrugBank.d143.s21|43-48|CYP3A4|brand
DDI-DrugBank.d143.s23|0-9|Amiodarone|drug
DDI-DrugBank.d143.s27|53-61|quinidine|drug
DDI-DrugBank.d143.s28|65-73|quinidine|drug
DDI-DrugBank.d143.s29|0-8|Phenytoin|drug
DDI-DrugBank.d143.s30|0-9|Amiodarone|drug
DDI-DrugBank.d143.s30|36-44|quinidine|drug
DDI-DrugBank.d143.s30|56-64|quinidine|drug
DDI-DrugBank.d143.s31|0-9|Amiodarone|drug
DDI-DrugBank.d143.s32|0-8|Quinidine|drug
DDI-DrugBank.d143.s41|19-28|Amiodarone|drug
DDI-DrugBank.d143.s41|129-134|CYP3A4|brand
DDI-DrugBank.d143.s41|198-203|CYP3A4|brand
DDI-DrugBank.d143.s41|233-238|CYP3A4|brand
DDI-DrugBank.d143.s41|322-323|AV|brand
DDI-DrugBank.d143.s43|0-13|Anticoagulants|group
DDI-DrugBank.d143.s43|47-52|CYP2C9|brand
DDI-DrugBank.d143.s43|58-63|CYP3A4|brand
DDI-DrugBank.d143.s45|107-112|CYP3A4|brand
DDI-DrugBank.d143.s47|74-81|Rifampin|brand
DDI-DrugBank.d143.s47|106-111|CYP3A4|brand
DDI-DrugBank.d143.s49|66-74|Hypericum|brand
DDI-DrugBank.d143.s49|96-101|CYP3A4|brand
DDI-DrugBank.d143.s50|36-41|CYP3A4|brand
DDI-DrugBank.d143.s51|45-52|Fentanyl|drug
DDI-DrugBank.d143.s51|55-60|CYP3A4|brand
DDI-DrugBank.d143.s52|0-4|Sinus|brand
DDI-DrugBank.d143.s52|88-93|CYP3A4|brand
DDI-DrugBank.d143.s54|0-15|Dextromethorphan|drug
DDI-DrugBank.d143.s54|41-46|CYP2D6|brand
DDI-DrugBank.d143.s54|52-57|CYP3A4|brand
DDI-DrugBank.d143.s55|0-9|Amiodarone|drug
DDI-DrugBank.d143.s55|20-25|CYP2D6|brand
DDI-DrugBank.d143.s56|0-13|Cholestyramine|drug
DDI-DrugBank.d143.s57|0-11|Disopyramide|drug
DDI-DrugBank.d143.s57|23-24|QT|brand
DDI-DrugBank.d143.s58|0-15|Fluoroquinolones|group
DDI-DrugBank.d143.s61|9-18|Anesthetic|brand
DDI-DrugBank.d143.s62|70-78|Cordarone|brand
DDI-DrugBank.d143.s63|149-157|Cordarone|brand
DDI-DrugBank.d143.s63|159-162|I.V.|brand
DDI-MedLine.d79.s0|34-36|IDV|brand
DDI-MedLine.d79.s0|67-69|IDV|brand
DDI-MedLine.d79.s5|0-8|Indinavir|drug
DDI-DrugBank.d194.s0|47-55|ETOPOPHOS|brand
DDI-DrugBank.d194.s1|22-22|A|brand
DDI-DrugBank.d506.s0|74-80|Norpace|brand
DDI-DrugBank.d506.s0|85-91|Norpace|brand
DDI-DrugBank.d506.s0|93-94|CR|brand
DDI-DrugBank.d506.s2|32-40|quinidine|drug
DDI-DrugBank.d506.s2|127-133|Norpace|brand
DDI-DrugBank.d506.s3|26-28|QRS|brand
DDI-DrugBank.d506.s3|65-67|Q-T|brand
DDI-DrugBank.d506.s4|76-82|Norpace|brand
DDI-DrugBank.d506.s5|30-36|Norpace|brand
DDI-DrugBank.d506.s5|42-50|quinidine|drug
DDI-DrugBank.d506.s5|142-150|quinidine|drug
DDI-DrugBank.d506.s6|0-6|Norpace|brand
DDI-DrugBank.d506.s7|43-54|erythromycin|drug
DDI-DrugBank.d506.s7|168-170|QRS|brand
DDI-DrugBank.d506.s7|207-209|Q-T|brand
DDI-MedLine.d216.s0|17-26|S-ketamine|drug
DDI-MedLine.d216.s0|45-56|itraconazole|drug
DDI-MedLine.d216.s0|83-93|ticlopidine|drug
DDI-MedLine.d216.s1|51-60|S-ketamine|drug
DDI-MedLine.d216.s1|82-85|P450|brand
DDI-MedLine.d216.s1|88-90|CYP|brand
DDI-MedLine.d216.s1|93-95|2B6|brand
DDI-MedLine.d216.s1|107-117|ticlopidine|drug
DDI-MedLine.d216.s1|127-131|CYP3A|brand
DDI-MedLine.d216.s1|143-154|itraconazole|drug
DDI-MedLine.d216.s2|87-96|S-ketamine|drug
DDI-MedLine.d216.s2|128-138|ticlopidine|drug
DDI-MedLine.d216.s2|162-173|itraconazole|drug
DDI-MedLine.d216.s3|0-10|Ticlopidine|drug
DDI-MedLine.d216.s3|114-116|AUC|brand
DDI-MedLine.d216.s3|134-141|ketamine|drug
DDI-MedLine.d216.s3|164-175|itraconazole|drug
DDI-MedLine.d216.s3|220-229|S-ketamine|drug
DDI-MedLine.d216.s4|13-23|norketamine|drug
DDI-MedLine.d216.s4|25-27|AUC|brand
DDI-MedLine.d216.s4|39-46|ketamine|drug
DDI-MedLine.d216.s4|48-50|AUC|brand
DDI-MedLine.d216.s4|94-104|ticlopidine|drug
DDI-MedLine.d216.s4|107-107|P|brand
DDI-MedLine.d216.s4|125-136|itraconazole|drug
DDI-MedLine.d216.s4|146-146|P|brand
DDI-MedLine.d216.s5|7-17|ticlopidine|drug
DDI-MedLine.d216.s5|23-34|itraconazole|drug
DDI-MedLine.d216.s5|185-185|P|brand
DDI-MedLine.d216.s6|40-49|S-ketamine|drug
DDI-MedLine.d216.s6|91-101|ticlopidine|drug
DDI-DrugBank.d495.s0|30-38|clonidine|drug
DDI-DrugBank.d495.s0|110-118|clonidine|drug
DDI-DrugBank.d495.s1|0-8|Clonidine|drug
DDI-DrugBank.d495.s2|0-12|Amitriptyline|drug
DDI-DrugBank.d495.s2|34-42|clonidine|drug
DDI-DrugBank.d495.s2|117-125|Clonidine|drug
DDI-DrugBank.d495.s3|62-70|clonidine|drug
DDI-DrugBank.d495.s4|68-76|clonidine|drug
DDI-DrugBank.d495.s6|65-73|clonidine|drug
DDI-DrugBank.d495.s7|72-73|AV|brand
DDI-DrugBank.d495.s7|125-133|clonidine|drug
DDI-DrugBank.d495.s7|186-187|AV|brand
DDI-DrugBank.d495.s8|122-130|clonidine|drug
DDI-DrugBank.d495.s9|23-31|clonidine|drug
DDI-DrugBank.d495.s9|99-107|clonidine|drug
DDI-DrugBank.d495.s10|9-17|clonidine|drug
DDI-DrugBank.d728.s1|48-55|ELOXATIN|brand
DDI-DrugBank.d728.s1|72-75|5-FU|brand
DDI-DrugBank.d728.s2|13-16|5-FU|brand
DDI-DrugBank.d728.s2|104-111|ELOXATIN|brand
DDI-DrugBank.d172.s0|108-111|P450|brand
DDI-DrugBank.d172.s0|113-115|2C9|brand
DDI-DrugBank.d172.s1|0-8|Celecoxib|drug
DDI-DrugBank.d172.s1|62-65|P450|brand
DDI-DrugBank.d172.s1|67-69|2C9|brand
DDI-DrugBank.d172.s2|68-70|2C9|brand
DDI-DrugBank.d172.s3|75-78|P450|brand
DDI-DrugBank.d172.s3|80-82|2C9|brand
DDI-DrugBank.d172.s3|85-88|2C19|brand
DDI-DrugBank.d172.s3|93-95|3A4|brand
DDI-DrugBank.d172.s4|103-106|P450|brand
DDI-DrugBank.d172.s4|108-110|2D6|brand
DDI-DrugBank.d172.s5|99-102|P450|brand
DDI-DrugBank.d172.s5|104-106|2D6|brand
DDI-DrugBank.d172.s6|90-100|fluconazole|drug
DDI-DrugBank.d172.s7|122-124|ACE|brand
DDI-DrugBank.d172.s8|84-95|ketoconazole|drug
DDI-DrugBank.d172.s9|0-2|ACE|brand
DDI-DrugBank.d172.s9|119-121|ACE|brand
DDI-DrugBank.d172.s10|66-73|CELEBREX|brand
DDI-DrugBank.d172.s11|0-9|Furosemide|drug
DDI-DrugBank.d172.s13|0-6|Aspirin|brand
DDI-DrugBank.d172.s13|9-16|CELEBREX|brand
DDI-DrugBank.d172.s14|52-59|CELEBREX|brand
DDI-DrugBank.d172.s14|96-97|GI|brand
DDI-DrugBank.d172.s14|153-160|CELEBREX|brand
DDI-DrugBank.d172.s15|41-48|CELEBREX|brand
DDI-DrugBank.d172.s16|0-10|Fluconazole|drug
DDI-DrugBank.d172.s16|43-53|fluconazole|drug
DDI-DrugBank.d172.s16|65-66|QD|brand
DDI-DrugBank.d172.s17|67-70|P450|brand
DDI-DrugBank.d172.s17|72-74|2C9|brand
DDI-DrugBank.d172.s17|79-89|fluconazole|drug
DDI-DrugBank.d172.s17|96-103|CLINICAL|brand
DDI-DrugBank.d172.s17|105-116|PHARMACOLOGY|brand
DDI-DrugBank.d172.s18|0-7|CELEBREX|brand
DDI-DrugBank.d172.s18|83-93|fluconazole|drug
DDI-DrugBank.d172.s19|0-6|Lithium|brand
DDI-DrugBank.d172.s19|156-158|BID|brand
DDI-DrugBank.d172.s19|165-172|CELEBREX|brand
DDI-DrugBank.d172.s19|181-183|BID|brand
DDI-DrugBank.d172.s20|63-70|CELEBREX|brand
DDI-DrugBank.d172.s21|0-11|Methotrexate|drug
DDI-DrugBank.d172.s21|92-99|CELEBREX|brand
DDI-DrugBank.d172.s22|0-7|Warfarin|drug
DDI-DrugBank.d172.s24|51-58|CELEBREX|brand
DDI-DrugBank.d450.s1|0-6|Calcium|drug
DDI-DrugBank.d450.s2|0-8|Quinidine|drug
DDI-DrugBank.d450.s2|61-72|itraconazole|drug
DDI-DrugBank.d450.s3|0-11|Erythromycin|drug
DDI-DrugBank.d450.s3|17-30|clarithromycin|drug
DDI-DrugBank.d450.s5|0-12|Propantheline|drug
DDI-DrugBank.d450.s6|0-7|Antacids|group
DDI-DrugBank.d450.s6|40-47|neomycin|drug
DDI-DrugBank.d450.s6|50-63|cholestyramine|drug
DDI-DrugBank.d450.s7|0-7|Rifampin|brand
DDI-DrugBank.d450.s8|90-102|penicillamine|drug
DDI-DrugBank.d450.s9|0-6|Thyroid|brand
DDI-DrugBank.d450.s11|0-14|Succinylcholine|drug
DDI-DrugBank.d450.s12|161-162|AV|brand
DDI-DrugBank.d321.s0|0-12|Dexamethasone|drug
DDI-DrugBank.d321.s0|53-63|albendazole|drug
DDI-DrugBank.d321.s0|158-168|albendazole|drug
DDI-DrugBank.d321.s1|0-11|Praziquantel|drug
DDI-DrugBank.d321.s1|128-138|albendazole|drug
DDI-DrugBank.d321.s1|245-255|albendazole|drug
DDI-DrugBank.d321.s2|5-5|T|brand
DDI-DrugBank.d321.s2|52-62|albendazole|drug
DDI-DrugBank.d321.s3|84-94|albendazole|drug
DDI-DrugBank.d321.s4|0-9|Cimetidine|drug
DDI-DrugBank.d321.s4|12-22|Albendazole|drug
DDI-DrugBank.d321.s4|142-151|cimetidine|drug
DDI-DrugBank.d321.s4|188-198|albendazole|drug
DDI-DrugBank.d321.s5|0-10|Albendazole|drug
DDI-DrugBank.d321.s6|0-11|Theophylline|drug
DDI-DrugBank.d321.s6|148-158|albendazole|drug
DDI-DrugBank.d138.s0|72-79|ALPHAGAN|brand
DDI-DrugBank.d138.s0|81-81|P|brand
DDI-DrugBank.d138.s0|143-145|CNS|brand
DDI-DrugBank.d138.s3|163-170|ALPHAGAN|brand
DDI-DrugBank.d138.s3|172-172|P|brand
DDI-DrugBank.d138.s3|228-230|IOP|brand
DDI-DrugBank.d138.s4|57-64|ALPHAGAN|brand
DDI-DrugBank.d138.s4|66-66|P|brand
DDI-DrugBank.d553.s0|138-143|AMICAR|brand
DDI-DrugBank.d553.s2|104-107|EACA|brand
DDI-DrugBank.d553.s2|118-120|ADP|brand
DDI-DrugBank.d553.s2|180-182|ATP|drug
DDI-DrugBank.d553.s3|26-31|AMICAR|brand
DDI-DrugBank.d553.s4|21-26|AMICAR|brand
DDI-DrugBank.d553.s7|41-46|AMICAR|brand
DDI-DrugBank.d544.s0|37-44|Simulect|brand
DDI-DrugBank.d544.s1|40-47|Simulect|brand
DDI-DrugBank.d544.s3|24-31|Simulect|brand
DDI-DrugBank.d544.s3|182-184|USP|brand
DDI-DrugBank.d544.s3|187-194|MODIFIED|brand
DDI-DrugBank.d544.s4|37-44|Simulect|brand
DDI-DrugBank.d544.s5|73-80|Simulect|brand
DDI-DrugBank.d544.s5|121-127|ATG/ALG|brand
DDI-DrugBank.d337.s0|0-7|Warfarin|drug
DDI-DrugBank.d337.s0|40-49|daptomycin|drug
DDI-DrugBank.d337.s0|204-206|INR|brand
DDI-DrugBank.d337.s1|164-166|CPK|brand
DDI-DrugBank.d337.s2|73-73|I|brand
DDI-DrugBank.d337.s2|171-180|daptomycin|drug
DDI-DrugBank.d337.s3|70-77|Fentanyl|drug
DDI-DrugBank.d337.s3|226-233|Fentanyl|drug
DDI-DrugBank.d678.s0|146-155|Metopirone|brand
DDI-DrugBank.d678.s1|18-27|Metopirone|brand
DDI-DrugBank.d678.s4|0-9|Metopirone|brand
DDI-DrugBank.d678.s4|43-55|acetaminophen|drug
DDI-DrugBank.d678.s4|87-99|acetaminophen|drug
DDI-DrugBank.d263.s0|0-9|Zidovudine|drug
DDI-DrugBank.d263.s0|72-74|ZDV|brand
DDI-DrugBank.d263.s1|0-10|Zalcitabine|drug
DDI-DrugBank.d263.s1|83-85|ZDV|brand
DDI-DrugBank.d263.s1|172-175|U937|brand
DDI-DrugBank.d263.s3|0-9|Lamivudine|drug
DDI-DrugBank.d263.s3|68-71|U937|brand
DDI-DrugBank.d263.s5|0-10|Zalcitabine|drug
DDI-DrugBank.d263.s6|180-192|deoxycytidine|drug
DDI-DrugBank.d263.s10|0-9|Saquinavir|drug
DDI-DrugBank.d263.s10|31-35|HIVID|brand
DDI-DrugBank.d263.s10|54-56|ZDV|brand
DDI-DrugBank.d263.s12|68-72|HIVID|brand
DDI-DrugBank.d263.s13|222-234|metronidazole|drug
DDI-DrugBank.d263.s14|19-23|HIVID|brand
DDI-DrugBank.d263.s15|12-22|Pentamidine|drug
DDI-DrugBank.d263.s15|40-44|HIVID|brand
DDI-DrugBank.d263.s16|0-4|Death|drug
DDI-DrugBank.d263.s16|68-78|pentamidine|drug
DDI-DrugBank.d263.s16|84-88|HIVID|brand
DDI-DrugBank.d263.s17|15-25|pentamidine|drug
DDI-DrugBank.d263.s17|95-99|HIVID|brand
DDI-DrugBank.d263.s18|14-22|Foscarnet|drug
DDI-DrugBank.d263.s19|56-60|HIVID|brand
DDI-DrugBank.d263.s20|0-9|Probenecid|drug
DDI-DrugBank.d263.s20|14-23|Cimetidine|drug
DDI-DrugBank.d263.s20|70-79|cimetidine|drug
DDI-DrugBank.d263.s22|30-36|Antacid|brand
DDI-DrugBank.d263.s24|0-13|Metoclopramide|drug
DDI-DrugBank.d263.s25|0-10|Doxorubicin|drug
DDI-DrugBank.d263.s25|13-23|Doxorubicin|drug
DDI-DrugBank.d473.s0|129-132|p450|drug
DDI-DrugBank.d473.s1|58-61|p450|drug
DDI-DrugBank.d473.s2|93-98|CLOLAR|brand
DDI-DrugBank.d473.s3|76-81|CLOLAR|brand
DDI-DrugBank.d597.s0|0-2|ACE|brand
DDI-DrugBank.d597.s0|118-120|ACE|brand
DDI-DrugBank.d597.s1|92-94|ACE|brand
DDI-DrugBank.d597.s2|0-6|Aspirin|brand
DDI-DrugBank.d597.s2|56-58|TID|brand
DDI-DrugBank.d597.s2|106-108|AUC|brand
DDI-DrugBank.d597.s5|52-56|MOBIC|brand
DDI-DrugBank.d597.s5|93-94|GI|brand
DDI-DrugBank.d597.s5|150-154|MOBIC|brand
DDI-DrugBank.d597.s6|0-4|MOBIC|brand
DDI-DrugBank.d597.s7|0-13|Cholestyramine|drug
DDI-DrugBank.d597.s7|48-61|cholestyramine|drug
DDI-DrugBank.d597.s8|91-93|AUC|brand
DDI-DrugBank.d597.s11|0-9|Cimetidine|drug
DDI-DrugBank.d597.s11|49-58|cimetidine|drug
DDI-DrugBank.d597.s11|60-62|QID|brand
DDI-DrugBank.d597.s12|0-6|Digoxin|drug
DDI-DrugBank.d597.s12|9-17|Meloxicam|drug
DDI-DrugBank.d597.s14|0-9|Furosemide|drug
DDI-DrugBank.d597.s17|0-9|Furosemide|drug
DDI-DrugBank.d597.s18|61-65|MOBIC|brand
DDI-DrugBank.d597.s19|0-6|Lithium|brand
DDI-DrugBank.d597.s20|82-84|AUC|brand
DDI-DrugBank.d597.s20|172-174|BID|brand
DDI-DrugBank.d597.s20|197-198|QD|brand
DDI-DrugBank.d597.s21|85-89|MOBIC|brand
DDI-DrugBank.d597.s22|63-67|MOBIC|brand
DDI-DrugBank.d597.s23|0-11|Methotrexate|drug
DDI-DrugBank.d597.s23|14-14|A|brand
DDI-DrugBank.d597.s23|50-51|RA|drug
DDI-DrugBank.d597.s24|0-8|Meloxicam|drug
DDI-DrugBank.d597.s26|0-7|Warfarin|drug
DDI-DrugBank.d597.s26|118-122|MOBIC|brand
DDI-DrugBank.d597.s27|158-160|INR|brand
DDI-DrugBank.d597.s29|43-45|INR|brand
DDI-DrugBank.d597.s30|42-46|MOBIC|brand
DDI-DrugBank.d597.s30|115-117|INR|brand
DDI-MedLine.d61.s1|0-9|Amiodarone|drug
DDI-MedLine.d61.s6|0-6|Digoxin|drug
DDI-MedLine.d61.s7|0-6|Digoxin|drug
DDI-MedLine.d61.s8|0-9|Amiodarone|drug
DDI-MedLine.d81.s1|117-119|DER|brand
DDI-MedLine.d141.s7|109-109|P|brand
DDI-DrugBank.d599.s0|83-84|GH|brand
DDI-DrugBank.d599.s1|14-17|ACTH|brand
DDI-DrugBank.d599.s2|11-18|Nutropin|brand
DDI-DrugBank.d599.s3|78-85|Nutropin|brand
DDI-DrugBank.d599.s5|51-58|Nutropin|brand
DDI-DrugBank.d599.s6|37-38|GH|brand
DDI-DrugBank.d599.s6|71-74|P450|brand
DDI-DrugBank.d599.s6|77-81|CP450|brand
DDI-DrugBank.d599.s7|24-25|GH|brand
DDI-DrugBank.d599.s7|106-110|CP450|brand
DDI-DrugBank.d599.s8|37-38|GH|brand
DDI-DrugBank.d599.s8|115-119|CP450|brand
DDI-DrugBank.d591.s0|0-10|Ropivacaine|drug
DDI-DrugBank.d591.s1|11-17|P4501A2|brand
DDI-DrugBank.d591.s2|91-101|fluvoxamine|drug
DDI-DrugBank.d591.s2|150-155|CYP1A2|brand
DDI-DrugBank.d591.s3|37-43|P4501A2|brand
DDI-DrugBank.d591.s3|54-64|fluvoxamine|drug
DDI-DrugBank.d591.s3|112-122|Ropivacaine|drug
DDI-DrugBank.d591.s3|143-153|Ropivacaine|drug
DDI-DrugBank.d591.s4|33-38|CYP1A2|brand
DDI-DrugBank.d591.s5|60-65|CYP1A2|brand
DDI-DrugBank.d591.s5|119-128|imipramine|drug
DDI-DrugBank.d591.s6|56-61|CYP3A4|brand
DDI-DrugBank.d591.s6|64-75|ketoconazole|drug
DDI-DrugBank.d591.s6|152-163|ketoconazole|drug
DDI-MedLine.d111.s2|0-12|Acetaminophen|drug
DDI-MedLine.d111.s2|41-49|quinidine|drug
DDI-MedLine.d111.s5|28-46|lidocaine/quinidine|drug
DDI-MedLine.d111.s7|39-47|quinidine|drug
DDI-MedLine.d111.s9|0-12|Acetaminophen|drug
DDI-MedLine.d111.s9|136-138|FDF|brand
DDI-MedLine.d111.s9|219-221|FDF|brand
DDI-MedLine.d111.s10|0-11|Theophylline|drug
DDI-MedLine.d111.s10|38-50|acetaminophen|drug
DDI-MedLine.d111.s10|100-102|FDF|brand
DDI-MedLine.d111.s11|73-75|FDF|brand
DDI-MedLine.d111.s12|0-7|Valproic|brand
DDI-MedLine.d111.s12|98-100|FDF|brand
DDI-MedLine.d111.s14|15-27|acetaminophen|drug
DDI-MedLine.d111.s14|67-79|acetaminophen|drug
DDI-DrugBank.d345.s3|43-50|COLESTID|brand
DDI-DrugBank.d345.s4|78-85|COLESTID|brand
DDI-DrugBank.d345.s9|59-66|COLESTID|brand
DDI-DrugBank.d345.s11|55-55|G|brand
DDI-DrugBank.d345.s13|146-156|clindamycin|drug
DDI-DrugBank.d453.s0|0-7|Cytosine|group
DDI-DrugBank.d453.s2|124-130|Ancobon|brand
DDI-DrugBank.d340.s0|0-9|Nelfinavir|drug
DDI-DrugBank.d340.s0|30-34|CYP3A|brand
DDI-DrugBank.d340.s0|48-51|P450|brand
DDI-DrugBank.d340.s0|53-54|3A|brand
DDI-DrugBank.d340.s1|20-27|VIRACEPT|brand
DDI-DrugBank.d340.s1|64-68|CYP3A|brand
DDI-DrugBank.d340.s1|77-91|dihydropyridine|drug
DDI-DrugBank.d340.s2|0-9|Nelfinavir|drug
DDI-DrugBank.d340.s2|38-42|C.P.A|brand
DDI-DrugBank.d340.s3|20-27|VIRACEPT|brand
DDI-DrugBank.d340.s3|51-55|CYP3A|brand
DDI-DrugBank.d340.s4|20-27|VIRACEPT|brand
DDI-DrugBank.d340.s4|52-56|CYP3A|brand
DDI-DrugBank.d340.s5|101-108|VIRACEPT|brand
DDI-DrugBank.d340.s5|123-151|trimethoprim/sulfamethoxazole|drug
DDI-DrugBank.d340.s5|154-167|clarithromycin|drug
DDI-DrugBank.d340.s5|170-181|erythromycin|drug
DDI-DrugBank.d340.s5|184-195|itraconazole|drug
DDI-DrugBank.d340.s5|200-210|fluconazole|drug
DDI-DrugBank.d340.s6|45-52|VIRACEPT|brand
DDI-DrugBank.d340.s6|83-91|quinidine|drug
DDI-DrugBank.d340.s6|237-238|GI|brand
DDI-DrugBank.d340.s7|61-68|VIRACEPT|brand
DDI-DrugBank.d340.s8|37-44|VIRACEPT|brand
DDI-DrugBank.d340.s10|0-10|Terfenadine|drug
DDI-DrugBank.d340.s10|48-55|VIRACEPT|brand
DDI-DrugBank.d340.s11|11-18|VIRACEPT|brand
DDI-DrugBank.d340.s12|41-48|VIRACEPT|brand
DDI-DrugBank.d340.s13|9-16|Protease|drug
DDI-DrugBank.d340.s14|0-8|Indinavir|drug
DDI-DrugBank.d340.s14|46-53|VIRACEPT|brand
DDI-DrugBank.d340.s14|104-106|AUC|brand
DDI-DrugBank.d340.s14|147-149|A.C|brand
DDI-DrugBank.d340.s16|0-8|Ritonavir|drug
DDI-DrugBank.d340.s16|46-53|VIRACEPT|brand
DDI-DrugBank.d340.s16|104-106|AUC|brand
DDI-DrugBank.d340.s16|151-153|A.C|brand
DDI-DrugBank.d340.s18|0-9|Saquinavir|drug
DDI-DrugBank.d340.s18|126-133|VIRACEPT|brand
DDI-DrugBank.d340.s18|184-186|AUC|brand
DDI-DrugBank.d340.s18|231-233|A.C|brand
DDI-DrugBank.d340.s21|0-9|Antifungal|brand
DDI-DrugBank.d340.s22|0-11|Ketoconazole|drug
DDI-DrugBank.d340.s22|34-45|ketoconazole|drug
DDI-DrugBank.d340.s22|52-59|VIRACEPT|brand
DDI-DrugBank.d340.s22|109-111|A.C|brand
DDI-DrugBank.d340.s23|92-103|ketoconazole|drug
DDI-DrugBank.d340.s23|109-116|VIRACEPT|brand
DDI-DrugBank.d340.s25|0-9|Didanosine|drug
DDI-DrugBank.d340.s27|0-0|A|brand
DDI-DrugBank.d340.s27|69-76|VIRACEPT|brand
DDI-DrugBank.d340.s28|77-84|VIRACEPT|brand
DDI-DrugBank.d340.s30|0-8|Rifabutin|drug
DDI-DrugBank.d340.s30|45-52|VIRACEPT|brand
DDI-DrugBank.d340.s30|102-104|AUC|brand
DDI-DrugBank.d340.s30|146-148|A.C|brand
DDI-DrugBank.d340.s31|106-113|VIRACEPT|brand
DDI-DrugBank.d340.s32|0-7|Rifampin|brand
DDI-DrugBank.d340.s32|43-50|VIRACEPT|brand
DDI-DrugBank.d340.s32|101-103|A.C|brand
DDI-DrugBank.d340.s33|0-7|VIRACEPT|brand
DDI-DrugBank.d340.s35|8-16|Estradiol|drug
DDI-DrugBank.d340.s35|22-34|Norethindrone|brand
DDI-DrugBank.d340.s35|57-64|VIRACEPT|brand
DDI-DrugBank.d340.s35|71-78|OVCON-35|brand
DDI-DrugBank.d340.s36|82-89|VIRACEPT|brand
DDI-DrugBank.d330.s0|174-181|neomycin|drug
DDI-DrugBank.d330.s1|122-129|neomycin|drug
DDI-DrugBank.d330.s1|182-189|neomycin|drug
DDI-DrugBank.d330.s2|5-12|neomycin|drug
DDI-DrugBank.d330.s2|69-69|V|brand
DDI-DrugBank.d330.s2|85-88|B-12|brand
DDI-DrugBank.d330.s2|108-121|5-fluorouracil|drug
DDI-DrugBank.d330.s5|5-12|neomycin|drug
DDI-DrugBank.d330.s5|97-97|K|brand
DDI-DrugBank.d231.s0|0-9|Furosemide|drug
DDI-DrugBank.d231.s2|0-9|Furosemide|drug
DDI-DrugBank.d231.s4|0-9|Furosemide|drug
DDI-DrugBank.d231.s5|0-6|Lithium|brand
DDI-DrugBank.d231.s6|0-9|Furosemide|drug
DDI-DrugBank.d231.s8|0-9|Furosemide|drug
DDI-DrugBank.d231.s13|29-36|Solution|brand
DDI-DrugBank.d231.s14|59-61|BUN|brand
DDI-DrugBank.d231.s16|0-11|Indomethacin|drug
DDI-DrugBank.d405.s1|72-74|CNS|brand
DDI-DrugBank.d195.s0|0-10|Anastrozole|drug
DDI-DrugBank.d195.s0|76-79|P450|brand
DDI-DrugBank.d195.s0|81-83|1A2|brand
DDI-DrugBank.d195.s0|86-90|2C8/9|brand
DDI-DrugBank.d195.s0|97-99|3A4|brand
DDI-DrugBank.d195.s1|0-10|Anastrozole|drug
DDI-DrugBank.d195.s1|28-31|P450|brand
DDI-DrugBank.d195.s1|33-35|2A6|brand
DDI-DrugBank.d195.s1|56-59|P450|brand
DDI-DrugBank.d195.s1|61-63|2D6|brand
DDI-DrugBank.d195.s2|0-10|Anastrozole|drug
DDI-DrugBank.d195.s3|184-191|ARIMIDEX|brand
DDI-DrugBank.d195.s5|55-62|ARIMIDEX|brand
DDI-DrugBank.d195.s7|55-58|ATAC|brand
DDI-DrugBank.d195.s7|126-133|CLINICAL|brand
DDI-DrugBank.d195.s7|135-146|PHARMACOLOGY|brand
DDI-DrugBank.d195.s7|172-179|CLINICAL|brand
DDI-DrugBank.d195.s7|181-192|PHARMACOLOGY|brand
DDI-DrugBank.d195.s9|54-61|ARIMIDEX|brand
DDI-DrugBank.d293.s0|120-129|famotidine|drug
DDI-DrugBank.d293.s0|132-141|ranitidine|drug
DDI-DrugBank.d293.s0|179-190|lansoprazole|drug
DDI-DrugBank.d293.s0|193-202|omeprazole|drug
DDI-DrugBank.d443.s0|19-25|Aspirin|brand
DDI-DrugBank.d443.s1|0-6|Alcohol|brand
DDI-DrugBank.d443.s2|0-14|Corticosteroids|group
DDI-DrugBank.d443.s4|38-44|Aspirin|brand
DDI-DrugBank.d443.s6|0-12|Phenobarbital|drug
DDI-DrugBank.d443.s7|0-8|Phenytoin|drug
DDI-DrugBank.d443.s7|11-15|Serum|group
DDI-DrugBank.d443.s8|0-10|Propranolol|drug
DDI-DrugBank.d443.s9|0-7|Antacids|group
DDI-DrugBank.d443.s9|25-31|Aspirin|brand
DDI-DrugBank.d149.s0|30-37|HUMORSOL|brand
DDI-MedLine.d184.s0|0-10|Amphetamine|drug
DDI-MedLine.d184.s1|71-78|dopamine|drug
DDI-MedLine.d184.s2|88-98|amphetamine|drug
DDI-MedLine.d184.s3|90-90|P|brand
DDI-MedLine.d184.s3|97-99|P11|brand
DDI-MedLine.d184.s4|49-59|amphetamine|drug
DDI-MedLine.d184.s4|103-105|P35|brand
DDI-MedLine.d184.s4|110-112|P47|brand
DDI-MedLine.d184.s5|55-65|amphetamine|drug
DDI-MedLine.d184.s5|144-154|amphetamine|drug
DDI-MedLine.d184.s6|40-50|amphetamine|drug
DDI-MedLine.d184.s7|84-89|P32-39|brand
DDI-MedLine.d184.s7|97-107|amphetamine|drug
DDI-MedLine.d184.s7|178-180|P40|brand
DDI-MedLine.d184.s8|148-158|amphetamine|drug
DDI-MedLine.d184.s8|203-213|amphetamine|drug
DDI-MedLine.d184.s9|10-10|D|brand
DDI-MedLine.d184.s9|92-102|amphetamine|drug
DDI-MedLine.d14.s0|1-1|A|brand
DDI-MedLine.d14.s1|113-121|histamine|drug
DDI-DrugBank.d356.s2|0-6|Lithium|brand
DDI-DrugBank.d356.s5|16-22|MIDAMOR|brand
DDI-DrugBank.d356.s6|62-68|MIDAMOR|brand
DDI-DrugBank.d585.s0|135-135|I|brand
DDI-DrugBank.d585.s0|144-152|quinidine|drug
DDI-DrugBank.d585.s0|234-236|MAO|brand
DDI-DrugBank.d585.s0|277-286|meperidine|drug
DDI-DrugBank.d558.s0|34-37|None|brand
DDI-DrugBank.d558.s1|23-32|Cimetidine|drug
DDI-DrugBank.d558.s1|54-63|cimetidine|drug
DDI-DrugBank.d558.s2|0-9|Cimetidine|drug
DDI-DrugBank.d558.s2|21-23|BID|brand
DDI-DrugBank.d558.s2|76-82|TIKOSYN|brand
DDI-DrugBank.d558.s2|93-95|BID|brand
DDI-DrugBank.d558.s3|0-9|Cimetidine|drug
DDI-DrugBank.d558.s3|30-32|BID|brand
DDI-DrugBank.d558.s3|35-37|OTC|brand
DDI-DrugBank.d558.s4|56-65|cimetidine|drug
DDI-DrugBank.d558.s5|22-28|TIKOSYN|brand
DDI-DrugBank.d558.s5|75-84|omeprazole|drug
DDI-DrugBank.d558.s5|87-96|ranitidine|drug
DDI-DrugBank.d558.s5|174-183|cimetidine|drug
DDI-DrugBank.d558.s5|251-257|TIKOSYN|brand
DDI-DrugBank.d558.s6|0-8|Verapamil|drug
DDI-DrugBank.d558.s7|21-27|TIKOSYN|brand
DDI-DrugBank.d558.s8|54-60|DIAMOND|brand
DDI-DrugBank.d558.s9|0-11|Ketoconazole|drug
DDI-DrugBank.d558.s9|33-44|ketoconazole|drug
DDI-DrugBank.d558.s10|0-11|Ketoconazole|drug
DDI-DrugBank.d558.s10|91-97|TIKOSYN|brand
DDI-DrugBank.d558.s10|108-110|BID|brand
DDI-DrugBank.d558.s10|207-209|AUC|brand
DDI-DrugBank.d558.s11|0-11|Trimethoprim|drug
DDI-DrugBank.d558.s11|42-57|Sulfamethoxazole|drug
DDI-DrugBank.d558.s11|121-136|sulfamethoxazole|drug
DDI-DrugBank.d558.s12|0-18|Hydrochlorothiazide|drug
DDI-DrugBank.d558.s12|21-24|HCTZ|brand
DDI-DrugBank.d558.s12|56-66|Triamterene|drug
DDI-DrugBank.d558.s12|88-91|HCTZ|brand
DDI-DrugBank.d558.s13|0-3|HCTZ|brand
DDI-DrugBank.d558.s13|11-12|QD|brand
DDI-DrugBank.d558.s13|44-45|QD|brand
DDI-DrugBank.d558.s13|72-78|TIKOSYN|brand
DDI-DrugBank.d558.s13|89-91|BID|brand
DDI-DrugBank.d558.s14|22-25|HCTZ|brand
DDI-DrugBank.d558.s14|45-47|AUC|brand
DDI-DrugBank.d558.s18|7-13|DIAMOND|brand
DDI-DrugBank.d558.s18|55-61|TIKOSYN|brand
DDI-DrugBank.d558.s19|104-110|DIAMOND|brand
DDI-DrugBank.d558.s19|136-142|TIKOSYN|brand
DDI-DrugBank.d558.s19|213-214|CI|brand
DDI-DrugBank.d558.s20|28-37|Dofetilide|drug
DDI-DrugBank.d558.s21|64-70|TIKOSYN|brand
DDI-DrugBank.d558.s23|0-9|Dofetilide|drug
DDI-DrugBank.d558.s23|51-56|CYP3A4|brand
DDI-DrugBank.d558.s23|86-89|P450|brand
DDI-DrugBank.d558.s24|18-23|CYP3A4|brand
DDI-DrugBank.d558.s25|59-63|azole|drug
DDI-DrugBank.d558.s25|279-285|TIKOSYN|brand
DDI-DrugBank.d558.s26|0-9|Dofetilide|drug
DDI-DrugBank.d558.s26|34-39|CYP3A4|brand
DDI-DrugBank.d558.s26|65-68|P450|brand
DDI-DrugBank.d558.s26|88-93|CYP2C9|brand
DDI-DrugBank.d558.s26|96-101|CYP2D6|brand
DDI-DrugBank.d558.s26|167-172|CYP3A4|brand
DDI-DrugBank.d558.s27|35-41|Digoxin|drug
DDI-DrugBank.d558.s27|90-96|TIKOSYN|brand
DDI-DrugBank.d558.s29|60-66|TIKOSYN|brand
DDI-DrugBank.d558.s32|70-79|ranitidine|drug
DDI-DrugBank.d558.s32|82-91|omeprazole|drug
DDI-DrugBank.d558.s32|287-293|TIKOSYN|brand
DDI-DrugBank.d558.s33|59-65|TIKOSYN|brand
DDI-DrugBank.d558.s34|121-127|examine|drug
DDI-DrugBank.d558.s35|40-42|ACE|brand
DDI-DrugBank.d558.s35|150-155|CYP3A4|brand
DDI-DrugBank.d558.s35|187-192|CYP3A4|brand
DDI-MedLine.d189.s0|11-13|CYP|brand
DDI-MedLine.d189.s0|39-39|I|brand
DDI-MedLine.d189.s1|200-200|I|brand
DDI-MedLine.d189.s1|232-235|P450|brand
DDI-MedLine.d189.s1|238-240|CYP|brand
DDI-MedLine.d189.s2|64-65|LC|brand
DDI-MedLine.d189.s2|67-68|MS|brand
DDI-MedLine.d189.s3|79-81|CYP|brand
DDI-MedLine.d189.s3|94-113|1-aminobenzotriazole|drug
DDI-MedLine.d189.s3|116-118|ABT|brand
DDI-MedLine.d189.s4|36-36|I|brand
DDI-MedLine.d189.s5|179-179|I|brand
DDI-MedLine.d189.s6|10-10|I|brand
DDI-MedLine.d189.s7|0-2|ABT|brand
DDI-MedLine.d189.s7|40-40|I|brand
DDI-MedLine.d189.s8|24-26|CYP|brand
DDI-MedLine.d189.s8|77-77|I|brand
DDI-MedLine.d189.s8|172-174|2A6|brand
DDI-MedLine.d189.s8|177-179|2C9|brand
DDI-MedLine.d189.s8|192-194|2E1|brand
DDI-MedLine.d189.s9|39-41|CYP|brand
DDI-MedLine.d189.s9|71-73|ABT|brand
DDI-MedLine.d189.s9|114-125|ketoconazole|drug
DDI-MedLine.d189.s10|0-10|Furafylline|drug
DDI-MedLine.d189.s10|16-29|sulfaphenazole|drug
DDI-MedLine.d189.s10|52-60|quinidine|drug
DDI-MedLine.d189.s10|92-92|I|brand
DDI-MedLine.d189.s11|113-113|I|brand
DDI-MedLine.d189.s11|175-175|I|brand
DDI-MedLine.d189.s12|80-82|CYP|brand
DDI-DrugBank.d623.s1|0-16|Aminoglutethimide|drug
DDI-DrugBank.d623.s1|127-129|MPA|brand
DDI-DrugBank.d623.s4|64-65|LH|brand
DDI-DrugBank.d623.s4|68-70|FSH|brand
DDI-DrugBank.d623.s5|4-7|SHBG|brand
DDI-DrugBank.d623.s8|4-22|Sulfobromophthalein|drug
DDI-DrugBank.d121.s1|53-55|AUC|brand
DDI-DrugBank.d576.s0|0-10|Salicylates|group
DDI-DrugBank.d576.s1|0-6|ASPIRIN|brand
DDI-DrugBank.d576.s1|8-10|AND|brand
DDI-DrugBank.d576.s1|12-16|OTHER|brand
DDI-DrugBank.d576.s1|18-27|SALICYLATE|brand
DDI-DrugBank.d576.s1|29-33|DRUGS|brand
DDI-DrugBank.d576.s1|35-38|WILL|brand
DDI-DrugBank.d576.s1|40-41|BE|brand
DDI-DrugBank.d576.s1|43-50|ADDITIVE|brand
DDI-DrugBank.d576.s1|52-53|TO|brand
DDI-DrugBank.d576.s1|55-62|DISALCID|brand
DDI-DrugBank.d576.s1|64-66|AND|brand
DDI-DrugBank.d576.s1|68-70|MAY|brand
DDI-DrugBank.d576.s1|72-79|INCREASE|brand
DDI-DrugBank.d576.s1|81-86|PLASMA|brand
DDI-DrugBank.d576.s1|88-101|CONCENTRATIONS|brand
DDI-DrugBank.d576.s1|103-104|OF|brand
DDI-DrugBank.d576.s1|106-114|SALICYLIC|brand
DDI-DrugBank.d576.s1|116-119|ACID|brand
DDI-DrugBank.d576.s1|121-122|TO|brand
DDI-DrugBank.d576.s1|124-128|TOXIC|brand
DDI-DrugBank.d576.s1|130-135|LEVELS|brand
DDI-DrugBank.d576.s4|0-10|Salicylates|group
DDI-DrugBank.d576.s5|0-10|Salicylates|group
DDI-DrugBank.d576.s7|153-154|T4|brand
DDI-DrugBank.d123.s3|0-8|Glyburide|drug
DDI-DrugBank.d123.s4|0-8|Histamine|drug
DDI-DrugBank.d123.s4|35-43|Histamine|drug
DDI-DrugBank.d123.s5|0-11|Methotrexate|drug
DDI-DrugBank.d123.s8|203-207|VIDEX|brand
DDI-DrugBank.d123.s9|8-9|XR|brand
DDI-DrugBank.d123.s12|0-9|Omeprazole|drug
DDI-DrugBank.d123.s12|94-95|XR|brand
DDI-DrugBank.d123.s12|129-130|XR|brand
DDI-DrugBank.d123.s12|156-165|omeprazole|drug
DDI-DrugBank.d123.s13|0-9|Omeprazole|drug
DDI-DrugBank.d123.s13|51-52|XR|brand
DDI-DrugBank.d123.s14|0-8|Phenytoin|drug
DDI-DrugBank.d123.s15|0-9|Probenecid|drug
DDI-DrugBank.d123.s15|12-21|Probenecid|drug
DDI-DrugBank.d123.s16|0-11|Theophylline|drug
DDI-DrugBank.d123.s19|0-7|Warfarin|drug
DDI-DrugBank.d123.s19|10-19|Quinolones|group
DDI-DrugBank.d415.s0|14-27|Anticoagulants|group
DDI-DrugBank.d415.s2|0-6|Aspirin|brand
DDI-DrugBank.d415.s5|0-11|Methotrexate|drug
DDI-DrugBank.d415.s5|14-22|Ibuprofen|drug
DDI-DrugBank.d415.s8|0-2|H-2|brand
DDI-DrugBank.d415.s8|72-81|cimetidine|drug
DDI-DrugBank.d415.s8|86-95|ranitidine|drug
DDI-DrugBank.d415.s9|0-9|Furosemide|drug
DDI-DrugBank.d415.s12|0-6|Lithium|brand
DDI-DrugBank.d415.s12|9-17|Ibuprofen|drug
DDI-DrugBank.d378.s0|106-113|MAXIPIME|brand
DDI-DrugBank.d732.s0|0-5|CHEMET|brand
DDI-DrugBank.d732.s2|30-35|CHEMET|brand
DDI-DrugBank.d732.s2|82-85|EDTA|brand
DDI-DrugBank.d732.s3|35-42|Succimer|drug
DDI-DrugBank.d732.s4|197-199|CPK|brand
DDI-DrugBank.d480.s0|19-27|Clozapine|drug
DDI-DrugBank.d480.s1|55-63|Clozapine|drug
DDI-DrugBank.d480.s3|11-19|Clozapine|drug
DDI-DrugBank.d480.s4|18-20|CNS|brand
DDI-DrugBank.d480.s4|33-41|Clozapine|drug
DDI-DrugBank.d480.s7|86-94|Clozapine|drug
DDI-DrugBank.d480.s8|74-82|Clozapine|drug
DDI-DrugBank.d480.s9|0-8|Clozapine|drug
DDI-DrugBank.d480.s11|38-46|Clozapine|drug
DDI-DrugBank.d480.s11|72-74|CYP|brand
DDI-DrugBank.d480.s11|104-106|1A2|brand
DDI-DrugBank.d480.s11|109-111|2D6|brand
DDI-DrugBank.d480.s11|118-120|3A4|brand
DDI-DrugBank.d480.s14|63-66|P450|brand
DDI-DrugBank.d480.s15|0-8|Phenytoin|drug
DDI-DrugBank.d480.s15|47-55|Clozapine|drug
DDI-DrugBank.d480.s15|139-147|Clozapine|drug
DDI-DrugBank.d480.s16|80-83|P450|brand
DDI-DrugBank.d480.s17|0-9|Cimetidine|drug
DDI-DrugBank.d480.s17|26-37|erythromycin|drug
DDI-DrugBank.d480.s17|69-77|Clozapine|drug
DDI-DrugBank.d480.s18|28-36|Clozapine|drug
DDI-DrugBank.d480.s18|189-197|Clozapine|drug
DDI-DrugBank.d480.s19|91-101|fluvoxamine|drug
DDI-DrugBank.d480.s20|160-170|fluvoxamine|drug
DDI-DrugBank.d480.s21|0-9|Paroxetine|drug
DDI-DrugBank.d480.s23|115-123|Clozapine|drug
DDI-DrugBank.d480.s23|173-183|fluvoxamine|drug
DDI-DrugBank.d480.s24|0-0|A|brand
DDI-DrugBank.d480.s24|10-18|Clozapine|drug
DDI-DrugBank.d480.s25|0-0|A|brand
DDI-DrugBank.d480.s25|117-120|P450|brand
DDI-DrugBank.d480.s25|130-133|P450|brand
DDI-DrugBank.d480.s25|135-137|2D6|brand
DDI-DrugBank.d480.s29|72-75|P450|brand
DDI-DrugBank.d480.s29|77-79|2D6|brand
DDI-DrugBank.d480.s30|164-165|1C|brand
DDI-DrugBank.d480.s30|265-273|quinidine|drug
DDI-DrugBank.d703.s0|59-68|MEPERIDINE|brand
DDI-DrugBank.d703.s0|70-75|SHOULD|brand
DDI-DrugBank.d703.s0|77-78|BE|brand
DDI-DrugBank.d703.s0|80-83|USED|brand
DDI-DrugBank.d703.s0|85-88|WITH|brand
DDI-DrugBank.d703.s0|90-94|GREAT|brand
DDI-DrugBank.d703.s0|96-102|CAUTION|brand
DDI-DrugBank.d703.s0|104-106|AND|brand
DDI-DrugBank.d703.s0|108-109|IN|brand
DDI-DrugBank.d703.s0|111-117|REDUCED|brand
DDI-DrugBank.d703.s0|119-124|DOSAGE|brand
DDI-DrugBank.d703.s0|126-127|IN|brand
DDI-DrugBank.d703.s0|129-136|PATIENTS|brand
DDI-DrugBank.d703.s0|138-140|WHO|brand
DDI-DrugBank.d703.s0|142-144|ARE|brand
DDI-DrugBank.d703.s0|146-157|CONCURRENTLY|brand
DDI-DrugBank.d703.s0|159-167|RECEIVING|brand
DDI-DrugBank.d703.s0|169-173|OTHER|brand
DDI-DrugBank.d703.s0|175-182|NARCOTIC|brand
DDI-DrugBank.d703.s0|184-193|ANALGESICS|brand
DDI-DrugBank.d703.s0|196-202|GENERAL|brand
DDI-DrugBank.d703.s0|204-214|ANESTHETICS|brand
DDI-DrugBank.d703.s0|217-230|PHENOTHIAZINES|brand
DDI-DrugBank.d703.s0|233-237|OTHER|brand
DDI-DrugBank.d703.s0|239-251|TRANQUILIZERS|brand
DDI-DrugBank.d703.s0|254-271|SEDATIVE-HYPNOTICS|brand
DDI-DrugBank.d703.s0|274-282|INCLUDING|brand
DDI-DrugBank.d703.s0|284-295|BARBITURATES|brand
DDI-DrugBank.d703.s0|299-307|TRICYCLIC|brand
DDI-DrugBank.d703.s0|309-323|ANTIDEPRESSANTS|brand
DDI-DrugBank.d703.s0|325-327|AND|brand
DDI-DrugBank.d703.s0|329-333|OTHER|brand
DDI-DrugBank.d703.s0|335-337|CNS|brand
DDI-DrugBank.d703.s0|339-349|DEPRESSANTS|brand
DDI-DrugBank.d703.s0|352-360|INCLUDING|brand
DDI-DrugBank.d703.s0|362-368|ALCOHOL|brand
DDI-DrugBank.d703.s1|0-10|RESPIRATORY|brand
DDI-DrugBank.d703.s1|12-21|DEPRESSION|brand
DDI-DrugBank.d703.s1|24-34|HYPOTENSION|brand
DDI-DrugBank.d703.s1|37-39|AND|brand
DDI-DrugBank.d703.s1|41-48|PROFOUND|brand
DDI-DrugBank.d703.s1|50-57|SEDATION|brand
DDI-DrugBank.d703.s1|59-60|OR|brand
DDI-DrugBank.d703.s1|62-65|COMA|brand
DDI-DrugBank.d703.s1|67-69|MAY|brand
DDI-DrugBank.d703.s1|71-76|RESULT|brand
DDI-DrugBank.d229.s2|0-12|Isoproterenol|brand
DDI-DrugBank.d527.s0|0-0|A|brand
DDI-DrugBank.d527.s1|157-159|ACE|brand
DDI-DrugBank.d527.s1|209-211|MAO|brand
DDI-DrugBank.d527.s3|15-23|clonidine|drug
DDI-DrugBank.d527.s4|0-10|Pentamidine|drug
DDI-DrugBank.d527.s5|92-100|clonidine|drug
DDI-DrugBank.d527.s5|103-114|guanethidine|drug
DDI-MedLine.d103.s0|0-8|Magnesium|drug
DDI-MedLine.d103.s6|148-149|B6|brand
DDI-MedLine.d103.s6|183-183|D|brand
DDI-MedLine.d103.s12|0-8|Magnesium|drug
DDI-DrugBank.d469.s0|61-68|TRACRIUM|brand
DDI-DrugBank.d469.s7|61-68|TRACRIUM|brand
DDI-DrugBank.d469.s7|218-226|quinidine|drug
DDI-DrugBank.d469.s9|160-167|TRACRIUM|brand
DDI-DrugBank.d469.s10|0-7|TRACRIUM|brand
DDI-MedLine.d115.s1|0-9|BACKGROUND|brand
DDI-MedLine.d115.s1|111-115|HAART|brand
DDI-MedLine.d115.s1|182-184|HIV|brand
DDI-MedLine.d115.s2|44-48|HAART|brand
DDI-MedLine.d115.s2|135-141|HIV-NHL|brand
DDI-MedLine.d115.s2|210-216|HIV-NHL|brand
DDI-MedLine.d115.s2|304-307|CHOP|brand
DDI-MedLine.d115.s2|336-340|HAART|brand
DDI-MedLine.d115.s2|392-395|CHOP|brand
DDI-MedLine.d115.s2|520-528|bleomycin|drug
DDI-MedLine.d115.s3|0-6|METHODS|brand
DDI-MedLine.d115.s4|0-4|HAART|brand
DDI-MedLine.d115.s6|0-6|RESULTS|brand
DDI-MedLine.d115.s6|89-91|NHL|drug
DDI-MedLine.d115.s6|110-112|HIV|brand
DDI-MedLine.d115.s8|48-53|Health|brand
DDI-MedLine.d115.s8|133-142|CHOP-HAART|brand
DDI-MedLine.d115.s8|184-187|CHOP|brand
DDI-MedLine.d115.s8|222-222|P|brand
DDI-MedLine.d115.s9|118-127|CHOP-HAART|brand
DDI-MedLine.d115.s9|189-189|P|brand
DDI-MedLine.d115.s10|21-30|CHOP-HAART|brand
DDI-MedLine.d115.s10|103-106|CHOP|brand
DDI-MedLine.d115.s10|142-142|P|brand
DDI-MedLine.d115.s11|54-55|OI|brand
DDI-MedLine.d115.s11|110-119|CHOP-HAART|brand
DDI-MedLine.d115.s11|142-145|CHOP|brand
DDI-MedLine.d115.s11|184-184|P|brand
DDI-MedLine.d115.s11|225-225|P|brand
DDI-MedLine.d115.s12|24-33|CHOP-HAART|brand
DDI-MedLine.d115.s12|92-95|CHOP|brand
DDI-MedLine.d115.s12|120-120|P|brand
DDI-MedLine.d115.s13|0-10|CONCLUSIONS|brand
DDI-MedLine.d115.s13|32-35|CHOP|brand
DDI-MedLine.d115.s13|42-46|HAART|brand
DDI-MedLine.d115.s13|101-107|HIV-NHL|brand
DDI-MedLine.d115.s15|45-49|HAART|brand
DDI-DrugBank.d352.s3|76-87|guanethidine|drug
DDI-DrugBank.d743.s0|0-11|Ketoconazole|drug
DDI-DrugBank.d743.s0|82-93|ketoconazole|drug
DDI-DrugBank.d743.s0|145-146|QT|brand
DDI-DrugBank.d743.s2|35-46|ketoconazole|drug
DDI-DrugBank.d743.s3|99-100|QT|brand
DDI-DrugBank.d743.s4|30-41|ketoconazole|drug
DDI-DrugBank.d743.s5|0-11|Itraconazole|drug
DDI-DrugBank.d743.s5|134-145|itraconazole|drug
DDI-DrugBank.d743.s5|169-180|itraconazole|drug
DDI-DrugBank.d743.s7|30-41|itraconazole|drug
DDI-DrugBank.d743.s8|80-90|fluconazole|drug
DDI-DrugBank.d743.s8|93-105|metronidazole|drug
DDI-DrugBank.d743.s8|112-121|miconazole|drug
DDI-DrugBank.d743.s8|127-138|ketoconazole|drug
DDI-DrugBank.d743.s8|145-156|itraconazole|drug
DDI-DrugBank.d743.s9|0-9|Macrolides|group
DDI-DrugBank.d743.s9|60-71|erythromycin|drug
DDI-DrugBank.d743.s9|77-90|clarithromycin|drug
DDI-DrugBank.d743.s9|185-196|ketoconazole|drug
DDI-DrugBank.d743.s10|9-20|erythromycin|drug
DDI-DrugBank.d743.s11|0-0|A|brand
DDI-DrugBank.d743.s11|30-31|QT|brand
DDI-DrugBank.d743.s11|155-166|erythromycin|drug
DDI-DrugBank.d743.s11|171-184|troleandomycin|drug
DDI-DrugBank.d743.s12|47-60|clarithromycin|drug
DDI-DrugBank.d743.s12|63-74|erythromycin|drug
DDI-DrugBank.d743.s12|80-93|troleandomycin|drug
DDI-DrugBank.d743.s12|258-269|azithromycin|drug
DDI-DrugBank.d743.s13|63-74|azithromycin|drug
DDI-DrugBank.d603.s0|37-46|ProAmatine|brand
DDI-DrugBank.d603.s0|111-113|A.V|brand
DDI-DrugBank.d603.s2|109-127|phenylpropanolamine|drug
DDI-DrugBank.d603.s2|132-148|dihydroergotamine|drug
DDI-DrugBank.d603.s2|200-209|ProAmatine|brand
DDI-DrugBank.d603.s2|254-263|ProAmatine|brand
DDI-DrugBank.d603.s3|0-9|ProAmatine|brand
DDI-DrugBank.d603.s5|0-9|ProAmatine|brand
DDI-DrugBank.d603.s5|120-129|ProAmatine|brand
DDI-DrugBank.d603.s5|426-435|cimetidine|drug
DDI-DrugBank.d603.s5|438-447|ranitidine|drug
DDI-DrugBank.d603.s5|493-501|quinidine|drug
DDI-DrugBank.d411.s2|0-12|Levothyroxine|drug
DDI-DrugBank.d411.s2|14-19|Sodium|group
DDI-DrugBank.d411.s2|163-176|cholestyramine|drug
DDI-DrugBank.d411.s3|11-15|Serum|group
DDI-DrugBank.d411.s3|17-24|Proteins|group
DDI-DrugBank.d411.s3|281-294|5-fluorouracil|drug
DDI-DrugBank.d411.s4|0-6|Thyroid|brand
DDI-DrugBank.d411.s4|70-72|TSH|brand
DDI-DrugBank.d411.s4|213-215|TSH|brand
DDI-DrugBank.d411.s4|472-479|dopamine|drug
DDI-DrugBank.d411.s4|485-492|dopamine|drug
DDI-DrugBank.d411.s6|0-9|Amiodarone|drug
DDI-DrugBank.d411.s6|12-21|Amiodarone|drug
DDI-DrugBank.d411.s7|0-13|Anticoagulants|group
DDI-DrugBank.d411.s8|21-27|Insulin|drug
DDI-DrugBank.d411.s8|30-42|Sulfonylureas|group
DDI-DrugBank.d411.s10|0-8|Cytokines|group
DDI-DrugBank.d411.s10|37-45|Cytokines|group
DDI-DrugBank.d411.s11|10-19|Glycosides|group
DDI-DrugBank.d411.s11|22-32|Therapeutic|brand
DDI-DrugBank.d411.s12|0-4|Serum|group
DDI-DrugBank.d411.s13|0-7|Ketamine|drug
DDI-DrugBank.d411.s13|140-147|ketamine|drug
DDI-DrugBank.d411.s14|0-10|Maprotiline|drug
DDI-DrugBank.d411.s15|0-5|Sodium|group
DDI-DrugBank.d411.s15|7-12|Iodide|drug
DDI-DrugBank.d411.s15|15-18|123I|brand
DDI-DrugBank.d411.s15|24-27|131I|brand
DDI-DrugBank.d411.s15|31-36|Sodium|group
DDI-DrugBank.d411.s18|0-11|Theophylline|drug
DDI-DrugBank.d411.s18|14-25|Theophylline|drug
DDI-DrugBank.d411.s19|130-142|catecholamine|drug
DDI-DrugBank.d84.s0|34-39|Exjade|brand
DDI-DrugBank.d84.s1|70-75|Exjade|brand
DDI-DrugBank.d84.s2|23-28|Exjade|brand
DDI-DrugBank.d84.s3|25-30|Exjade|brand
DDI-DrugBank.d84.s4|34-39|Exjade|brand
DDI-DrugBank.d84.s4|53-53|C|brand
DDI-DrugBank.d84.s5|17-17|C|brand
DDI-DrugBank.d84.s6|19-24|Exjade|brand
DDI-DrugBank.d84.s8|0-5|Exjade|brand
DDI-DrugBank.d84.s9|44-46|AUC|brand
DDI-DrugBank.d84.s10|0-10|Deferasirox|drug
DDI-DrugBank.d84.s11|0-5|Exjade|brand
DDI-DrugBank.d488.s0|38-44|Heparin|drug
DDI-DrugBank.d488.s0|75-81|Heparin|drug
DDI-DrugBank.d488.s3|90-92|III|brand
DDI-DrugBank.d488.s3|143-145|III|brand
DDI-DrugBank.d488.s4|109-111|III|brand
DDI-DrugBank.d488.s6|17-23|Heparin|drug
DDI-DrugBank.d488.s7|0-6|Heparin|drug
DDI-DrugBank.d488.s7|8-13|Sodium|group
DDI-DrugBank.d488.s8|106-109|SGOT|brand
DDI-DrugBank.d488.s8|112-116|S-AST|brand
DDI-DrugBank.d488.s8|123-126|SGPT|brand
DDI-DrugBank.d488.s8|129-133|S-ALT|brand
DDI-DrugBank.d511.s0|0-0|A|brand
DDI-DrugBank.d511.s0|31-38|FOSCAVIR|brand
DDI-DrugBank.d511.s0|56-66|pentamidine|drug
DDI-DrugBank.d511.s1|66-73|FOSCAVIR|brand
DDI-DrugBank.d511.s1|91-101|pentamidine|drug
DDI-DrugBank.d511.s3|56-66|pentamidine|drug
DDI-DrugBank.d511.s4|69-76|FOSCAVIR|brand
DDI-DrugBank.d511.s4|184-184|B|brand
DDI-DrugBank.d511.s4|202-212|pentamidine|drug
DDI-DrugBank.d511.s5|6-13|FOSCAVIR|brand
DDI-DrugBank.d511.s6|0-10|Ganciclovir|drug
DDI-DrugBank.d511.s6|180-182|CMV|brand
DDI-DrugBank.d130.s0|0-9|Lincomycin|drug
DDI-DrugBank.d130.s2|19-28|lincomycin|drug
DDI-DrugBank.d130.s2|34-45|erythromycin|drug
DDI-DrugBank.d279.s0|23-31|CAMPTOSAR|brand
DDI-DrugBank.d279.s1|149-157|CAMPTOSAR|brand
DDI-DrugBank.d279.s2|33-41|CAMPTOSAR|brand
DDI-DrugBank.d279.s3|56-64|CAMPTOSAR|brand
DDI-DrugBank.d279.s5|59-67|CAMPTOSAR|brand
DDI-DrugBank.d279.s6|142-150|CAMPTOSAR|brand
DDI-DrugBank.d279.s8|168-176|CAMPTOSAR|brand
DDI-DrugBank.d279.s10|59-67|CAMPTOSAR|brand
DDI-DrugBank.d279.s11|94-102|CAMPTOSAR|brand
DDI-DrugBank.d279.s11|169-177|CAMPTOSAR|brand
DDI-DrugBank.d279.s12|74-82|CAMPTOSAR|brand
DDI-DrugBank.d51.s0|0-7|ATROVENT|brand
DDI-DrugBank.d51.s1|105-112|ATROVENT|brand
DDI-DrugBank.d51.s3|56-63|ATROVENT|brand
DDI-DrugBank.d66.s0|42-52|L-glutamine|drug
DDI-DrugBank.d66.s1|0-10|L-glutamine|drug
DDI-DrugBank.d66.s2|0-11|Indomethacin|drug
DDI-DrugBank.d66.s2|34-44|L-glutamine|drug
DDI-DrugBank.d66.s3|27-37|L-glutamine|drug
DDI-DrugBank.d66.s5|0-11|Methotrexate|drug
DDI-DrugBank.d66.s5|109-119|L-glutamine|drug
DDI-DrugBank.d66.s6|150-160|L-glutamine|drug
DDI-DrugBank.d66.s7|0-9|Paclitaxel|drug
DDI-DrugBank.d66.s7|28-38|L-glutamine|drug
DDI-MedLine.d85.s0|0-11|Misonidazole|drug
DDI-MedLine.d85.s0|80-83|CCNU|brand
DDI-MedLine.d85.s1|24-27|CCNU|brand
DDI-MedLine.d85.s1|184-187|CCNU|brand
DDI-MedLine.d85.s1|246-257|misonidazole|drug
DDI-MedLine.d85.s2|19-21|KHT|brand
DDI-MedLine.d85.s3|0-2|AUC|brand
DDI-MedLine.d85.s6|51-54|CCNU|brand
DDI-MedLine.d85.s7|0-11|Misonidazole|drug
DDI-MedLine.d85.s7|53-56|CCNU|brand
DDI-MedLine.d85.s7|85-87|DMF|brand
DDI-MedLine.d85.s8|55-57|DMF|brand
DDI-MedLine.d85.s9|0-11|Misonidazole|drug
DDI-MedLine.d85.s9|42-45|CCNU|brand
DDI-MedLine.d85.s11|0-11|Misonidazole|drug
DDI-MedLine.d85.s12|12-14|AUC|brand
DDI-MedLine.d85.s12|100-102|MEC|brand
DDI-MedLine.d85.s13|36-38|AUC|brand
DDI-MedLine.d85.s13|83-85|MEC|brand
DDI-MedLine.d85.s14|98-101|CCNU|brand
DDI-MedLine.d85.s14|119-130|misonidazole|drug
DDI-DrugBank.d136.s0|0-6|Alcohol|brand
DDI-DrugBank.d136.s0|44-53|cimetidine|drug
DDI-MedLine.d49.s0|15-25|clindamycin|drug
DDI-MedLine.d49.s1|41-51|clindamycin|drug
DDI-MedLine.d49.s2|191-201|clindamycin|drug
DDI-MedLine.d49.s3|0-9|Gentamicin|drug
DDI-MedLine.d49.s3|50-60|clindamycin|drug
DDI-MedLine.d49.s6|16-26|clindamycin|drug
DDI-MedLine.d49.s7|155-165|clindamycin|drug
DDI-MedLine.d49.s8|16-26|clindamycin|drug
DDI-DrugBank.d71.s0|0-9|Lamivudine|drug
DDI-DrugBank.d71.s3|95-101|TMP/SMX|brand
DDI-DrugBank.d71.s5|0-9|Lamivudine|drug
DDI-DrugBank.d716.s0|45-53|monoamine|drug
DDI-DrugBank.d716.s0|74-77|MAOI|brand
DDI-DrugBank.d716.s0|103-109|Marplan|brand
DDI-DrugBank.d716.s0|130-136|Parnate|brand
DDI-DrugBank.d716.s0|155-160|Nardil|brand
DDI-DrugBank.d716.s2|0-7|Mazindol|drug
DDI-DrugBank.d716.s2|35-46|guanethidine|drug
DDI-DrugBank.d716.s2|49-55|Ismelin|brand
DDI-DrugBank.d716.s4|35-46|guanethidine|drug
DDI-DrugBank.d716.s5|116-121|Elavil|brand
DDI-DrugBank.d716.s5|155-162|Sinequan|brand
DDI-DrugBank.d716.s5|181-187|Pamelor|brand
DDI-DrugBank.d716.s5|191-200|imipramine|drug
DDI-DrugBank.d716.s5|203-210|Tofranil|brand
DDI-DrugBank.d716.s5|214-225|clomipramine|drug
DDI-DrugBank.d716.s5|228-236|Anafranil|brand
DDI-DrugBank.d716.s5|255-262|Vivactil|brand
DDI-DrugBank.d716.s5|269-279|desipramine|drug
DDI-DrugBank.d716.s5|282-290|Norpramin|brand
DDI-DrugBank.d46.s1|2-8|Alcohol|brand
DDI-DrugBank.d46.s7|2-15|Cholestyramine|drug
DDI-DrugBank.d46.s7|40-53|Cholestytamine|drug
DDI-DrugBank.d46.s9|2-16|Corticosteroids|group
DDI-DrugBank.d46.s9|19-22|ACTH|brand
DDI-DrugBank.d46.s15|2-8|Lithium|brand
DDI-DrugBank.d46.s22|37-45|Thiazides|group
DDI-DrugBank.d70.s0|0-10|Fulvestrant|drug
DDI-DrugBank.d70.s0|30-32|CYP|brand
DDI-DrugBank.d70.s0|34-36|3A4|brand
DDI-DrugBank.d70.s1|41-43|CYP|brand
DDI-DrugBank.d70.s1|45-47|3A4|brand
DDI-DrugBank.d70.s2|56-56|A|brand
DDI-DrugBank.d70.s3|135-141|AUC0-30|brand
DDI-DrugBank.d70.s6|0-10|Fulvestrant|drug
DDI-DrugBank.d70.s7|154-156|BSA|brand
DDI-DrugBank.d70.s8|175-177|BSA|brand
DDI-DrugBank.d70.s9|170-172|BSA|brand
DDI-DrugBank.d70.s13|94-100|AUC0-30|brand
DDI-DrugBank.d70.s14|29-29|D|brand
DDI-DrugBank.d70.s15|53-54|IM|brand
DDI-DrugBank.d70.s16|86-88|BSA|brand
DDI-DrugBank.d70.s17|0-10|Fulvestrant|drug
DDI-DrugBank.d70.s17|120-121|IM|brand
DDI-DrugBank.d70.s18|24-26|BSA|brand
DDI-DrugBank.d70.s18|143-144|IM|brand
DDI-DrugBank.d70.s18|192-194|BSA|brand
DDI-DrugBank.d70.s19|77-78|IM|brand
DDI-DrugBank.d70.s19|105-107|BSA|brand
DDI-DrugBank.d70.s20|78-80|BSA|brand
DDI-DrugBank.d70.s21|0-10|Fulvestrant|drug
DDI-DrugBank.d70.s21|178-179|IM|brand
DDI-DrugBank.d70.s22|27-29|BSA|brand
DDI-DrugBank.d70.s24|16-26|Fulvestrant|drug
DDI-DrugBank.d70.s27|111-118|FASLODEX|brand
DDI-DrugBank.d70.s28|41-48|FASLODEX|brand
DDI-DrugBank.d70.s29|216-223|FASLODEX|brand
DDI-DrugBank.d552.s0|0-7|Nabilone|drug
DDI-DrugBank.d552.s0|100-102|CNS|brand
DDI-DrugBank.d552.s1|0-7|Nabilone|drug
DDI-DrugBank.d552.s1|44-46|CNS|brand
DDI-DrugBank.d407.s0|89-95|Campath|brand
DDI-DrugBank.d407.s1|22-28|Campath|brand
DDI-DrugBank.d158.s0|145-155|amphetamine|drug
DDI-DrugBank.d158.s3|27-38|Amphetamines|group
DDI-DrugBank.d158.s4|0-12|d-amphetamine|drug
DDI-DrugBank.d158.s4|19-29|desipramine|drug
DDI-DrugBank.d158.s4|141-153|d-amphetamine|drug
DDI-DrugBank.d158.s6|0-2|MAO|brand
DDI-DrugBank.d158.s6|15-18|MAOI|brand
DDI-DrugBank.d158.s6|83-93|amphetamine|drug
DDI-DrugBank.d158.s9|0-0|A|brand
DDI-DrugBank.d158.s10|16-27|Amphetamines|group
DDI-DrugBank.d158.s11|19-30|Amphetamines|group
DDI-DrugBank.d158.s12|0-13|Chlorpromazine|drug
DDI-DrugBank.d158.s12|16-29|Chlorpromazine|drug
DDI-DrugBank.d158.s12|38-45|dopamine|drug
DDI-DrugBank.d158.s12|164-174|amphetamine|drug
DDI-DrugBank.d158.s13|0-11|Ethosuximide|drug
DDI-DrugBank.d158.s13|14-25|Amphetamines|group
DDI-DrugBank.d158.s14|0-10|Haloperidol|drug
DDI-DrugBank.d158.s14|13-23|Haloperidol|drug
DDI-DrugBank.d158.s14|32-39|dopamine|drug
DDI-DrugBank.d158.s15|0-6|Lithium|brand
DDI-DrugBank.d158.s16|0-9|Meperidine|drug
DDI-DrugBank.d158.s16|12-23|Amphetamines|group
DDI-DrugBank.d158.s16|60-69|meperidine|drug
DDI-DrugBank.d158.s17|0-10|Methenamine|drug
DDI-DrugBank.d158.s17|121-131|methenamine|drug
DDI-DrugBank.d158.s18|0-13|Norepinephrine|drug
DDI-DrugBank.d158.s18|16-27|Amphetamines|group
DDI-DrugBank.d158.s19|0-12|Phenobarbital|drug
DDI-DrugBank.d158.s19|15-26|Amphetamines|group
DDI-DrugBank.d158.s21|0-8|Phenytoin|drug
DDI-DrugBank.d158.s21|11-22|Amphetamines|group
DDI-DrugBank.d158.s23|0-11|Propoxyphene|brand
DDI-DrugBank.d158.s23|51-61|amphetamine|drug
DDI-DrugBank.d158.s23|63-65|CNS|brand
DDI-DrugBank.d158.s24|20-31|Amphetamines|group
DDI-DrugBank.d158.s25|35-46|Amphetamines|group
DDI-DrugBank.d158.s27|0-11|Amphetamines|group
DDI-DrugBank.d404.s0|25-25|D|brand
DDI-DrugBank.d404.s0|46-47|D2|brand
DDI-DrugBank.d404.s0|58-59|D3|brand
DDI-DrugBank.d404.s0|62-71|Calcitriol|drug
DDI-DrugBank.d404.s0|90-103|Cholestyramine|drug
DDI-DrugBank.d404.s0|106-119|Cholestyramine|drug
DDI-DrugBank.d404.s1|62-62|D|brand
DDI-DrugBank.d404.s2|125-125|D|brand
DDI-DrugBank.d404.s3|80-88|Rocaltrol|brand
DDI-DrugBank.d404.s4|0-8|Thiazides|group
DDI-DrugBank.d404.s4|11-19|Thiazides|group
DDI-DrugBank.d404.s5|86-86|D|brand
DDI-DrugBank.d404.s7|19-19|D|brand
DDI-DrugBank.d404.s8|0-11|Ketoconazole|drug
DDI-DrugBank.d404.s8|14-25|Ketoconazole|drug
DDI-DrugBank.d404.s8|87-87|D|brand
DDI-DrugBank.d404.s9|39-39|D|brand
DDI-DrugBank.d404.s9|133-144|ketoconazole|drug
DDI-DrugBank.d404.s10|45-56|ketoconazole|drug
DDI-DrugBank.d404.s10|71-71|D|brand
DDI-DrugBank.d404.s11|0-14|Corticosteroids|group
DDI-DrugBank.d404.s11|17-17|A|brand
DDI-DrugBank.d404.s11|80-80|D|brand
DDI-DrugBank.d404.s12|40-40|D|brand
DDI-DrugBank.d404.s13|8-8|D|brand
DDI-DrugBank.d404.s13|54-54|D|brand
DDI-DrugBank.d404.s14|0-6|Calcium|drug
DDI-DrugBank.d404.s14|8-18|Supplements|group
DDI-DrugBank.d404.s15|0-8|Magnesium|drug
DDI-DrugBank.d404.s15|148-148|D|brand
DDI-MedLine.d201.s0|21-26|CRM197|brand
DDI-MedLine.d201.s0|53-58|HB-EGF|brand
DDI-MedLine.d201.s1|65-69|T-ALL|brand
DDI-MedLine.d201.s3|85-90|HB-EGF|brand
DDI-MedLine.d201.s3|110-112|EGF|drug
DDI-MedLine.d201.s4|56-61|HB-EGF|brand
DDI-MedLine.d201.s4|91-95|T-ALL|brand
DDI-MedLine.d201.s4|172-177|HB-EGF|brand
DDI-MedLine.d201.s4|209-214|CRM197|brand
DDI-MedLine.d201.s5|32-37|HB-EGF|brand
DDI-MedLine.d201.s5|42-46|T-ALL|brand
DDI-MedLine.d201.s5|88-93|CRM197|brand
DDI-MedLine.d201.s6|18-21|EGFR|brand
DDI-MedLine.d201.s6|27-30|EGFR|brand
DDI-MedLine.d201.s6|74-79|RT-PCR|brand
DDI-MedLine.d201.s6|108-110|PCR|brand
DDI-MedLine.d201.s7|39-43|TUNEL|brand
DDI-MedLine.d201.s8|0-5|HB-EGF|brand
DDI-MedLine.d201.s8|33-37|T-ALL|brand
DDI-MedLine.d201.s8|78-83|HB-EGF|brand
DDI-MedLine.d201.s8|89-92|EGFR|brand
DDI-MedLine.d201.s9|0-5|CRM197|brand
DDI-MedLine.d201.s9|62-67|CRM197|brand
DDI-MedLine.d201.s9|113-117|T-ALL|brand
DDI-MedLine.d201.s10|27-32|HB-EGF|brand
DDI-MedLine.d201.s10|72-76|T-ALL|brand
DDI-DrugBank.d119.s2|0-9|Probenecid|drug
DDI-DrugBank.d119.s3|0-8|Diazoxide|drug
DDI-DrugBank.d119.s4|0-9|Zimelidine|drug
DDI-DrugBank.d119.s6|0-12|Aminophylline|drug
DDI-DrugBank.d119.s6|18-26|Etomidate|drug
DDI-DrugBank.d119.s7|0-8|Midazolam|drug
DDI-DrugBank.d774.s0|0-9|Trilostane|drug
DDI-DrugBank.d258.s0|0-9|Loratadine|drug
DDI-DrugBank.d258.s0|80-91|erythromycin|drug
DDI-DrugBank.d258.s0|94-103|cimetidine|drug
DDI-DrugBank.d258.s0|110-121|ketoconazole|drug
DDI-DrugBank.d258.s1|42-44|AUC|brand
DDI-DrugBank.d258.s3|39-48|cimetidine|drug
DDI-DrugBank.d258.s3|53-64|ketoconazole|drug
DDI-DrugBank.d258.s4|23-25|AUC|brand
DDI-DrugBank.d258.s4|40-51|erythromycin|drug
DDI-DrugBank.d258.s4|134-145|erythromycin|drug
DDI-DrugBank.d258.s6|39-43|TABLE|brand
DDI-DrugBank.d258.s7|0-4|TABLE|brand
DDI-DrugBank.d258.s7|42-44|AUC|brand
DDI-DrugBank.d258.s7|59-68|Loratadine|drug
DDI-DrugBank.d258.s7|134-143|Loratadine|drug
DDI-DrugBank.d258.s8|0-9|Loratadine|drug
DDI-DrugBank.d258.s9|0-11|Erythromycin|drug
DDI-DrugBank.d258.s10|0-9|Cimetidine|drug
DDI-DrugBank.d258.s11|0-11|Ketoconazole|drug
DDI-DrugBank.d29.s0|0-11|Esomeprazole|drug
DDI-DrugBank.d29.s0|56-62|CYP2C19|brand
DDI-DrugBank.d29.s0|68-73|CYP3A4|brand
DDI-DrugBank.d29.s1|45-56|esomeprazole|drug
DDI-DrugBank.d29.s1|88-90|1A2|brand
DDI-DrugBank.d29.s1|93-95|2A6|brand
DDI-DrugBank.d29.s1|98-100|2C9|brand
DDI-DrugBank.d29.s1|103-105|2D6|brand
DDI-DrugBank.d29.s1|108-110|2E1|brand
DDI-DrugBank.d29.s1|116-118|3A4|brand
DDI-DrugBank.d29.s2|68-70|CYP|brand
DDI-DrugBank.d29.s3|41-52|esomeprazole|drug
DDI-DrugBank.d29.s3|134-142|quinidine|drug
DDI-DrugBank.d29.s3|145-158|clarithromycin|drug
DDI-DrugBank.d29.s4|120-131|esomeprazole|drug
DDI-DrugBank.d29.s5|13-15|INR|brand
DDI-DrugBank.d29.s6|114-116|INR|brand
DDI-DrugBank.d29.s7|0-11|Esomeprazole|drug
DDI-DrugBank.d29.s7|44-50|CYP2C19|brand
DDI-DrugBank.d29.s7|63-74|esomeprazole|drug
DDI-DrugBank.d29.s8|20-31|esomeprazole|drug
DDI-DrugBank.d29.s8|55-61|CYP2C19|brand
DDI-DrugBank.d29.s11|0-11|Esomeprazole|drug
DDI-DrugBank.d29.s12|11-22|esomeprazole|drug
DDI-DrugBank.d29.s12|136-147|ketoconazole|drug
DDI-DrugBank.d29.s13|65-73|quinidine|drug
DDI-DrugBank.d29.s13|129-140|esomeprazole|drug
DDI-DrugBank.d29.s14|30-43|clarithromycin|drug
DDI-DrugBank.d204.s0|112-122|Anesthetics|group
DDI-DrugBank.d526.s1|13-13|B|brand
DDI-DrugBank.d526.s12|0-6|Aspirin|brand
DDI-DrugBank.d526.s17|0-11|Barbiturates|group
DDI-DrugBank.d526.s19|32-35|C-17|brand
DDI-DrugBank.d526.s21|0-7|Vaccines|group
DDI-DrugBank.d526.s25|34-48|Corticosteroids|group
DDI-DrugBank.d628.s0|35-42|DIPRIVAN|brand
DDI-DrugBank.d628.s0|183-192|meperidine|drug
DDI-DrugBank.d628.s2|64-71|DIPRIVAN|brand
DDI-DrugBank.d628.s3|58-65|DIPRIVAN|brand
DDI-DrugBank.d628.s4|127-134|DIPRIVAN|brand
DDI-DrugBank.d628.s5|119-126|DIPRIVAN|brand
DDI-DrugBank.d628.s6|0-7|DIPRIVAN|brand
DDI-DrugBank.d434.s1|67-74|Felbatol|brand
DDI-DrugBank.d434.s2|75-77|AED|brand
DDI-DrugBank.d434.s2|79-81|AED|brand
DDI-DrugBank.d434.s2|83-90|Felbatol|brand
DDI-DrugBank.d434.s4|0-8|Phenytoin|drug
DDI-DrugBank.d434.s6|0-12|Carbamazepine|drug
DDI-DrugBank.d434.s6|15-17|CBZ|brand
DDI-DrugBank.d434.s7|1-3|CBZ|brand
DDI-DrugBank.d434.s8|0-12|Phenobarbital|drug
DDI-DrugBank.d434.s11|20-27|Felbatol|brand
DDI-DrugBank.d434.s11|59-67|Phenytoin|drug
DDI-DrugBank.d434.s11|70-77|Felbatol|brand
DDI-DrugBank.d434.s16|91-98|Felbatol|brand
DDI-DrugBank.d434.s16|167-174|Felbatol|brand
DDI-DrugBank.d434.s17|0-12|Carbamazepine|drug
DDI-DrugBank.d434.s17|15-22|Felbatol|brand
DDI-DrugBank.d434.s20|0-12|Carbamazepine|drug
DDI-DrugBank.d434.s22|11-18|Felbatol|brand
DDI-DrugBank.d434.s26|127-134|Felbatol|brand
DDI-DrugBank.d434.s27|163-170|Felbatol|brand
DDI-DrugBank.d434.s28|0-12|Phenobarbital|drug
DDI-DrugBank.d434.s30|40-47|Felbatol|brand
DDI-DrugBank.d434.s30|50-58|Phenytoin|drug
DDI-DrugBank.d434.s30|61-69|Phenytoin|drug
DDI-DrugBank.d434.s30|122-129|Felbatol|brand
DDI-DrugBank.d434.s30|282-289|Felbatol|brand
DDI-DrugBank.d434.s30|324-331|Felbatol|brand
DDI-DrugBank.d434.s31|0-12|Carbamazepine|drug
DDI-DrugBank.d434.s31|15-27|Carbamazepine|drug
DDI-DrugBank.d434.s31|84-91|Felbatol|brand
DDI-DrugBank.d434.s31|240-247|Felbatol|brand
DDI-DrugBank.d434.s31|282-289|Felbatol|brand
DDI-DrugBank.d434.s32|103-110|Felbatol|brand
DDI-DrugBank.d434.s32|225-232|Felbatol|brand
DDI-DrugBank.d434.s33|0-12|Phenobarbital|drug
DDI-DrugBank.d434.s35|11-18|Antacids|group
DDI-DrugBank.d434.s35|23-30|Felbatol|brand
DDI-DrugBank.d434.s35|88-95|Felbatol|brand
DDI-DrugBank.d434.s36|11-22|Erythromycin|drug
DDI-DrugBank.d434.s36|27-34|Felbatol|brand
DDI-DrugBank.d434.s36|61-72|erythromycin|drug
DDI-DrugBank.d434.s36|160-162|AUC|brand
DDI-DrugBank.d434.s37|11-18|Felbatol|brand
DDI-DrugBank.d434.s37|65-65|A|brand
DDI-DrugBank.d434.s38|0-8|Felbamate|drug
DDI-DrugBank.d434.s38|64-66|AUC|brand
DDI-DrugBank.d693.s5|0-9|REFERENCES|brand
DDI-DrugBank.d693.s5|18-18|M|brand
DDI-DrugBank.d392.s0|26-33|Panretin|brand
DDI-DrugBank.d392.s0|89-92|DEET|drug
DDI-DrugBank.d392.s0|95-95|N|brand
DDI-DrugBank.d392.s1|43-46|DEET|drug
DDI-DrugBank.d392.s1|62-65|DEET|drug
DDI-DrugBank.d392.s2|190-194|azole|drug
DDI-DrugBank.d392.s2|223-230|Panretin|brand
DDI-DrugBank.d392.s3|72-79|Panretin|brand
DDI-DrugBank.d412.s4|0-9|Cimetidine|drug
DDI-DrugBank.d412.s9|0-8|Labetalol|drug
DDI-DrugBank.d412.s11|0-3|Care|brand
DDI-DrugBank.d412.s15|209-209|J|brand
DDI-DrugBank.d412.s16|0-8|Labetalol|drug
DDI-DrugBank.d412.s16|74-84|amphetamine|drug
DDI-DrugBank.d412.s16|189-189|A|brand
DDI-DrugBank.d412.s17|74-84|amphetamine|drug
DDI-MedLine.d195.s1|0-7|Piperine|drug
DDI-MedLine.d195.s1|10-12|CAS|brand
DDI-MedLine.d195.s1|67-67|P|brand
DDI-MedLine.d195.s2|49-51|CYP|brand
DDI-MedLine.d195.s5|0-8|Ibuprofen|drug
DDI-DrugBank.d700.s0|0-7|Antacids|group
DDI-DrugBank.d700.s0|41-48|Myfortic|brand
DDI-DrugBank.d700.s0|199-201|AUC|brand
DDI-DrugBank.d700.s0|219-221|MPA|brand
DDI-DrugBank.d700.s0|271-278|Myfortic|brand
DDI-DrugBank.d700.s1|23-30|Myfortic|brand
DDI-DrugBank.d700.s2|0-11|Cyclosporine|drug
DDI-DrugBank.d700.s2|78-80|USP|brand
DDI-DrugBank.d700.s2|83-90|MODIFIED|brand
DDI-DrugBank.d700.s2|152-159|Myfortic|brand
DDI-DrugBank.d700.s3|41-48|Myfortic|brand
DDI-DrugBank.d700.s5|31-34|MPAG|brand
DDI-DrugBank.d700.s6|136-143|Myfortic|brand
DDI-DrugBank.d700.s7|0-13|Cholestyramine|drug
DDI-DrugBank.d700.s7|40-44|Acids|group
DDI-DrugBank.d700.s7|108-110|MPA|brand
DDI-DrugBank.d700.s8|29-36|Myfortic|brand
DDI-DrugBank.d700.s8|43-56|cholestyramine|drug
DDI-DrugBank.d700.s8|275-282|Myfortic|brand
DDI-DrugBank.d700.s9|55-62|Myfortic|brand
DDI-DrugBank.d700.s10|64-66|AUC|brand
DDI-DrugBank.d700.s11|80-87|Myfortic|brand
DDI-DrugBank.d700.s12|5-12|Vaccines|group
DDI-DrugBank.d700.s12|37-44|Myfortic|brand
DDI-DrugBank.d700.s15|62-69|Myfortic|brand
DDI-DrugBank.d700.s16|16-19|MPAG|brand
DDI-DrugBank.d700.s16|49-51|MPA|brand
DDI-DrugBank.d217.s5|0-9|Quinolones|group
DDI-DrugBank.d217.s10|121-131|Norfloxacin|drug
DDI-DrugBank.d217.s11|0-12|Multivitamins|brand
DDI-DrugBank.d217.s12|0-4|Videx|brand
DDI-DrugBank.d217.s12|7-16|Didanosine|drug
DDI-DrugBank.d758.s0|4-6|CNS|brand
DDI-DrugBank.d758.s0|89-91|CNS|brand
DDI-DrugBank.d276.s0|0-7|Antacids|group
DDI-DrugBank.d578.s5|14-27|troleandomycin|drug
DDI-DrugBank.d578.s5|33-44|ketoconazole|drug
DDI-DrugBank.d578.s7|0-17|Methylprednisolone|drug
DDI-DrugBank.d578.s9|0-6|Aspirin|brand
DDI-DrugBank.d751.s0|0-8|AGGRASTAT|brand
DDI-DrugBank.d751.s1|11-19|AGGRASTAT|brand
DDI-DrugBank.d634.s0|0-13|Anticoagulants|group
DDI-DrugBank.d634.s0|119-129|methimazole|drug
DDI-DrugBank.d634.s2|0-0|A|brand
DDI-DrugBank.d634.s3|22-26|Serum|group
DDI-DrugBank.d634.s5|0-11|Theophylline|drug
DDI-DrugBank.d634.s5|14-25|Theophylline|drug
DDI-DrugBank.d747.s0|0-11|Tetracycline|drug
DDI-DrugBank.d189.s0|29-32|Date|drug
DDI-DrugBank.d189.s0|34-45|Levosimendan|drug
DDI-DrugBank.d189.s0|220-231|itraconazole|drug
DDI-MedLine.d34.s4|0-5|Cobalt|drug
DDI-MedLine.d34.s12|193-200|ABSTRACT|brand
DDI-MedLine.d34.s12|202-210|TRUNCATED|brand
DDI-MedLine.d34.s12|212-213|AT|brand
DDI-MedLine.d34.s12|219-223|WORDS|brand
DDI-DrugBank.d285.s1|0-0|A|brand
DDI-DrugBank.d721.s0|23-28|SKELID|brand
DDI-DrugBank.d721.s0|76-81|SKELID|brand
DDI-DrugBank.d721.s0|210-215|SKELID|brand
DDI-DrugBank.d721.s1|0-6|Aspirin|brand
DDI-DrugBank.d721.s1|40-45|SKELID|brand
DDI-DrugBank.d721.s1|85-90|SKELID|brand
DDI-DrugBank.d721.s2|23-28|SKELID|brand
DDI-DrugBank.d721.s3|76-81|SKELID|brand
DDI-DrugBank.d161.s1|43-48|Gemzar|brand
DDI-DrugBank.d161.s1|108-115|CLINICAL|brand
DDI-DrugBank.d161.s1|117-128|PHARMACOLOGY|brand
DDI-DrugBank.d89.s0|11-14|P450|brand
DDI-DrugBank.d89.s0|16-18|1A2|brand
DDI-DrugBank.d89.s0|21-26|CYP1A2|brand
DDI-DrugBank.d89.s1|85-90|CYP1A2|brand
DDI-DrugBank.d89.s1|101-106|CYP1A2|brand
DDI-DrugBank.d89.s1|119-124|CYP1A2|brand
DDI-DrugBank.d89.s3|154-163|cimetidine|drug
DDI-DrugBank.d89.s3|169-180|ketoconazole|drug
DDI-DrugBank.d89.s4|0-7|Caffeine|drug
DDI-DrugBank.d487.s2|14-27|troleandomycin|drug
DDI-DrugBank.d487.s2|33-44|ketoconazole|drug
DDI-DrugBank.d487.s4|0-14|Corticosteroids|group
DDI-DrugBank.d487.s6|0-6|Aspirin|brand
DDI-MedLine.d143.s3|19-28|omeprazole|drug
DDI-MedLine.d143.s3|82-84|AUC|brand
DDI-MedLine.d143.s3|203-212|omeprazole|drug
DDI-MedLine.d143.s3|217-223|CYP2C19|brand
DDI-MedLine.d143.s3|239-242|P450|brand
DDI-MedLine.d143.s3|245-247|CYP|brand
DDI-MedLine.d143.s4|0-11|Pantoprazole|drug
DDI-MedLine.d143.s6|70-76|CYP2C19|brand
DDI-MedLine.d143.s6|89-98|omeprazole|drug
DDI-MedLine.d143.s6|104-115|esomeprazole|drug
DDI-DrugBank.d710.s0|0-9|Cimetidine|drug
DDI-DrugBank.d710.s0|35-44|cimetidine|drug
DDI-DrugBank.d710.s1|95-104|Cimetidine|drug
DDI-DrugBank.d710.s1|331-340|cimetidine|drug
DDI-DrugBank.d710.s2|0-12|Acetaminophen|drug
DDI-DrugBank.d710.s2|15-25|Rimantadine|drug
DDI-DrugBank.d710.s3|11-23|acetaminophen|drug
DDI-DrugBank.d710.s5|22-34|acetaminophen|drug
DDI-DrugBank.d710.s5|71-73|AUC|brand
DDI-DrugBank.d710.s6|0-6|Aspirin|brand
DDI-DrugBank.d710.s6|9-19|Rimantadine|drug
DDI-DrugBank.d710.s9|31-33|AUC|brand
DDI-DrugBank.d602.s0|42-48|NEXAVAR|brand
DDI-DrugBank.d602.s0|118-123|UGT1A1|brand
DDI-DrugBank.d602.s1|27-33|NEXAVAR|brand
DDI-DrugBank.d602.s1|69-71|AUC|brand
DDI-DrugBank.d602.s2|59-65|NEXAVAR|brand
DDI-DrugBank.d602.s3|0-8|Sorafenib|drug
DDI-DrugBank.d602.s3|19-24|CYP2B6|brand
DDI-DrugBank.d602.s3|30-35|CYP2C8|brand
DDI-DrugBank.d602.s3|75-75|M|brand
DDI-DrugBank.d602.s4|35-40|CYP2B6|brand
DDI-DrugBank.d602.s4|46-51|CYP2C8|brand
DDI-DrugBank.d602.s4|103-109|NEXAVAR|brand
DDI-DrugBank.d602.s5|56-61|CYP2B6|brand
DDI-DrugBank.d602.s5|67-72|CYP2C8|brand
DDI-DrugBank.d602.s5|79-85|NEXAVAR|brand
DDI-DrugBank.d361.s0|172-182|Floxuridine|drug
DDI-DrugBank.d665.s0|63-74|erythromycin|drug
