DDI-DrugBank.d419.s5|DDI-DrugBank.d419.s5.e0|DDI-DrugBank.d419.s5.e2|mechanism
DDI-DrugBank.d419.s5|DDI-DrugBank.d419.s5.e1|DDI-DrugBank.d419.s5.e2|mechanism
DDI-MedLine.d125.s6|DDI-MedLine.d125.s6.e0|DDI-MedLine.d125.s6.e1|effect
DDI-MedLine.d125.s6|DDI-MedLine.d125.s6.e0|DDI-MedLine.d125.s6.e2|effect
DDI-DrugBank.d187.s7|DDI-DrugBank.d187.s7.e1|DDI-DrugBank.d187.s7.e3|mechanism
DDI-DrugBank.d187.s7|DDI-DrugBank.d187.s7.e2|DDI-DrugBank.d187.s7.e3|mechanism
DDI-DrugBank.d187.s9|DDI-DrugBank.d187.s9.e0|DDI-DrugBank.d187.s9.e2|mechanism
DDI-DrugBank.d187.s9|DDI-DrugBank.d187.s9.e1|DDI-DrugBank.d187.s9.e2|mechanism
DDI-DrugBank.d289.s21|DDI-DrugBank.d289.s21.e0|DDI-DrugBank.d289.s21.e1|mechanism
DDI-DrugBank.d289.s27|DDI-DrugBank.d289.s27.e0|DDI-DrugBank.d289.s27.e1|mechanism
DDI-DrugBank.d283.s13|DDI-DrugBank.d283.s13.e0|DDI-DrugBank.d283.s13.e3|mechanism
DDI-DrugBank.d283.s13|DDI-DrugBank.d283.s13.e1|DDI-DrugBank.d283.s13.e3|mechanism
DDI-DrugBank.d283.s13|DDI-DrugBank.d283.s13.e2|DDI-DrugBank.d283.s13.e3|mechanism
DDI-DrugBank.d562.s8|DDI-DrugBank.d562.s8.e0|DDI-DrugBank.d562.s8.e2|mechanism
DDI-DrugBank.d562.s8|DDI-DrugBank.d562.s8.e0|DDI-DrugBank.d562.s8.e3|mechanism
DDI-DrugBank.d562.s8|DDI-DrugBank.d562.s8.e1|DDI-DrugBank.d562.s8.e2|mechanism
DDI-DrugBank.d562.s8|DDI-DrugBank.d562.s8.e1|DDI-DrugBank.d562.s8.e3|mechanism
DDI-DrugBank.d13.s0|DDI-DrugBank.d13.s0.e0|DDI-DrugBank.d13.s0.e1|int
DDI-DrugBank.d13.s0|DDI-DrugBank.d13.s0.e0|DDI-DrugBank.d13.s0.e2|int
DDI-DrugBank.d13.s0|DDI-DrugBank.d13.s0.e0|DDI-DrugBank.d13.s0.e3|int
DDI-DrugBank.d334.s7|DDI-DrugBank.d334.s7.e0|DDI-DrugBank.d334.s7.e1|mechanism
DDI-DrugBank.d334.s7|DDI-DrugBank.d334.s7.e0|DDI-DrugBank.d334.s7.e2|mechanism
DDI-DrugBank.d559.s1|DDI-DrugBank.d559.s1.e0|DDI-DrugBank.d559.s1.e3|mechanism
DDI-DrugBank.d559.s1|DDI-DrugBank.d559.s1.e0|DDI-DrugBank.d559.s1.e4|mechanism
DDI-DrugBank.d559.s1|DDI-DrugBank.d559.s1.e0|DDI-DrugBank.d559.s1.e5|mechanism
DDI-DrugBank.d559.s1|DDI-DrugBank.d559.s1.e0|DDI-DrugBank.d559.s1.e6|mechanism
DDI-DrugBank.d559.s1|DDI-DrugBank.d559.s1.e0|DDI-DrugBank.d559.s1.e7|mechanism
DDI-DrugBank.d559.s1|DDI-DrugBank.d559.s1.e1|DDI-DrugBank.d559.s1.e3|mechanism
DDI-DrugBank.d559.s1|DDI-DrugBank.d559.s1.e1|DDI-DrugBank.d559.s1.e4|mechanism
DDI-DrugBank.d559.s1|DDI-DrugBank.d559.s1.e1|DDI-DrugBank.d559.s1.e5|mechanism
DDI-DrugBank.d559.s1|DDI-DrugBank.d559.s1.e1|DDI-DrugBank.d559.s1.e6|mechanism
DDI-DrugBank.d559.s1|DDI-DrugBank.d559.s1.e1|DDI-DrugBank.d559.s1.e7|mechanism
DDI-DrugBank.d559.s1|DDI-DrugBank.d559.s1.e2|DDI-DrugBank.d559.s1.e3|mechanism
DDI-DrugBank.d559.s1|DDI-DrugBank.d559.s1.e2|DDI-DrugBank.d559.s1.e4|mechanism
DDI-DrugBank.d559.s1|DDI-DrugBank.d559.s1.e2|DDI-DrugBank.d559.s1.e5|mechanism
DDI-DrugBank.d559.s1|DDI-DrugBank.d559.s1.e2|DDI-DrugBank.d559.s1.e6|mechanism
DDI-DrugBank.d559.s1|DDI-DrugBank.d559.s1.e2|DDI-DrugBank.d559.s1.e7|mechanism
DDI-DrugBank.d324.s22|DDI-DrugBank.d324.s22.e0|DDI-DrugBank.d324.s22.e1|mechanism
DDI-DrugBank.d314.s0|DDI-DrugBank.d314.s0.e0|DDI-DrugBank.d314.s0.e2|mechanism
DDI-DrugBank.d314.s0|DDI-DrugBank.d314.s0.e1|DDI-DrugBank.d314.s0.e2|mechanism
DDI-DrugBank.d314.s8|DDI-DrugBank.d314.s8.e0|DDI-DrugBank.d314.s8.e2|mechanism
DDI-DrugBank.d314.s8|DDI-DrugBank.d314.s8.e1|DDI-DrugBank.d314.s8.e2|mechanism
DDI-DrugBank.d314.s10|DDI-DrugBank.d314.s10.e0|DDI-DrugBank.d314.s10.e2|mechanism
DDI-DrugBank.d314.s10|DDI-DrugBank.d314.s10.e1|DDI-DrugBank.d314.s10.e2|mechanism
DDI-DrugBank.d314.s16|DDI-DrugBank.d314.s16.e0|DDI-DrugBank.d314.s16.e2|mechanism
DDI-DrugBank.d314.s16|DDI-DrugBank.d314.s16.e1|DDI-DrugBank.d314.s16.e2|mechanism
DDI-DrugBank.d314.s16|DDI-DrugBank.d314.s16.e1|DDI-DrugBank.d314.s16.e3|mechanism
DDI-DrugBank.d314.s17|DDI-DrugBank.d314.s17.e0|DDI-DrugBank.d314.s17.e3|mechanism
DDI-DrugBank.d314.s17|DDI-DrugBank.d314.s17.e1|DDI-DrugBank.d314.s17.e3|mechanism
DDI-DrugBank.d314.s17|DDI-DrugBank.d314.s17.e2|DDI-DrugBank.d314.s17.e3|mechanism
DDI-DrugBank.d314.s18|DDI-DrugBank.d314.s18.e0|DDI-DrugBank.d314.s18.e4|mechanism
DDI-DrugBank.d314.s18|DDI-DrugBank.d314.s18.e1|DDI-DrugBank.d314.s18.e4|mechanism
DDI-DrugBank.d314.s18|DDI-DrugBank.d314.s18.e2|DDI-DrugBank.d314.s18.e4|mechanism
DDI-DrugBank.d314.s18|DDI-DrugBank.d314.s18.e3|DDI-DrugBank.d314.s18.e4|mechanism
DDI-DrugBank.d314.s18|DDI-DrugBank.d314.s18.e3|DDI-DrugBank.d314.s18.e5|mechanism
DDI-DrugBank.d314.s22|DDI-DrugBank.d314.s22.e0|DDI-DrugBank.d314.s22.e2|mechanism
DDI-DrugBank.d314.s22|DDI-DrugBank.d314.s22.e1|DDI-DrugBank.d314.s22.e2|mechanism
DDI-DrugBank.d314.s31|DDI-DrugBank.d314.s31.e0|DDI-DrugBank.d314.s31.e1|effect
DDI-DrugBank.d615.s0|DDI-DrugBank.d615.s0.e0|DDI-DrugBank.d615.s0.e1|mechanism
DDI-DrugBank.d615.s0|DDI-DrugBank.d615.s0.e0|DDI-DrugBank.d615.s0.e2|mechanism
DDI-DrugBank.d615.s0|DDI-DrugBank.d615.s0.e0|DDI-DrugBank.d615.s0.e3|mechanism
DDI-DrugBank.d615.s0|DDI-DrugBank.d615.s0.e0|DDI-DrugBank.d615.s0.e4|mechanism
DDI-DrugBank.d615.s0|DDI-DrugBank.d615.s0.e0|DDI-DrugBank.d615.s0.e5|mechanism
DDI-DrugBank.d615.s0|DDI-DrugBank.d615.s0.e0|DDI-DrugBank.d615.s0.e6|mechanism
DDI-DrugBank.d615.s0|DDI-DrugBank.d615.s0.e0|DDI-DrugBank.d615.s0.e7|mechanism
DDI-DrugBank.d355.s3|DDI-DrugBank.d355.s3.e0|DDI-DrugBank.d355.s3.e1|mechanism
DDI-DrugBank.d316.s6|DDI-DrugBank.d316.s6.e1|DDI-DrugBank.d316.s6.e2|mechanism
DDI-DrugBank.d316.s17|DDI-DrugBank.d316.s17.e0|DDI-DrugBank.d316.s17.e1|mechanism
DDI-DrugBank.d132.s9|DDI-DrugBank.d132.s9.e0|DDI-DrugBank.d132.s9.e2|mechanism
DDI-DrugBank.d132.s9|DDI-DrugBank.d132.s9.e1|DDI-DrugBank.d132.s9.e2|mechanism
DDI-DrugBank.d132.s17|DDI-DrugBank.d132.s17.e0|DDI-DrugBank.d132.s17.e1|mechanism
DDI-MedLine.d116.s2|DDI-MedLine.d116.s2.e0|DDI-MedLine.d116.s2.e1|mechanism
DDI-DrugBank.d205.s0|DDI-DrugBank.d205.s0.e0|DDI-DrugBank.d205.s0.e2|int
DDI-DrugBank.d205.s0|DDI-DrugBank.d205.s0.e0|DDI-DrugBank.d205.s0.e4|mechanism
DDI-DrugBank.d205.s0|DDI-DrugBank.d205.s0.e0|DDI-DrugBank.d205.s0.e5|mechanism
DDI-DrugBank.d205.s0|DDI-DrugBank.d205.s0.e1|DDI-DrugBank.d205.s0.e2|int
DDI-DrugBank.d205.s0|DDI-DrugBank.d205.s0.e3|DDI-DrugBank.d205.s0.e4|mechanism
DDI-DrugBank.d205.s0|DDI-DrugBank.d205.s0.e3|DDI-DrugBank.d205.s0.e5|mechanism
DDI-DrugBank.d205.s0|DDI-DrugBank.d205.s0.e3|DDI-DrugBank.d205.s0.e6|mechanism
DDI-DrugBank.d460.s14|DDI-DrugBank.d460.s14.e0|DDI-DrugBank.d460.s14.e5|effect
DDI-DrugBank.d460.s14|DDI-DrugBank.d460.s14.e1|DDI-DrugBank.d460.s14.e5|effect
DDI-DrugBank.d460.s14|DDI-DrugBank.d460.s14.e2|DDI-DrugBank.d460.s14.e5|effect
DDI-DrugBank.d460.s14|DDI-DrugBank.d460.s14.e3|DDI-DrugBank.d460.s14.e5|effect
DDI-DrugBank.d460.s14|DDI-DrugBank.d460.s14.e4|DDI-DrugBank.d460.s14.e5|effect
DDI-DrugBank.d460.s15|DDI-DrugBank.d460.s15.e0|DDI-DrugBank.d460.s15.e4|mechanism
DDI-DrugBank.d460.s15|DDI-DrugBank.d460.s15.e0|DDI-DrugBank.d460.s15.e5|mechanism
DDI-DrugBank.d460.s15|DDI-DrugBank.d460.s15.e1|DDI-DrugBank.d460.s15.e4|mechanism
DDI-DrugBank.d460.s15|DDI-DrugBank.d460.s15.e2|DDI-DrugBank.d460.s15.e4|mechanism
DDI-DrugBank.d460.s15|DDI-DrugBank.d460.s15.e3|DDI-DrugBank.d460.s15.e4|mechanism
DDI-DrugBank.d548.s13|DDI-DrugBank.d548.s13.e2|DDI-DrugBank.d548.s13.e5|mechanism
DDI-DrugBank.d548.s13|DDI-DrugBank.d548.s13.e3|DDI-DrugBank.d548.s13.e5|mechanism
DDI-DrugBank.d548.s13|DDI-DrugBank.d548.s13.e4|DDI-DrugBank.d548.s13.e5|mechanism
DDI-DrugBank.d438.s15|DDI-DrugBank.d438.s15.e2|DDI-DrugBank.d438.s15.e3|mechanism
DDI-DrugBank.d236.s1|DDI-DrugBank.d236.s1.e0|DDI-DrugBank.d236.s1.e3|mechanism
DDI-DrugBank.d236.s1|DDI-DrugBank.d236.s1.e1|DDI-DrugBank.d236.s1.e3|mechanism
DDI-DrugBank.d236.s7|DDI-DrugBank.d236.s7.e0|DDI-DrugBank.d236.s7.e3|mechanism
DDI-DrugBank.d236.s7|DDI-DrugBank.d236.s7.e1|DDI-DrugBank.d236.s7.e3|mechanism
DDI-DrugBank.d236.s7|DDI-DrugBank.d236.s7.e2|DDI-DrugBank.d236.s7.e3|mechanism
DDI-DrugBank.d236.s7|DDI-DrugBank.d236.s7.e2|DDI-DrugBank.d236.s7.e4|mechanism
DDI-DrugBank.d236.s22|DDI-DrugBank.d236.s22.e0|DDI-DrugBank.d236.s22.e2|mechanism
DDI-DrugBank.d236.s22|DDI-DrugBank.d236.s22.e1|DDI-DrugBank.d236.s22.e2|mechanism
DDI-DrugBank.d307.s1|DDI-DrugBank.d307.s1.e0|DDI-DrugBank.d307.s1.e1|mechanism
DDI-DrugBank.d307.s1|DDI-DrugBank.d307.s1.e0|DDI-DrugBank.d307.s1.e2|mechanism
DDI-DrugBank.d307.s38|DDI-DrugBank.d307.s38.e0|DDI-DrugBank.d307.s38.e3|mechanism
DDI-DrugBank.d222.s0|DDI-DrugBank.d222.s0.e2|DDI-DrugBank.d222.s0.e4|effect
DDI-DrugBank.d222.s0|DDI-DrugBank.d222.s0.e3|DDI-DrugBank.d222.s0.e4|effect
DDI-MedLine.d83.s15|DDI-MedLine.d83.s15.e0|DDI-MedLine.d83.s15.e1|mechanism
DDI-DrugBank.d148.s1|DDI-DrugBank.d148.s1.e0|DDI-DrugBank.d148.s1.e2|mechanism
DDI-DrugBank.d210.s0|DDI-DrugBank.d210.s0.e1|DDI-DrugBank.d210.s0.e2|mechanism
DDI-DrugBank.d210.s13|DDI-DrugBank.d210.s13.e0|DDI-DrugBank.d210.s13.e2|mechanism
DDI-DrugBank.d210.s13|DDI-DrugBank.d210.s13.e1|DDI-DrugBank.d210.s13.e2|mechanism
DDI-DrugBank.d210.s13|DDI-DrugBank.d210.s13.e1|DDI-DrugBank.d210.s13.e3|mechanism
DDI-DrugBank.d23.s0|DDI-DrugBank.d23.s0.e0|DDI-DrugBank.d23.s0.e1|mechanism
DDI-DrugBank.d775.s1|DDI-DrugBank.d775.s1.e0|DDI-DrugBank.d775.s1.e1|effect
DDI-DrugBank.d695.s0|DDI-DrugBank.d695.s0.e0|DDI-DrugBank.d695.s0.e1|mechanism
DDI-DrugBank.d83.s2|DDI-DrugBank.d83.s2.e0|DDI-DrugBank.d83.s2.e1|mechanism
DDI-DrugBank.d260.s0|DDI-DrugBank.d260.s0.e1|DDI-DrugBank.d260.s0.e2|int
DDI-DrugBank.d295.s0|DDI-DrugBank.d295.s0.e0|DDI-DrugBank.d295.s0.e2|mechanism
DDI-DrugBank.d295.s0|DDI-DrugBank.d295.s0.e1|DDI-DrugBank.d295.s0.e2|mechanism
DDI-DrugBank.d781.s10|DDI-DrugBank.d781.s10.e0|DDI-DrugBank.d781.s10.e1|mechanism
DDI-DrugBank.d313.s3|DDI-DrugBank.d313.s3.e0|DDI-DrugBank.d313.s3.e4|effect
DDI-DrugBank.d313.s3|DDI-DrugBank.d313.s3.e1|DDI-DrugBank.d313.s3.e4|effect
DDI-DrugBank.d313.s3|DDI-DrugBank.d313.s3.e2|DDI-DrugBank.d313.s3.e4|effect
DDI-DrugBank.d313.s3|DDI-DrugBank.d313.s3.e3|DDI-DrugBank.d313.s3.e4|effect
DDI-DrugBank.d96.s0|DDI-DrugBank.d96.s0.e0|DDI-DrugBank.d96.s0.e1|mechanism
DDI-DrugBank.d96.s0|DDI-DrugBank.d96.s0.e0|DDI-DrugBank.d96.s0.e2|mechanism
DDI-DrugBank.d600.s1|DDI-DrugBank.d600.s1.e0|DDI-DrugBank.d600.s1.e2|mechanism
DDI-DrugBank.d98.s0|DDI-DrugBank.d98.s0.e5|DDI-DrugBank.d98.s0.e7|mechanism
DDI-DrugBank.d98.s0|DDI-DrugBank.d98.s0.e6|DDI-DrugBank.d98.s0.e7|mechanism
DDI-DrugBank.d98.s2|DDI-DrugBank.d98.s2.e2|DDI-DrugBank.d98.s2.e5|mechanism
DDI-DrugBank.d568.s1|DDI-DrugBank.d568.s1.e0|DDI-DrugBank.d568.s1.e2|effect
DDI-DrugBank.d568.s1|DDI-DrugBank.d568.s1.e0|DDI-DrugBank.d568.s1.e3|effect
DDI-DrugBank.d568.s1|DDI-DrugBank.d568.s1.e0|DDI-DrugBank.d568.s1.e4|effect
DDI-DrugBank.d568.s1|DDI-DrugBank.d568.s1.e1|DDI-DrugBank.d568.s1.e2|effect
DDI-DrugBank.d568.s1|DDI-DrugBank.d568.s1.e1|DDI-DrugBank.d568.s1.e3|effect
DDI-DrugBank.d568.s1|DDI-DrugBank.d568.s1.e1|DDI-DrugBank.d568.s1.e4|effect
DDI-DrugBank.d568.s1|DDI-DrugBank.d568.s1.e1|DDI-DrugBank.d568.s1.e5|effect
DDI-DrugBank.d568.s12|DDI-DrugBank.d568.s12.e0|DDI-DrugBank.d568.s12.e1|mechanism
DDI-DrugBank.d568.s23|DDI-DrugBank.d568.s23.e1|DDI-DrugBank.d568.s23.e3|mechanism
DDI-DrugBank.d568.s23|DDI-DrugBank.d568.s23.e2|DDI-DrugBank.d568.s23.e3|mechanism
DDI-DrugBank.d568.s29|DDI-DrugBank.d568.s29.e0|DDI-DrugBank.d568.s29.e1|mechanism
DDI-DrugBank.d588.s4|DDI-DrugBank.d588.s4.e0|DDI-DrugBank.d588.s4.e2|mechanism
DDI-DrugBank.d588.s4|DDI-DrugBank.d588.s4.e1|DDI-DrugBank.d588.s4.e2|mechanism
DDI-DrugBank.d588.s8|DDI-DrugBank.d588.s8.e0|DDI-DrugBank.d588.s8.e2|mechanism
DDI-DrugBank.d588.s8|DDI-DrugBank.d588.s8.e0|DDI-DrugBank.d588.s8.e3|mechanism
DDI-DrugBank.d588.s10|DDI-DrugBank.d588.s10.e0|DDI-DrugBank.d588.s10.e2|mechanism
DDI-DrugBank.d588.s11|DDI-DrugBank.d588.s11.e0|DDI-DrugBank.d588.s11.e2|mechanism
DDI-DrugBank.d588.s11|DDI-DrugBank.d588.s11.e1|DDI-DrugBank.d588.s11.e2|mechanism
DDI-DrugBank.d87.s15|DDI-DrugBank.d87.s15.e0|DDI-DrugBank.d87.s15.e3|mechanism
DDI-DrugBank.d87.s15|DDI-DrugBank.d87.s15.e2|DDI-DrugBank.d87.s15.e3|mechanism
DDI-DrugBank.d87.s16|DDI-DrugBank.d87.s16.e0|DDI-DrugBank.d87.s16.e1|mechanism
DDI-DrugBank.d87.s16|DDI-DrugBank.d87.s16.e0|DDI-DrugBank.d87.s16.e2|mechanism
DDI-DrugBank.d410.s3|DDI-DrugBank.d410.s3.e0|DDI-DrugBank.d410.s3.e5|effect
DDI-DrugBank.d410.s3|DDI-DrugBank.d410.s3.e4|DDI-DrugBank.d410.s3.e5|effect
DDI-DrugBank.d410.s5|DDI-DrugBank.d410.s5.e3|DDI-DrugBank.d410.s5.e6|int
DDI-DrugBank.d410.s5|DDI-DrugBank.d410.s5.e4|DDI-DrugBank.d410.s5.e6|int
DDI-DrugBank.d21.s0|DDI-DrugBank.d21.s0.e0|DDI-DrugBank.d21.s0.e1|mechanism
DDI-DrugBank.d604.s0|DDI-DrugBank.d604.s0.e0|DDI-DrugBank.d604.s0.e1|mechanism
DDI-DrugBank.d604.s0|DDI-DrugBank.d604.s0.e0|DDI-DrugBank.d604.s0.e2|mechanism
DDI-DrugBank.d604.s0|DDI-DrugBank.d604.s0.e0|DDI-DrugBank.d604.s0.e3|mechanism
DDI-DrugBank.d604.s0|DDI-DrugBank.d604.s0.e0|DDI-DrugBank.d604.s0.e4|mechanism
DDI-DrugBank.d484.s0|DDI-DrugBank.d484.s0.e0|DDI-DrugBank.d484.s0.e1|int
DDI-DrugBank.d484.s0|DDI-DrugBank.d484.s0.e0|DDI-DrugBank.d484.s0.e2|int
DDI-DrugBank.d484.s0|DDI-DrugBank.d484.s0.e0|DDI-DrugBank.d484.s0.e3|int
DDI-DrugBank.d484.s0|DDI-DrugBank.d484.s0.e0|DDI-DrugBank.d484.s0.e4|int
DDI-DrugBank.d140.s17|DDI-DrugBank.d140.s17.e0|DDI-DrugBank.d140.s17.e1|mechanism
DDI-DrugBank.d129.s3|DDI-DrugBank.d129.s3.e0|DDI-DrugBank.d129.s3.e1|mechanism
DDI-DrugBank.d47.s2|DDI-DrugBank.d47.s2.e0|DDI-DrugBank.d47.s2.e5|mechanism
DDI-DrugBank.d47.s2|DDI-DrugBank.d47.s2.e1|DDI-DrugBank.d47.s2.e5|mechanism
DDI-DrugBank.d47.s2|DDI-DrugBank.d47.s2.e2|DDI-DrugBank.d47.s2.e5|mechanism
DDI-DrugBank.d47.s2|DDI-DrugBank.d47.s2.e3|DDI-DrugBank.d47.s2.e5|mechanism
DDI-DrugBank.d47.s2|DDI-DrugBank.d47.s2.e4|DDI-DrugBank.d47.s2.e5|mechanism
DDI-DrugBank.d47.s5|DDI-DrugBank.d47.s5.e0|DDI-DrugBank.d47.s5.e1|mechanism
DDI-DrugBank.d47.s5|DDI-DrugBank.d47.s5.e0|DDI-DrugBank.d47.s5.e2|mechanism
DDI-DrugBank.d47.s7|DDI-DrugBank.d47.s7.e0|DDI-DrugBank.d47.s7.e1|mechanism
DDI-DrugBank.d538.s1|DDI-DrugBank.d538.s1.e0|DDI-DrugBank.d538.s1.e2|int
DDI-DrugBank.d538.s1|DDI-DrugBank.d538.s1.e0|DDI-DrugBank.d538.s1.e3|int
DDI-DrugBank.d538.s1|DDI-DrugBank.d538.s1.e1|DDI-DrugBank.d538.s1.e2|int
DDI-DrugBank.d682.s0|DDI-DrugBank.d682.s0.e0|DDI-DrugBank.d682.s0.e1|mechanism
DDI-DrugBank.d682.s0|DDI-DrugBank.d682.s0.e0|DDI-DrugBank.d682.s0.e2|mechanism
DDI-DrugBank.d682.s0|DDI-DrugBank.d682.s0.e0|DDI-DrugBank.d682.s0.e3|mechanism
DDI-DrugBank.d566.s0|DDI-DrugBank.d566.s0.e0|DDI-DrugBank.d566.s0.e2|mechanism
DDI-DrugBank.d566.s0|DDI-DrugBank.d566.s0.e0|DDI-DrugBank.d566.s0.e3|mechanism
DDI-DrugBank.d566.s0|DDI-DrugBank.d566.s0.e0|DDI-DrugBank.d566.s0.e4|mechanism
DDI-DrugBank.d566.s0|DDI-DrugBank.d566.s0.e0|DDI-DrugBank.d566.s0.e5|mechanism
DDI-DrugBank.d566.s0|DDI-DrugBank.d566.s0.e0|DDI-DrugBank.d566.s0.e6|mechanism
DDI-DrugBank.d566.s0|DDI-DrugBank.d566.s0.e0|DDI-DrugBank.d566.s0.e7|mechanism
DDI-DrugBank.d566.s0|DDI-DrugBank.d566.s0.e0|DDI-DrugBank.d566.s0.e8|mechanism
DDI-DrugBank.d566.s0|DDI-DrugBank.d566.s0.e0|DDI-DrugBank.d566.s0.e9|mechanism
DDI-DrugBank.d566.s0|DDI-DrugBank.d566.s0.e0|DDI-DrugBank.d566.s0.e10|mechanism
DDI-DrugBank.d566.s0|DDI-DrugBank.d566.s0.e0|DDI-DrugBank.d566.s0.e11|mechanism
DDI-DrugBank.d566.s0|DDI-DrugBank.d566.s0.e0|DDI-DrugBank.d566.s0.e12|mechanism
DDI-DrugBank.d566.s0|DDI-DrugBank.d566.s0.e1|DDI-DrugBank.d566.s0.e2|mechanism
DDI-DrugBank.d566.s0|DDI-DrugBank.d566.s0.e1|DDI-DrugBank.d566.s0.e3|mechanism
DDI-DrugBank.d566.s0|DDI-DrugBank.d566.s0.e1|DDI-DrugBank.d566.s0.e4|mechanism
DDI-DrugBank.d566.s0|DDI-DrugBank.d566.s0.e1|DDI-DrugBank.d566.s0.e5|mechanism
DDI-DrugBank.d566.s0|DDI-DrugBank.d566.s0.e1|DDI-DrugBank.d566.s0.e6|mechanism
DDI-DrugBank.d566.s0|DDI-DrugBank.d566.s0.e1|DDI-DrugBank.d566.s0.e7|mechanism
DDI-DrugBank.d566.s0|DDI-DrugBank.d566.s0.e1|DDI-DrugBank.d566.s0.e8|mechanism
DDI-DrugBank.d566.s0|DDI-DrugBank.d566.s0.e1|DDI-DrugBank.d566.s0.e9|mechanism
DDI-DrugBank.d566.s0|DDI-DrugBank.d566.s0.e1|DDI-DrugBank.d566.s0.e10|mechanism
DDI-DrugBank.d566.s0|DDI-DrugBank.d566.s0.e1|DDI-DrugBank.d566.s0.e11|mechanism
DDI-DrugBank.d566.s0|DDI-DrugBank.d566.s0.e1|DDI-DrugBank.d566.s0.e12|mechanism
DDI-DrugBank.d566.s3|DDI-DrugBank.d566.s3.e0|DDI-DrugBank.d566.s3.e3|effect
DDI-DrugBank.d566.s3|DDI-DrugBank.d566.s3.e1|DDI-DrugBank.d566.s3.e3|effect
DDI-DrugBank.d566.s3|DDI-DrugBank.d566.s3.e2|DDI-DrugBank.d566.s3.e3|effect
DDI-DrugBank.d94.s15|DDI-DrugBank.d94.s15.e0|DDI-DrugBank.d94.s15.e2|mechanism
DDI-DrugBank.d94.s15|DDI-DrugBank.d94.s15.e1|DDI-DrugBank.d94.s15.e2|mechanism
DDI-DrugBank.d699.s0|DDI-DrugBank.d699.s0.e0|DDI-DrugBank.d699.s0.e1|int
DDI-DrugBank.d699.s0|DDI-DrugBank.d699.s0.e0|DDI-DrugBank.d699.s0.e2|int
DDI-DrugBank.d699.s0|DDI-DrugBank.d699.s0.e0|DDI-DrugBank.d699.s0.e3|int
DDI-DrugBank.d699.s0|DDI-DrugBank.d699.s0.e0|DDI-DrugBank.d699.s0.e4|int
DDI-DrugBank.d699.s0|DDI-DrugBank.d699.s0.e0|DDI-DrugBank.d699.s0.e5|int
DDI-DrugBank.d601.s0|DDI-DrugBank.d601.s0.e0|DDI-DrugBank.d601.s0.e1|mechanism
DDI-DrugBank.d601.s0|DDI-DrugBank.d601.s0.e0|DDI-DrugBank.d601.s0.e2|mechanism
DDI-DrugBank.d601.s0|DDI-DrugBank.d601.s0.e0|DDI-DrugBank.d601.s0.e3|mechanism
DDI-DrugBank.d601.s0|DDI-DrugBank.d601.s0.e0|DDI-DrugBank.d601.s0.e4|mechanism
DDI-DrugBank.d601.s0|DDI-DrugBank.d601.s0.e0|DDI-DrugBank.d601.s0.e5|mechanism
DDI-DrugBank.d601.s0|DDI-DrugBank.d601.s0.e0|DDI-DrugBank.d601.s0.e6|mechanism
DDI-DrugBank.d601.s0|DDI-DrugBank.d601.s0.e0|DDI-DrugBank.d601.s0.e7|mechanism
DDI-DrugBank.d649.s0|DDI-DrugBank.d649.s0.e0|DDI-DrugBank.d649.s0.e1|mechanism
DDI-DrugBank.d649.s0|DDI-DrugBank.d649.s0.e0|DDI-DrugBank.d649.s0.e2|mechanism
DDI-DrugBank.d649.s0|DDI-DrugBank.d649.s0.e0|DDI-DrugBank.d649.s0.e3|mechanism
DDI-DrugBank.d400.s4|DDI-DrugBank.d400.s4.e0|DDI-DrugBank.d400.s4.e2|mechanism
DDI-DrugBank.d400.s4|DDI-DrugBank.d400.s4.e1|DDI-DrugBank.d400.s4.e2|mechanism
DDI-DrugBank.d400.s6|DDI-DrugBank.d400.s6.e0|DDI-DrugBank.d400.s6.e2|mechanism
DDI-DrugBank.d400.s6|DDI-DrugBank.d400.s6.e1|DDI-DrugBank.d400.s6.e2|mechanism
DDI-DrugBank.d400.s6|DDI-DrugBank.d400.s6.e1|DDI-DrugBank.d400.s6.e3|mechanism
DDI-DrugBank.d151.s2|DDI-DrugBank.d151.s2.e0|DDI-DrugBank.d151.s2.e1|mechanism
DDI-DrugBank.d151.s3|DDI-DrugBank.d151.s3.e0|DDI-DrugBank.d151.s3.e1|mechanism
DDI-DrugBank.d458.s19|DDI-DrugBank.d458.s19.e0|DDI-DrugBank.d458.s19.e2|mechanism
DDI-DrugBank.d458.s19|DDI-DrugBank.d458.s19.e1|DDI-DrugBank.d458.s19.e2|mechanism
DDI-DrugBank.d773.s2|DDI-DrugBank.d773.s2.e0|DDI-DrugBank.d773.s2.e5|mechanism
DDI-DrugBank.d773.s2|DDI-DrugBank.d773.s2.e1|DDI-DrugBank.d773.s2.e5|mechanism
DDI-DrugBank.d505.s2|DDI-DrugBank.d505.s2.e1|DDI-DrugBank.d505.s2.e2|mechanism
DDI-DrugBank.d120.s2|DDI-DrugBank.d120.s2.e0|DDI-DrugBank.d120.s2.e2|mechanism
DDI-DrugBank.d120.s2|DDI-DrugBank.d120.s2.e0|DDI-DrugBank.d120.s2.e3|mechanism
DDI-DrugBank.d120.s2|DDI-DrugBank.d120.s2.e1|DDI-DrugBank.d120.s2.e2|mechanism
DDI-DrugBank.d120.s2|DDI-DrugBank.d120.s2.e1|DDI-DrugBank.d120.s2.e3|mechanism
DDI-DrugBank.d64.s3|DDI-DrugBank.d64.s3.e0|DDI-DrugBank.d64.s3.e1|mechanism
DDI-DrugBank.d64.s3|DDI-DrugBank.d64.s3.e0|DDI-DrugBank.d64.s3.e2|mechanism
DDI-DrugBank.d64.s88|DDI-DrugBank.d64.s88.e0|DDI-DrugBank.d64.s88.e1|effect
DDI-DrugBank.d64.s88|DDI-DrugBank.d64.s88.e0|DDI-DrugBank.d64.s88.e2|effect
DDI-DrugBank.d64.s88|DDI-DrugBank.d64.s88.e0|DDI-DrugBank.d64.s88.e3|effect
DDI-DrugBank.d427.s5|DDI-DrugBank.d427.s5.e0|DDI-DrugBank.d427.s5.e2|mechanism
DDI-DrugBank.d427.s5|DDI-DrugBank.d427.s5.e0|DDI-DrugBank.d427.s5.e3|mechanism
DDI-DrugBank.d427.s5|DDI-DrugBank.d427.s5.e1|DDI-DrugBank.d427.s5.e3|mechanism
DDI-DrugBank.d247.s8|DDI-DrugBank.d247.s8.e0|DDI-DrugBank.d247.s8.e1|mechanism
DDI-DrugBank.d350.s8|DDI-DrugBank.d350.s8.e0|DDI-DrugBank.d350.s8.e1|mechanism
DDI-DrugBank.d655.s0|DDI-DrugBank.d655.s0.e0|DDI-DrugBank.d655.s0.e1|int
DDI-DrugBank.d655.s0|DDI-DrugBank.d655.s0.e0|DDI-DrugBank.d655.s0.e2|int
DDI-DrugBank.d655.s0|DDI-DrugBank.d655.s0.e0|DDI-DrugBank.d655.s0.e3|int
DDI-DrugBank.d655.s0|DDI-DrugBank.d655.s0.e0|DDI-DrugBank.d655.s0.e4|int
DDI-DrugBank.d655.s0|DDI-DrugBank.d655.s0.e0|DDI-DrugBank.d655.s0.e5|int
DDI-DrugBank.d655.s0|DDI-DrugBank.d655.s0.e0|DDI-DrugBank.d655.s0.e6|int
DDI-DrugBank.d655.s0|DDI-DrugBank.d655.s0.e0|DDI-DrugBank.d655.s0.e7|int
DDI-DrugBank.d655.s0|DDI-DrugBank.d655.s0.e0|DDI-DrugBank.d655.s0.e8|int
DDI-DrugBank.d655.s0|DDI-DrugBank.d655.s0.e0|DDI-DrugBank.d655.s0.e9|int
DDI-DrugBank.d655.s0|DDI-DrugBank.d655.s0.e0|DDI-DrugBank.d655.s0.e10|int
DDI-DrugBank.d655.s0|DDI-DrugBank.d655.s0.e0|DDI-DrugBank.d655.s0.e11|int
DDI-DrugBank.d655.s0|DDI-DrugBank.d655.s0.e0|DDI-DrugBank.d655.s0.e12|int
DDI-DrugBank.d655.s0|DDI-DrugBank.d655.s0.e0|DDI-DrugBank.d655.s0.e13|int
DDI-DrugBank.d655.s0|DDI-DrugBank.d655.s0.e0|DDI-DrugBank.d655.s0.e14|int
DDI-DrugBank.d655.s0|DDI-DrugBank.d655.s0.e0|DDI-DrugBank.d655.s0.e15|int
DDI-DrugBank.d655.s0|DDI-DrugBank.d655.s0.e0|DDI-DrugBank.d655.s0.e16|int
DDI-DrugBank.d655.s0|DDI-DrugBank.d655.s0.e0|DDI-DrugBank.d655.s0.e17|int
DDI-DrugBank.d655.s0|DDI-DrugBank.d655.s0.e0|DDI-DrugBank.d655.s0.e18|int
DDI-DrugBank.d655.s0|DDI-DrugBank.d655.s0.e0|DDI-DrugBank.d655.s0.e19|int
DDI-DrugBank.d655.s0|DDI-DrugBank.d655.s0.e0|DDI-DrugBank.d655.s0.e20|int
DDI-DrugBank.d655.s0|DDI-DrugBank.d655.s0.e0|DDI-DrugBank.d655.s0.e21|int
DDI-DrugBank.d655.s0|DDI-DrugBank.d655.s0.e0|DDI-DrugBank.d655.s0.e22|int
DDI-DrugBank.d310.s4|DDI-DrugBank.d310.s4.e0|DDI-DrugBank.d310.s4.e1|mechanism
DDI-MedLine.d105.s1|DDI-MedLine.d105.s1.e0|DDI-MedLine.d105.s1.e1|int
DDI-MedLine.d105.s1|DDI-MedLine.d105.s1.e0|DDI-MedLine.d105.s1.e2|int
DDI-DrugBank.d541.s0|DDI-DrugBank.d541.s0.e0|DDI-DrugBank.d541.s0.e1|effect
DDI-DrugBank.d541.s0|DDI-DrugBank.d541.s0.e0|DDI-DrugBank.d541.s0.e2|effect
DDI-MedLine.d87.s1|DDI-MedLine.d87.s1.e0|DDI-MedLine.d87.s1.e2|effect
DDI-MedLine.d87.s1|DDI-MedLine.d87.s1.e1|DDI-MedLine.d87.s1.e2|effect
DDI-DrugBank.d629.s0|DDI-DrugBank.d629.s0.e0|DDI-DrugBank.d629.s0.e1|effect
DDI-DrugBank.d629.s0|DDI-DrugBank.d629.s0.e0|DDI-DrugBank.d629.s0.e2|effect
DDI-DrugBank.d437.s9|DDI-DrugBank.d437.s9.e0|DDI-DrugBank.d437.s9.e3|mechanism
DDI-DrugBank.d437.s9|DDI-DrugBank.d437.s9.e1|DDI-DrugBank.d437.s9.e3|mechanism
DDI-DrugBank.d437.s9|DDI-DrugBank.d437.s9.e2|DDI-DrugBank.d437.s9.e3|mechanism
DDI-DrugBank.d82.s13|DDI-DrugBank.d82.s13.e0|DDI-DrugBank.d82.s13.e1|mechanism
DDI-DrugBank.d82.s23|DDI-DrugBank.d82.s23.e0|DDI-DrugBank.d82.s23.e1|mechanism
DDI-DrugBank.d82.s23|DDI-DrugBank.d82.s23.e0|DDI-DrugBank.d82.s23.e2|mechanism
DDI-DrugBank.d82.s23|DDI-DrugBank.d82.s23.e0|DDI-DrugBank.d82.s23.e3|mechanism
DDI-DrugBank.d82.s35|DDI-DrugBank.d82.s35.e0|DDI-DrugBank.d82.s35.e1|mechanism
DDI-DrugBank.d82.s35|DDI-DrugBank.d82.s35.e0|DDI-DrugBank.d82.s35.e2|mechanism
DDI-DrugBank.d265.s0|DDI-DrugBank.d265.s0.e0|DDI-DrugBank.d265.s0.e1|effect
DDI-DrugBank.d265.s7|DDI-DrugBank.d265.s7.e0|DDI-DrugBank.d265.s7.e1|mechanism
DDI-DrugBank.d265.s8|DDI-DrugBank.d265.s8.e0|DDI-DrugBank.d265.s8.e1|mechanism
DDI-DrugBank.d175.s16|DDI-DrugBank.d175.s16.e0|DDI-DrugBank.d175.s16.e1|mechanism
DDI-DrugBank.d175.s20|DDI-DrugBank.d175.s20.e0|DDI-DrugBank.d175.s20.e1|mechanism
DDI-DrugBank.d387.s2|DDI-DrugBank.d387.s2.e0|DDI-DrugBank.d387.s2.e1|mechanism
DDI-DrugBank.d85.s9|DDI-DrugBank.d85.s9.e0|DDI-DrugBank.d85.s9.e2|mechanism
DDI-DrugBank.d85.s9|DDI-DrugBank.d85.s9.e0|DDI-DrugBank.d85.s9.e3|mechanism
DDI-DrugBank.d85.s9|DDI-DrugBank.d85.s9.e1|DDI-DrugBank.d85.s9.e2|mechanism
DDI-DrugBank.d85.s9|DDI-DrugBank.d85.s9.e1|DDI-DrugBank.d85.s9.e3|mechanism
DDI-DrugBank.d85.s12|DDI-DrugBank.d85.s12.e0|DDI-DrugBank.d85.s12.e3|mechanism
DDI-DrugBank.d85.s12|DDI-DrugBank.d85.s12.e0|DDI-DrugBank.d85.s12.e4|mechanism
DDI-DrugBank.d85.s12|DDI-DrugBank.d85.s12.e2|DDI-DrugBank.d85.s12.e3|mechanism
DDI-DrugBank.d85.s12|DDI-DrugBank.d85.s12.e2|DDI-DrugBank.d85.s12.e4|mechanism
DDI-DrugBank.d75.s8|DDI-DrugBank.d75.s8.e0|DDI-DrugBank.d75.s8.e1|mechanism
DDI-DrugBank.d780.s5|DDI-DrugBank.d780.s5.e0|DDI-DrugBank.d780.s5.e2|mechanism
DDI-DrugBank.d780.s5|DDI-DrugBank.d780.s5.e1|DDI-DrugBank.d780.s5.e2|mechanism
DDI-DrugBank.d780.s8|DDI-DrugBank.d780.s8.e0|DDI-DrugBank.d780.s8.e3|mechanism
DDI-DrugBank.d780.s8|DDI-DrugBank.d780.s8.e1|DDI-DrugBank.d780.s8.e3|mechanism
DDI-DrugBank.d780.s8|DDI-DrugBank.d780.s8.e2|DDI-DrugBank.d780.s8.e3|mechanism
DDI-DrugBank.d74.s1|DDI-DrugBank.d74.s1.e0|DDI-DrugBank.d74.s1.e1|mechanism
DDI-DrugBank.d653.s1|DDI-DrugBank.d653.s1.e0|DDI-DrugBank.d653.s1.e3|mechanism
DDI-DrugBank.d653.s4|DDI-DrugBank.d653.s4.e0|DDI-DrugBank.d653.s4.e1|mechanism
DDI-DrugBank.d653.s5|DDI-DrugBank.d653.s5.e0|DDI-DrugBank.d653.s5.e1|mechanism
DDI-DrugBank.d653.s5|DDI-DrugBank.d653.s5.e0|DDI-DrugBank.d653.s5.e2|mechanism
DDI-DrugBank.d150.s1|DDI-DrugBank.d150.s1.e0|DDI-DrugBank.d150.s1.e1|mechanism
DDI-DrugBank.d150.s1|DDI-DrugBank.d150.s1.e0|DDI-DrugBank.d150.s1.e2|mechanism
DDI-DrugBank.d150.s1|DDI-DrugBank.d150.s1.e0|DDI-DrugBank.d150.s1.e3|mechanism
DDI-DrugBank.d150.s3|DDI-DrugBank.d150.s3.e0|DDI-DrugBank.d150.s3.e1|mechanism
DDI-DrugBank.d536.s4|DDI-DrugBank.d536.s4.e0|DDI-DrugBank.d536.s4.e5|mechanism
DDI-DrugBank.d536.s4|DDI-DrugBank.d536.s4.e1|DDI-DrugBank.d536.s4.e5|mechanism
DDI-DrugBank.d536.s4|DDI-DrugBank.d536.s4.e2|DDI-DrugBank.d536.s4.e5|mechanism
DDI-DrugBank.d435.s2|DDI-DrugBank.d435.s2.e0|DDI-DrugBank.d435.s2.e4|mechanism
DDI-DrugBank.d435.s2|DDI-DrugBank.d435.s2.e1|DDI-DrugBank.d435.s2.e4|mechanism
DDI-DrugBank.d435.s2|DDI-DrugBank.d435.s2.e2|DDI-DrugBank.d435.s2.e4|mechanism
DDI-DrugBank.d435.s2|DDI-DrugBank.d435.s2.e3|DDI-DrugBank.d435.s2.e4|mechanism
DDI-DrugBank.d344.s0|DDI-DrugBank.d344.s0.e0|DDI-DrugBank.d344.s0.e2|mechanism
DDI-DrugBank.d344.s0|DDI-DrugBank.d344.s0.e1|DDI-DrugBank.d344.s0.e2|mechanism
DDI-DrugBank.d477.s2|DDI-DrugBank.d477.s2.e0|DDI-DrugBank.d477.s2.e1|mechanism
DDI-DrugBank.d477.s3|DDI-DrugBank.d477.s3.e0|DDI-DrugBank.d477.s3.e1|mechanism
DDI-DrugBank.d477.s5|DDI-DrugBank.d477.s5.e0|DDI-DrugBank.d477.s5.e1|mechanism
DDI-MedLine.d218.s9|DDI-MedLine.d218.s9.e0|DDI-MedLine.d218.s9.e1|int
DDI-DrugBank.d224.s8|DDI-DrugBank.d224.s8.e0|DDI-DrugBank.d224.s8.e1|mechanism
DDI-DrugBank.d224.s8|DDI-DrugBank.d224.s8.e0|DDI-DrugBank.d224.s8.e2|mechanism
DDI-DrugBank.d224.s8|DDI-DrugBank.d224.s8.e0|DDI-DrugBank.d224.s8.e3|mechanism
DDI-DrugBank.d291.s0|DDI-DrugBank.d291.s0.e2|DDI-DrugBank.d291.s0.e4|mechanism
DDI-DrugBank.d291.s0|DDI-DrugBank.d291.s0.e3|DDI-DrugBank.d291.s0.e4|mechanism
DDI-DrugBank.d448.s4|DDI-DrugBank.d448.s4.e0|DDI-DrugBank.d448.s4.e1|int
DDI-DrugBank.d62.s0|DDI-DrugBank.d62.s0.e0|DDI-DrugBank.d62.s0.e1|int
DDI-DrugBank.d62.s0|DDI-DrugBank.d62.s0.e0|DDI-DrugBank.d62.s0.e2|int
DDI-DrugBank.d62.s0|DDI-DrugBank.d62.s0.e0|DDI-DrugBank.d62.s0.e3|effect
DDI-DrugBank.d62.s0|DDI-DrugBank.d62.s0.e0|DDI-DrugBank.d62.s0.e4|effect
DDI-DrugBank.d62.s0|DDI-DrugBank.d62.s0.e1|DDI-DrugBank.d62.s0.e3|effect
DDI-DrugBank.d62.s0|DDI-DrugBank.d62.s0.e1|DDI-DrugBank.d62.s0.e4|effect
DDI-DrugBank.d62.s0|DDI-DrugBank.d62.s0.e2|DDI-DrugBank.d62.s0.e3|effect
DDI-DrugBank.d62.s0|DDI-DrugBank.d62.s0.e2|DDI-DrugBank.d62.s0.e4|effect
DDI-DrugBank.d225.s3|DDI-DrugBank.d225.s3.e0|DDI-DrugBank.d225.s3.e2|int
DDI-DrugBank.d225.s3|DDI-DrugBank.d225.s3.e0|DDI-DrugBank.d225.s3.e3|int
DDI-DrugBank.d225.s3|DDI-DrugBank.d225.s3.e1|DDI-DrugBank.d225.s3.e2|int
DDI-DrugBank.d225.s3|DDI-DrugBank.d225.s3.e1|DDI-DrugBank.d225.s3.e3|int
DDI-DrugBank.d184.s0|DDI-DrugBank.d184.s0.e0|DDI-DrugBank.d184.s0.e5|mechanism
DDI-DrugBank.d184.s0|DDI-DrugBank.d184.s0.e0|DDI-DrugBank.d184.s0.e6|mechanism
DDI-DrugBank.d184.s0|DDI-DrugBank.d184.s0.e1|DDI-DrugBank.d184.s0.e5|mechanism
DDI-DrugBank.d184.s0|DDI-DrugBank.d184.s0.e1|DDI-DrugBank.d184.s0.e6|mechanism
DDI-DrugBank.d184.s0|DDI-DrugBank.d184.s0.e2|DDI-DrugBank.d184.s0.e5|mechanism
DDI-DrugBank.d184.s0|DDI-DrugBank.d184.s0.e2|DDI-DrugBank.d184.s0.e6|mechanism
DDI-DrugBank.d184.s0|DDI-DrugBank.d184.s0.e3|DDI-DrugBank.d184.s0.e5|mechanism
DDI-DrugBank.d184.s0|DDI-DrugBank.d184.s0.e3|DDI-DrugBank.d184.s0.e6|mechanism
DDI-DrugBank.d184.s0|DDI-DrugBank.d184.s0.e4|DDI-DrugBank.d184.s0.e5|mechanism
DDI-DrugBank.d184.s0|DDI-DrugBank.d184.s0.e10|DDI-DrugBank.d184.s0.e13|mechanism
DDI-DrugBank.d184.s0|DDI-DrugBank.d184.s0.e11|DDI-DrugBank.d184.s0.e13|mechanism
DDI-DrugBank.d184.s0|DDI-DrugBank.d184.s0.e12|DDI-DrugBank.d184.s0.e13|mechanism
DDI-DrugBank.d638.s0|DDI-DrugBank.d638.s0.e0|DDI-DrugBank.d638.s0.e1|mechanism
DDI-DrugBank.d284.s3|DDI-DrugBank.d284.s3.e0|DDI-DrugBank.d284.s3.e5|effect
DDI-DrugBank.d4.s2|DDI-DrugBank.d4.s2.e0|DDI-DrugBank.d4.s2.e2|mechanism
DDI-DrugBank.d329.s3|DDI-DrugBank.d329.s3.e0|DDI-DrugBank.d329.s3.e1|mechanism
DDI-DrugBank.d564.s1|DDI-DrugBank.d564.s1.e0|DDI-DrugBank.d564.s1.e2|mechanism
DDI-DrugBank.d564.s1|DDI-DrugBank.d564.s1.e1|DDI-DrugBank.d564.s1.e2|mechanism
DDI-DrugBank.d666.s3|DDI-DrugBank.d666.s3.e0|DDI-DrugBank.d666.s3.e1|mechanism
DDI-DrugBank.d192.s0|DDI-DrugBank.d192.s0.e0|DDI-DrugBank.d192.s0.e1|int
DDI-DrugBank.d192.s0|DDI-DrugBank.d192.s0.e0|DDI-DrugBank.d192.s0.e2|int
DDI-DrugBank.d192.s0|DDI-DrugBank.d192.s0.e0|DDI-DrugBank.d192.s0.e3|effect
DDI-DrugBank.d192.s0|DDI-DrugBank.d192.s0.e0|DDI-DrugBank.d192.s0.e4|effect
DDI-DrugBank.d192.s0|DDI-DrugBank.d192.s0.e1|DDI-DrugBank.d192.s0.e3|effect
DDI-DrugBank.d192.s0|DDI-DrugBank.d192.s0.e1|DDI-DrugBank.d192.s0.e4|effect
DDI-DrugBank.d192.s0|DDI-DrugBank.d192.s0.e2|DDI-DrugBank.d192.s0.e3|effect
DDI-DrugBank.d192.s0|DDI-DrugBank.d192.s0.e2|DDI-DrugBank.d192.s0.e4|effect
DDI-DrugBank.d139.s0|DDI-DrugBank.d139.s0.e1|DDI-DrugBank.d139.s0.e2|mechanism
DDI-DrugBank.d139.s3|DDI-DrugBank.d139.s3.e1|DDI-DrugBank.d139.s3.e3|mechanism
DDI-DrugBank.d139.s4|DDI-DrugBank.d139.s4.e1|DDI-DrugBank.d139.s4.e3|mechanism
DDI-DrugBank.d139.s5|DDI-DrugBank.d139.s5.e0|DDI-DrugBank.d139.s5.e3|mechanism
DDI-DrugBank.d139.s6|DDI-DrugBank.d139.s6.e0|DDI-DrugBank.d139.s6.e2|mechanism
DDI-DrugBank.d139.s6|DDI-DrugBank.d139.s6.e1|DDI-DrugBank.d139.s6.e2|mechanism
DDI-DrugBank.d106.s1|DDI-DrugBank.d106.s1.e0|DDI-DrugBank.d106.s1.e1|int
DDI-DrugBank.d3.s13|DDI-DrugBank.d3.s13.e0|DDI-DrugBank.d3.s13.e3|mechanism
DDI-DrugBank.d3.s13|DDI-DrugBank.d3.s13.e1|DDI-DrugBank.d3.s13.e3|mechanism
DDI-DrugBank.d3.s13|DDI-DrugBank.d3.s13.e1|DDI-DrugBank.d3.s13.e4|mechanism
DDI-DrugBank.d3.s13|DDI-DrugBank.d3.s13.e2|DDI-DrugBank.d3.s13.e3|mechanism
DDI-DrugBank.d3.s13|DDI-DrugBank.d3.s13.e2|DDI-DrugBank.d3.s13.e4|mechanism
DDI-DrugBank.d286.s0|DDI-DrugBank.d286.s0.e0|DDI-DrugBank.d286.s0.e1|mechanism
DDI-DrugBank.d286.s0|DDI-DrugBank.d286.s0.e0|DDI-DrugBank.d286.s0.e2|mechanism
DDI-DrugBank.d286.s0|DDI-DrugBank.d286.s0.e0|DDI-DrugBank.d286.s0.e3|mechanism
DDI-DrugBank.d286.s0|DDI-DrugBank.d286.s0.e0|DDI-DrugBank.d286.s0.e4|mechanism
DDI-DrugBank.d286.s1|DDI-DrugBank.d286.s1.e0|DDI-DrugBank.d286.s1.e3|mechanism
DDI-DrugBank.d208.s0|DDI-DrugBank.d208.s0.e0|DDI-DrugBank.d208.s0.e1|int
DDI-DrugBank.d208.s0|DDI-DrugBank.d208.s0.e0|DDI-DrugBank.d208.s0.e2|int
DDI-DrugBank.d208.s0|DDI-DrugBank.d208.s0.e0|DDI-DrugBank.d208.s0.e3|int
DDI-DrugBank.d208.s0|DDI-DrugBank.d208.s0.e0|DDI-DrugBank.d208.s0.e4|int
DDI-DrugBank.d208.s0|DDI-DrugBank.d208.s0.e0|DDI-DrugBank.d208.s0.e5|int
DDI-DrugBank.d208.s0|DDI-DrugBank.d208.s0.e0|DDI-DrugBank.d208.s0.e6|int
DDI-DrugBank.d208.s0|DDI-DrugBank.d208.s0.e0|DDI-DrugBank.d208.s0.e7|int
DDI-DrugBank.d208.s0|DDI-DrugBank.d208.s0.e0|DDI-DrugBank.d208.s0.e8|int
DDI-DrugBank.d60.s6|DDI-DrugBank.d60.s6.e0|DDI-DrugBank.d60.s6.e5|mechanism
DDI-DrugBank.d60.s6|DDI-DrugBank.d60.s6.e1|DDI-DrugBank.d60.s6.e5|mechanism
DDI-DrugBank.d60.s6|DDI-DrugBank.d60.s6.e2|DDI-DrugBank.d60.s6.e5|mechanism
DDI-DrugBank.d60.s6|DDI-DrugBank.d60.s6.e3|DDI-DrugBank.d60.s6.e5|mechanism
DDI-DrugBank.d272.s0|DDI-DrugBank.d272.s0.e1|DDI-DrugBank.d272.s0.e2|effect
DDI-DrugBank.d272.s1|DDI-DrugBank.d272.s1.e0|DDI-DrugBank.d272.s1.e1|int
DDI-DrugBank.d272.s1|DDI-DrugBank.d272.s1.e0|DDI-DrugBank.d272.s1.e2|int
DDI-MedLine.d90.s11|DDI-MedLine.d90.s11.e0|DDI-MedLine.d90.s11.e1|mechanism
DDI-DrugBank.d414.s2|DDI-DrugBank.d414.s2.e0|DDI-DrugBank.d414.s2.e1|mechanism
DDI-DrugBank.d414.s6|DDI-DrugBank.d414.s6.e0|DDI-DrugBank.d414.s6.e1|mechanism
DDI-DrugBank.d414.s6|DDI-DrugBank.d414.s6.e0|DDI-DrugBank.d414.s6.e3|mechanism
DDI-DrugBank.d503.s0|DDI-DrugBank.d503.s0.e0|DDI-DrugBank.d503.s0.e1|mechanism
DDI-DrugBank.d542.s0|DDI-DrugBank.d542.s0.e2|DDI-DrugBank.d542.s0.e4|effect
DDI-DrugBank.d542.s0|DDI-DrugBank.d542.s0.e3|DDI-DrugBank.d542.s0.e4|effect
DDI-DrugBank.d542.s1|DDI-DrugBank.d542.s1.e0|DDI-DrugBank.d542.s1.e2|mechanism
DDI-DrugBank.d542.s1|DDI-DrugBank.d542.s1.e1|DDI-DrugBank.d542.s1.e2|mechanism
DDI-DrugBank.d43.s4|DDI-DrugBank.d43.s4.e1|DDI-DrugBank.d43.s4.e5|effect
DDI-DrugBank.d99.s21|DDI-DrugBank.d99.s21.e0|DDI-DrugBank.d99.s21.e1|mechanism
DDI-DrugBank.d99.s21|DDI-DrugBank.d99.s21.e0|DDI-DrugBank.d99.s21.e2|mechanism
DDI-DrugBank.d99.s24|DDI-DrugBank.d99.s24.e0|DDI-DrugBank.d99.s24.e3|mechanism
DDI-DrugBank.d99.s24|DDI-DrugBank.d99.s24.e1|DDI-DrugBank.d99.s24.e3|mechanism
DDI-DrugBank.d99.s24|DDI-DrugBank.d99.s24.e2|DDI-DrugBank.d99.s24.e3|mechanism
DDI-DrugBank.d656.s2|DDI-DrugBank.d656.s2.e1|DDI-DrugBank.d656.s2.e7|mechanism
DDI-DrugBank.d656.s2|DDI-DrugBank.d656.s2.e2|DDI-DrugBank.d656.s2.e7|mechanism
DDI-DrugBank.d656.s2|DDI-DrugBank.d656.s2.e5|DDI-DrugBank.d656.s2.e7|mechanism
DDI-DrugBank.d656.s2|DDI-DrugBank.d656.s2.e6|DDI-DrugBank.d656.s2.e7|mechanism
DDI-DrugBank.d522.s19|DDI-DrugBank.d522.s19.e0|DDI-DrugBank.d522.s19.e2|mechanism
DDI-DrugBank.d522.s19|DDI-DrugBank.d522.s19.e0|DDI-DrugBank.d522.s19.e3|mechanism
DDI-DrugBank.d522.s19|DDI-DrugBank.d522.s19.e1|DDI-DrugBank.d522.s19.e2|mechanism
DDI-DrugBank.d522.s19|DDI-DrugBank.d522.s19.e1|DDI-DrugBank.d522.s19.e3|mechanism
DDI-DrugBank.d342.s0|DDI-DrugBank.d342.s0.e0|DDI-DrugBank.d342.s0.e2|effect
DDI-DrugBank.d342.s0|DDI-DrugBank.d342.s0.e0|DDI-DrugBank.d342.s0.e3|effect
DDI-DrugBank.d342.s0|DDI-DrugBank.d342.s0.e1|DDI-DrugBank.d342.s0.e2|effect
DDI-DrugBank.d342.s0|DDI-DrugBank.d342.s0.e1|DDI-DrugBank.d342.s0.e3|effect
DDI-DrugBank.d162.s12|DDI-DrugBank.d162.s12.e0|DDI-DrugBank.d162.s12.e2|mechanism
DDI-DrugBank.d162.s12|DDI-DrugBank.d162.s12.e0|DDI-DrugBank.d162.s12.e4|mechanism
DDI-DrugBank.d162.s12|DDI-DrugBank.d162.s12.e1|DDI-DrugBank.d162.s12.e2|mechanism
DDI-DrugBank.d162.s12|DDI-DrugBank.d162.s12.e1|DDI-DrugBank.d162.s12.e4|mechanism
DDI-DrugBank.d782.s0|DDI-DrugBank.d782.s0.e1|DDI-DrugBank.d782.s0.e2|mechanism
DDI-DrugBank.d782.s0|DDI-DrugBank.d782.s0.e2|DDI-DrugBank.d782.s0.e3|effect
DDI-DrugBank.d782.s0|DDI-DrugBank.d782.s0.e5|DDI-DrugBank.d782.s0.e6|mechanism
DDI-DrugBank.d537.s0|DDI-DrugBank.d537.s0.e0|DDI-DrugBank.d537.s0.e1|int
DDI-DrugBank.d537.s0|DDI-DrugBank.d537.s0.e0|DDI-DrugBank.d537.s0.e2|int
DDI-DrugBank.d537.s0|DDI-DrugBank.d537.s0.e0|DDI-DrugBank.d537.s0.e3|int
DDI-DrugBank.d537.s0|DDI-DrugBank.d537.s0.e0|DDI-DrugBank.d537.s0.e4|int
DDI-DrugBank.d537.s0|DDI-DrugBank.d537.s0.e0|DDI-DrugBank.d537.s0.e5|int
DDI-DrugBank.d537.s0|DDI-DrugBank.d537.s0.e0|DDI-DrugBank.d537.s0.e6|int
DDI-DrugBank.d537.s0|DDI-DrugBank.d537.s0.e0|DDI-DrugBank.d537.s0.e7|int
DDI-DrugBank.d537.s0|DDI-DrugBank.d537.s0.e0|DDI-DrugBank.d537.s0.e8|int
DDI-DrugBank.d537.s0|DDI-DrugBank.d537.s0.e0|DDI-DrugBank.d537.s0.e9|int
DDI-DrugBank.d331.s9|DDI-DrugBank.d331.s9.e0|DDI-DrugBank.d331.s9.e2|effect
DDI-DrugBank.d331.s9|DDI-DrugBank.d331.s9.e1|DDI-DrugBank.d331.s9.e2|effect
DDI-DrugBank.d643.s0|DDI-DrugBank.d643.s0.e0|DDI-DrugBank.d643.s0.e1|int
DDI-DrugBank.d643.s0|DDI-DrugBank.d643.s0.e0|DDI-DrugBank.d643.s0.e2|int
DDI-DrugBank.d643.s0|DDI-DrugBank.d643.s0.e0|DDI-DrugBank.d643.s0.e8|mechanism
DDI-DrugBank.d643.s0|DDI-DrugBank.d643.s0.e0|DDI-DrugBank.d643.s0.e9|mechanism
DDI-DrugBank.d643.s0|DDI-DrugBank.d643.s0.e1|DDI-DrugBank.d643.s0.e7|mechanism
DDI-DrugBank.d643.s0|DDI-DrugBank.d643.s0.e1|DDI-DrugBank.d643.s0.e8|mechanism
DDI-DrugBank.d643.s0|DDI-DrugBank.d643.s0.e1|DDI-DrugBank.d643.s0.e9|mechanism
DDI-DrugBank.d643.s0|DDI-DrugBank.d643.s0.e1|DDI-DrugBank.d643.s0.e10|mechanism
DDI-DrugBank.d643.s0|DDI-DrugBank.d643.s0.e1|DDI-DrugBank.d643.s0.e11|mechanism
DDI-DrugBank.d643.s0|DDI-DrugBank.d643.s0.e2|DDI-DrugBank.d643.s0.e7|mechanism
DDI-DrugBank.d643.s0|DDI-DrugBank.d643.s0.e2|DDI-DrugBank.d643.s0.e8|mechanism
DDI-DrugBank.d643.s0|DDI-DrugBank.d643.s0.e2|DDI-DrugBank.d643.s0.e9|mechanism
DDI-DrugBank.d643.s0|DDI-DrugBank.d643.s0.e2|DDI-DrugBank.d643.s0.e10|mechanism
DDI-DrugBank.d643.s0|DDI-DrugBank.d643.s0.e2|DDI-DrugBank.d643.s0.e11|mechanism
DDI-DrugBank.d643.s0|DDI-DrugBank.d643.s0.e3|DDI-DrugBank.d643.s0.e8|mechanism
DDI-DrugBank.d643.s0|DDI-DrugBank.d643.s0.e3|DDI-DrugBank.d643.s0.e9|mechanism
DDI-DrugBank.d643.s0|DDI-DrugBank.d643.s0.e4|DDI-DrugBank.d643.s0.e7|mechanism
DDI-DrugBank.d643.s0|DDI-DrugBank.d643.s0.e4|DDI-DrugBank.d643.s0.e8|mechanism
DDI-DrugBank.d643.s0|DDI-DrugBank.d643.s0.e4|DDI-DrugBank.d643.s0.e9|mechanism
DDI-DrugBank.d643.s0|DDI-DrugBank.d643.s0.e4|DDI-DrugBank.d643.s0.e10|mechanism
DDI-DrugBank.d643.s0|DDI-DrugBank.d643.s0.e4|DDI-DrugBank.d643.s0.e11|mechanism
DDI-DrugBank.d643.s0|DDI-DrugBank.d643.s0.e5|DDI-DrugBank.d643.s0.e8|mechanism
DDI-DrugBank.d643.s0|DDI-DrugBank.d643.s0.e5|DDI-DrugBank.d643.s0.e9|mechanism
DDI-DrugBank.d643.s0|DDI-DrugBank.d643.s0.e6|DDI-DrugBank.d643.s0.e7|mechanism
DDI-DrugBank.d643.s0|DDI-DrugBank.d643.s0.e6|DDI-DrugBank.d643.s0.e8|mechanism
DDI-DrugBank.d643.s0|DDI-DrugBank.d643.s0.e6|DDI-DrugBank.d643.s0.e9|mechanism
DDI-DrugBank.d643.s0|DDI-DrugBank.d643.s0.e6|DDI-DrugBank.d643.s0.e10|mechanism
DDI-DrugBank.d643.s0|DDI-DrugBank.d643.s0.e6|DDI-DrugBank.d643.s0.e11|mechanism
DDI-DrugBank.d114.s10|DDI-DrugBank.d114.s10.e0|DDI-DrugBank.d114.s10.e1|mechanism
DDI-DrugBank.d114.s10|DDI-DrugBank.d114.s10.e0|DDI-DrugBank.d114.s10.e3|mechanism
DDI-DrugBank.d114.s10|DDI-DrugBank.d114.s10.e0|DDI-DrugBank.d114.s10.e6|effect
DDI-DrugBank.d114.s10|DDI-DrugBank.d114.s10.e3|DDI-DrugBank.d114.s10.e6|effect
DDI-DrugBank.d114.s10|DDI-DrugBank.d114.s10.e4|DDI-DrugBank.d114.s10.e6|effect
DDI-DrugBank.d114.s10|DDI-DrugBank.d114.s10.e5|DDI-DrugBank.d114.s10.e6|effect
DDI-DrugBank.d2.s0|DDI-DrugBank.d2.s0.e0|DDI-DrugBank.d2.s0.e1|mechanism
DDI-DrugBank.d384.s0|DDI-DrugBank.d384.s0.e5|DDI-DrugBank.d384.s0.e7|mechanism
DDI-DrugBank.d384.s0|DDI-DrugBank.d384.s0.e6|DDI-DrugBank.d384.s0.e7|mechanism
DDI-DrugBank.d384.s2|DDI-DrugBank.d384.s2.e2|DDI-DrugBank.d384.s2.e5|mechanism
DDI-DrugBank.d304.s0|DDI-DrugBank.d304.s0.e0|DDI-DrugBank.d304.s0.e3|effect
DDI-DrugBank.d304.s0|DDI-DrugBank.d304.s0.e1|DDI-DrugBank.d304.s0.e3|effect
DDI-DrugBank.d304.s0|DDI-DrugBank.d304.s0.e2|DDI-DrugBank.d304.s0.e3|effect
DDI-DrugBank.d347.s4|DDI-DrugBank.d347.s4.e0|DDI-DrugBank.d347.s4.e1|mechanism
DDI-DrugBank.d528.s0|DDI-DrugBank.d528.s0.e0|DDI-DrugBank.d528.s0.e3|mechanism
DDI-DrugBank.d528.s0|DDI-DrugBank.d528.s0.e2|DDI-DrugBank.d528.s0.e3|mechanism
DDI-DrugBank.d207.s7|DDI-DrugBank.d207.s7.e0|DDI-DrugBank.d207.s7.e3|mechanism
DDI-DrugBank.d115.s0|DDI-DrugBank.d115.s0.e0|DDI-DrugBank.d115.s0.e1|mechanism
DDI-DrugBank.d115.s10|DDI-DrugBank.d115.s10.e0|DDI-DrugBank.d115.s10.e1|mechanism
DDI-DrugBank.d115.s10|DDI-DrugBank.d115.s10.e0|DDI-DrugBank.d115.s10.e3|mechanism
DDI-DrugBank.d365.s0|DDI-DrugBank.d365.s0.e0|DDI-DrugBank.d365.s0.e2|mechanism
DDI-DrugBank.d365.s0|DDI-DrugBank.d365.s0.e1|DDI-DrugBank.d365.s0.e2|mechanism
DDI-DrugBank.d365.s1|DDI-DrugBank.d365.s1.e0|DDI-DrugBank.d365.s1.e3|mechanism
DDI-DrugBank.d365.s1|DDI-DrugBank.d365.s1.e0|DDI-DrugBank.d365.s1.e4|mechanism
DDI-DrugBank.d365.s1|DDI-DrugBank.d365.s1.e1|DDI-DrugBank.d365.s1.e3|mechanism
DDI-DrugBank.d365.s1|DDI-DrugBank.d365.s1.e1|DDI-DrugBank.d365.s1.e4|mechanism
DDI-DrugBank.d365.s1|DDI-DrugBank.d365.s1.e2|DDI-DrugBank.d365.s1.e3|mechanism
DDI-DrugBank.d365.s1|DDI-DrugBank.d365.s1.e2|DDI-DrugBank.d365.s1.e4|mechanism
DDI-MedLine.d12.s4|DDI-MedLine.d12.s4.e0|DDI-MedLine.d12.s4.e2|mechanism
DDI-MedLine.d12.s4|DDI-MedLine.d12.s4.e1|DDI-MedLine.d12.s4.e2|mechanism
DDI-DrugBank.d242.s1|DDI-DrugBank.d242.s1.e0|DDI-DrugBank.d242.s1.e1|mechanism
DDI-DrugBank.d242.s1|DDI-DrugBank.d242.s1.e0|DDI-DrugBank.d242.s1.e4|mechanism
DDI-DrugBank.d242.s1|DDI-DrugBank.d242.s1.e1|DDI-DrugBank.d242.s1.e3|mechanism
DDI-DrugBank.d242.s1|DDI-DrugBank.d242.s1.e1|DDI-DrugBank.d242.s1.e4|mechanism
DDI-DrugBank.d242.s1|DDI-DrugBank.d242.s1.e1|DDI-DrugBank.d242.s1.e5|mechanism
DDI-DrugBank.d198.s39|DDI-DrugBank.d198.s39.e0|DDI-DrugBank.d198.s39.e1|effect
DDI-DrugBank.d198.s39|DDI-DrugBank.d198.s39.e0|DDI-DrugBank.d198.s39.e2|effect
DDI-DrugBank.d198.s40|DDI-DrugBank.d198.s40.e0|DDI-DrugBank.d198.s40.e2|effect
DDI-DrugBank.d198.s40|DDI-DrugBank.d198.s40.e1|DDI-DrugBank.d198.s40.e2|effect
DDI-DrugBank.d608.s5|DDI-DrugBank.d608.s5.e0|DDI-DrugBank.d608.s5.e2|mechanism
DDI-DrugBank.d608.s5|DDI-DrugBank.d608.s5.e0|DDI-DrugBank.d608.s5.e3|mechanism
DDI-DrugBank.d770.s4|DDI-DrugBank.d770.s4.e0|DDI-DrugBank.d770.s4.e1|mechanism
DDI-DrugBank.d54.s17|DDI-DrugBank.d54.s17.e0|DDI-DrugBank.d54.s17.e2|effect
DDI-DrugBank.d54.s17|DDI-DrugBank.d54.s17.e1|DDI-DrugBank.d54.s17.e2|effect
DDI-DrugBank.d238.s7|DDI-DrugBank.d238.s7.e0|DDI-DrugBank.d238.s7.e1|mechanism
DDI-DrugBank.d457.s0|DDI-DrugBank.d457.s0.e0|DDI-DrugBank.d457.s0.e1|mechanism
DDI-DrugBank.d457.s0|DDI-DrugBank.d457.s0.e0|DDI-DrugBank.d457.s0.e2|mechanism
DDI-DrugBank.d457.s0|DDI-DrugBank.d457.s0.e0|DDI-DrugBank.d457.s0.e3|mechanism
DDI-DrugBank.d457.s0|DDI-DrugBank.d457.s0.e0|DDI-DrugBank.d457.s0.e4|mechanism
DDI-DrugBank.d457.s0|DDI-DrugBank.d457.s0.e0|DDI-DrugBank.d457.s0.e5|mechanism
DDI-DrugBank.d457.s0|DDI-DrugBank.d457.s0.e0|DDI-DrugBank.d457.s0.e6|mechanism
DDI-DrugBank.d457.s0|DDI-DrugBank.d457.s0.e0|DDI-DrugBank.d457.s0.e7|mechanism
DDI-DrugBank.d624.s2|DDI-DrugBank.d624.s2.e0|DDI-DrugBank.d624.s2.e1|mechanism
DDI-DrugBank.d624.s2|DDI-DrugBank.d624.s2.e0|DDI-DrugBank.d624.s2.e2|mechanism
DDI-DrugBank.d609.s0|DDI-DrugBank.d609.s0.e0|DDI-DrugBank.d609.s0.e1|mechanism
DDI-DrugBank.d609.s0|DDI-DrugBank.d609.s0.e0|DDI-DrugBank.d609.s0.e2|mechanism
DDI-DrugBank.d609.s0|DDI-DrugBank.d609.s0.e0|DDI-DrugBank.d609.s0.e3|mechanism
DDI-DrugBank.d609.s0|DDI-DrugBank.d609.s0.e1|DDI-DrugBank.d609.s0.e3|mechanism
DDI-DrugBank.d609.s0|DDI-DrugBank.d609.s0.e2|DDI-DrugBank.d609.s0.e3|mechanism
DDI-DrugBank.d762.s3|DDI-DrugBank.d762.s3.e0|DDI-DrugBank.d762.s3.e1|mechanism
DDI-DrugBank.d48.s1|DDI-DrugBank.d48.s1.e0|DDI-DrugBank.d48.s1.e12|mechanism
DDI-DrugBank.d48.s1|DDI-DrugBank.d48.s1.e1|DDI-DrugBank.d48.s1.e12|mechanism
DDI-DrugBank.d48.s1|DDI-DrugBank.d48.s1.e2|DDI-DrugBank.d48.s1.e12|mechanism
DDI-DrugBank.d48.s1|DDI-DrugBank.d48.s1.e3|DDI-DrugBank.d48.s1.e12|mechanism
DDI-DrugBank.d48.s1|DDI-DrugBank.d48.s1.e4|DDI-DrugBank.d48.s1.e12|mechanism
DDI-DrugBank.d48.s1|DDI-DrugBank.d48.s1.e5|DDI-DrugBank.d48.s1.e12|mechanism
DDI-DrugBank.d48.s1|DDI-DrugBank.d48.s1.e6|DDI-DrugBank.d48.s1.e12|mechanism
DDI-DrugBank.d48.s1|DDI-DrugBank.d48.s1.e7|DDI-DrugBank.d48.s1.e12|mechanism
DDI-DrugBank.d48.s1|DDI-DrugBank.d48.s1.e8|DDI-DrugBank.d48.s1.e12|mechanism
DDI-DrugBank.d48.s1|DDI-DrugBank.d48.s1.e9|DDI-DrugBank.d48.s1.e12|mechanism
DDI-DrugBank.d48.s1|DDI-DrugBank.d48.s1.e10|DDI-DrugBank.d48.s1.e12|mechanism
DDI-DrugBank.d48.s1|DDI-DrugBank.d48.s1.e11|DDI-DrugBank.d48.s1.e12|mechanism
DDI-DrugBank.d48.s3|DDI-DrugBank.d48.s3.e0|DDI-DrugBank.d48.s3.e1|mechanism
DDI-DrugBank.d48.s11|DDI-DrugBank.d48.s11.e1|DDI-DrugBank.d48.s11.e6|mechanism
DDI-DrugBank.d165.s19|DDI-DrugBank.d165.s19.e0|DDI-DrugBank.d165.s19.e1|mechanism
DDI-DrugBank.d763.s7|DDI-DrugBank.d763.s7.e0|DDI-DrugBank.d763.s7.e1|mechanism
DDI-DrugBank.d636.s0|DDI-DrugBank.d636.s0.e0|DDI-DrugBank.d636.s0.e1|int
DDI-DrugBank.d389.s0|DDI-DrugBank.d389.s0.e0|DDI-DrugBank.d389.s0.e1|mechanism
DDI-DrugBank.d389.s0|DDI-DrugBank.d389.s0.e0|DDI-DrugBank.d389.s0.e2|mechanism
DDI-DrugBank.d389.s0|DDI-DrugBank.d389.s0.e0|DDI-DrugBank.d389.s0.e3|mechanism
DDI-DrugBank.d389.s0|DDI-DrugBank.d389.s0.e0|DDI-DrugBank.d389.s0.e4|mechanism
DDI-DrugBank.d389.s2|DDI-DrugBank.d389.s2.e0|DDI-DrugBank.d389.s2.e1|mechanism
DDI-DrugBank.d389.s2|DDI-DrugBank.d389.s2.e0|DDI-DrugBank.d389.s2.e2|mechanism
DDI-DrugBank.d389.s2|DDI-DrugBank.d389.s2.e0|DDI-DrugBank.d389.s2.e3|mechanism
DDI-DrugBank.d389.s2|DDI-DrugBank.d389.s2.e0|DDI-DrugBank.d389.s2.e4|mechanism
DDI-DrugBank.d220.s11|DDI-DrugBank.d220.s11.e5|DDI-DrugBank.d220.s11.e6|mechanism
DDI-DrugBank.d270.s42|DDI-DrugBank.d270.s42.e0|DDI-DrugBank.d270.s42.e2|effect
DDI-DrugBank.d31.s7|DDI-DrugBank.d31.s7.e0|DDI-DrugBank.d31.s7.e1|mechanism
DDI-DrugBank.d468.s4|DDI-DrugBank.d468.s4.e0|DDI-DrugBank.d468.s4.e2|mechanism
DDI-DrugBank.d468.s4|DDI-DrugBank.d468.s4.e1|DDI-DrugBank.d468.s4.e2|mechanism
DDI-DrugBank.d606.s1|DDI-DrugBank.d606.s1.e0|DDI-DrugBank.d606.s1.e1|mechanism
DDI-DrugBank.d606.s1|DDI-DrugBank.d606.s1.e0|DDI-DrugBank.d606.s1.e2|mechanism
DDI-DrugBank.d606.s1|DDI-DrugBank.d606.s1.e0|DDI-DrugBank.d606.s1.e3|mechanism
DDI-DrugBank.d606.s1|DDI-DrugBank.d606.s1.e0|DDI-DrugBank.d606.s1.e4|mechanism
DDI-DrugBank.d249.s1|DDI-DrugBank.d249.s1.e0|DDI-DrugBank.d249.s1.e2|int
DDI-DrugBank.d249.s1|DDI-DrugBank.d249.s1.e1|DDI-DrugBank.d249.s1.e2|int
DDI-DrugBank.d249.s4|DDI-DrugBank.d249.s4.e0|DDI-DrugBank.d249.s4.e1|mechanism
DDI-DrugBank.d249.s4|DDI-DrugBank.d249.s4.e0|DDI-DrugBank.d249.s4.e2|mechanism
DDI-DrugBank.d249.s4|DDI-DrugBank.d249.s4.e0|DDI-DrugBank.d249.s4.e3|mechanism
DDI-DrugBank.d326.s1|DDI-DrugBank.d326.s1.e0|DDI-DrugBank.d326.s1.e4|mechanism
DDI-DrugBank.d326.s1|DDI-DrugBank.d326.s1.e1|DDI-DrugBank.d326.s1.e4|mechanism
DDI-DrugBank.d326.s1|DDI-DrugBank.d326.s1.e2|DDI-DrugBank.d326.s1.e4|mechanism
DDI-DrugBank.d326.s1|DDI-DrugBank.d326.s1.e3|DDI-DrugBank.d326.s1.e4|mechanism
DDI-DrugBank.d713.s3|DDI-DrugBank.d713.s3.e0|DDI-DrugBank.d713.s3.e1|mechanism
DDI-DrugBank.d752.s1|DDI-DrugBank.d752.s1.e0|DDI-DrugBank.d752.s1.e6|mechanism
DDI-DrugBank.d413.s19|DDI-DrugBank.d413.s19.e0|DDI-DrugBank.d413.s19.e1|mechanism
DDI-DrugBank.d462.s7|DDI-DrugBank.d462.s7.e0|DDI-DrugBank.d462.s7.e2|mechanism
DDI-DrugBank.d462.s7|DDI-DrugBank.d462.s7.e1|DDI-DrugBank.d462.s7.e2|mechanism
DDI-DrugBank.d338.s4|DDI-DrugBank.d338.s4.e0|DDI-DrugBank.d338.s4.e5|mechanism
DDI-DrugBank.d338.s4|DDI-DrugBank.d338.s4.e1|DDI-DrugBank.d338.s4.e5|mechanism
DDI-DrugBank.d338.s4|DDI-DrugBank.d338.s4.e2|DDI-DrugBank.d338.s4.e5|mechanism
DDI-DrugBank.d338.s4|DDI-DrugBank.d338.s4.e3|DDI-DrugBank.d338.s4.e5|mechanism
DDI-DrugBank.d338.s4|DDI-DrugBank.d338.s4.e4|DDI-DrugBank.d338.s4.e5|mechanism
DDI-DrugBank.d240.s0|DDI-DrugBank.d240.s0.e0|DDI-DrugBank.d240.s0.e1|int
DDI-DrugBank.d240.s0|DDI-DrugBank.d240.s0.e0|DDI-DrugBank.d240.s0.e2|int
DDI-DrugBank.d240.s2|DDI-DrugBank.d240.s2.e0|DDI-DrugBank.d240.s2.e1|int
DDI-DrugBank.d240.s2|DDI-DrugBank.d240.s2.e0|DDI-DrugBank.d240.s2.e2|int
DDI-DrugBank.d91.s3|DDI-DrugBank.d91.s3.e0|DDI-DrugBank.d91.s3.e1|int
DDI-DrugBank.d587.s0|DDI-DrugBank.d587.s0.e0|DDI-DrugBank.d587.s0.e2|int
DDI-DrugBank.d587.s0|DDI-DrugBank.d587.s0.e0|DDI-DrugBank.d587.s0.e4|mechanism
DDI-DrugBank.d587.s0|DDI-DrugBank.d587.s0.e0|DDI-DrugBank.d587.s0.e5|mechanism
DDI-DrugBank.d587.s0|DDI-DrugBank.d587.s0.e1|DDI-DrugBank.d587.s0.e2|int
DDI-DrugBank.d587.s0|DDI-DrugBank.d587.s0.e3|DDI-DrugBank.d587.s0.e4|mechanism
DDI-DrugBank.d587.s0|DDI-DrugBank.d587.s0.e3|DDI-DrugBank.d587.s0.e5|mechanism
DDI-DrugBank.d281.s0|DDI-DrugBank.d281.s0.e0|DDI-DrugBank.d281.s0.e1|mechanism
DDI-DrugBank.d516.s24|DDI-DrugBank.d516.s24.e0|DDI-DrugBank.d516.s24.e2|mechanism
DDI-DrugBank.d516.s24|DDI-DrugBank.d516.s24.e0|DDI-DrugBank.d516.s24.e3|mechanism
DDI-DrugBank.d516.s24|DDI-DrugBank.d516.s24.e1|DDI-DrugBank.d516.s24.e2|mechanism
DDI-DrugBank.d516.s24|DDI-DrugBank.d516.s24.e1|DDI-DrugBank.d516.s24.e3|mechanism
DDI-DrugBank.d584.s0|DDI-DrugBank.d584.s0.e0|DDI-DrugBank.d584.s0.e2|mechanism
DDI-DrugBank.d584.s0|DDI-DrugBank.d584.s0.e1|DDI-DrugBank.d584.s0.e2|mechanism
DDI-DrugBank.d396.s2|DDI-DrugBank.d396.s2.e0|DDI-DrugBank.d396.s2.e3|mechanism
DDI-DrugBank.d396.s2|DDI-DrugBank.d396.s2.e0|DDI-DrugBank.d396.s2.e4|mechanism
DDI-DrugBank.d396.s2|DDI-DrugBank.d396.s2.e1|DDI-DrugBank.d396.s2.e3|mechanism
DDI-DrugBank.d396.s2|DDI-DrugBank.d396.s2.e2|DDI-DrugBank.d396.s2.e3|mechanism
DDI-DrugBank.d77.s4|DDI-DrugBank.d77.s4.e0|DDI-DrugBank.d77.s4.e1|effect
DDI-DrugBank.d77.s5|DDI-DrugBank.d77.s5.e0|DDI-DrugBank.d77.s5.e1|mechanism
DDI-DrugBank.d77.s5|DDI-DrugBank.d77.s5.e0|DDI-DrugBank.d77.s5.e2|mechanism
DDI-DrugBank.d77.s5|DDI-DrugBank.d77.s5.e0|DDI-DrugBank.d77.s5.e4|mechanism
DDI-DrugBank.d77.s5|DDI-DrugBank.d77.s5.e0|DDI-DrugBank.d77.s5.e5|mechanism
DDI-DrugBank.d368.s3|DDI-DrugBank.d368.s3.e0|DDI-DrugBank.d368.s3.e2|mechanism
DDI-DrugBank.d368.s3|DDI-DrugBank.d368.s3.e1|DDI-DrugBank.d368.s3.e2|mechanism
DDI-DrugBank.d368.s6|DDI-DrugBank.d368.s6.e0|DDI-DrugBank.d368.s6.e1|mechanism
DDI-DrugBank.d368.s11|DDI-DrugBank.d368.s11.e0|DDI-DrugBank.d368.s11.e1|effect
DDI-DrugBank.d368.s14|DDI-DrugBank.d368.s14.e0|DDI-DrugBank.d368.s14.e1|mechanism
DDI-MedLine.d209.s5|DDI-MedLine.d209.s5.e0|DDI-MedLine.d209.s5.e2|mechanism
DDI-MedLine.d209.s5|DDI-MedLine.d209.s5.e1|DDI-MedLine.d209.s5.e2|mechanism
DDI-DrugBank.d305.s7|DDI-DrugBank.d305.s7.e0|DDI-DrugBank.d305.s7.e1|effect
DDI-DrugBank.d605.s0|DDI-DrugBank.d605.s0.e0|DDI-DrugBank.d605.s0.e1|mechanism
DDI-DrugBank.d605.s0|DDI-DrugBank.d605.s0.e0|DDI-DrugBank.d605.s0.e2|mechanism
DDI-DrugBank.d605.s0|DDI-DrugBank.d605.s0.e0|DDI-DrugBank.d605.s0.e3|mechanism
DDI-DrugBank.d166.s0|DDI-DrugBank.d166.s0.e0|DDI-DrugBank.d166.s0.e1|mechanism
DDI-DrugBank.d166.s1|DDI-DrugBank.d166.s1.e0|DDI-DrugBank.d166.s1.e1|effect
DDI-DrugBank.d376.s0|DDI-DrugBank.d376.s0.e0|DDI-DrugBank.d376.s0.e1|mechanism
