Model: "sequential"
_________________________________________________________________
Layer (type)                 Output Shape              Param #   
=================================================================
embedding (Embedding)        (None, 100, 50)           261400    
_________________________________________________________________
conv1d (Conv1D)              (None, 96, 128)           32128     
_________________________________________________________________
global_max_pooling1d (Global (None, 128)               0         
_________________________________________________________________
dense (Dense)                (None, 10)                1290      
_________________________________________________________________
dense_1 (Dense)              (None, 5)                 55        
=================================================================
Total params: 294,873
Trainable params: 294,873
Non-trainable params: 0
_________________________________________________________________


,loss,acc,val_loss,val_acc
0,0.6807578206062317,0.8137230277061462,0.5581650137901306,0.8566080927848816
1,0.5391992330551147,0.853011429309845,0.5226415991783142,0.8574719429016113
2,0.505472719669342,0.8539771437644958,0.4972415864467621,0.8557443022727966
3,0.4809418320655823,0.8540787696838379,0.47733810544013977,0.8551684617996216
4,0.45849329233169556,0.8541296124458313,0.4622451663017273,0.8571839928627014


Results:
                   tp	  fp	  fn	#pred	#exp	P	R	F1
------------------------------------------------------------------------------
advise             19	  12	 119	  31	 138	61.3%	13.8%	22.5%
effect              1	   1	 314	   2	 315	50.0%	0.3%	0.6%
int                 0	   0	  35	   0	  35	0.0%	0.0%	0.0%
mechanism           0	   0	 264	   0	 264	0.0%	0.0%	0.0%
------------------------------------------------------------------------------
M.avg            -	-	-	-	-	27.8%	3.5%	5.8%
------------------------------------------------------------------------------
m.avg              20	4649	 732	4669	 752	0.4%	2.7%	0.7%
m.avg(no class)   752	3917	   0	4669	 752	16.1%	100.0%	27.7%
