Model: "sequential"
_________________________________________________________________
Layer (type)                 Output Shape              Param #   
=================================================================
embedding (Embedding)        (None, 300, 40)           227320    
_________________________________________________________________
conv1d (Conv1D)              (None, 296, 40)           8040      
_________________________________________________________________
global_max_pooling1d (Global (None, 40)                0         
_________________________________________________________________
dense (Dense)                (None, 40)                1640      
_________________________________________________________________
dense_1 (Dense)              (None, 5)                 205       
=================================================================
Total params: 237,205
Trainable params: 237,205
Non-trainable params: 0
_________________________________________________________________


,loss,acc,val_loss,val_acc
0,0.5177788734436035,0.8536721467971802,0.3621017634868622,0.8620789051055908
1,0.26061174273490906,0.9071918725967407,0.26896172761917114,0.8997984528541565
2,0.18930788338184357,0.9296569228172302,0.24466875195503235,0.9139072895050049
3,0.14908398687839508,0.9464803338050842,0.2409934252500534,0.9167866110801697
4,0.12332998961210251,0.955069899559021,0.25256067514419556,0.9208177328109741
5,0.10564971715211868,0.9624904990196228,0.2547037601470947,0.9222574234008789
6,0.0911799818277359,0.9672172665596008,0.25113412737846375,0.9268643856048584
7,0.08447260409593582,0.9698602557182312,0.2610143721103668,0.9262884855270386
8,0.07137162983417511,0.9754510521888733,0.27484139800071716,0.9239850044250488
9,0.06693515181541443,0.9769250154495239,0.273356169462204,0.9274402260780334
10,0.06098567694425583,0.9778398871421814,0.28878724575042725,0.9265764355659485
11,0.056256577372550964,0.9797712564468384,0.2979891300201416,0.9294558167457581
12,0.05291467905044556,0.9824142456054688,0.31810903549194336,0.9234091639518738
13,0.047636087983846664,0.9826175570487976,0.31641942262649536,0.9234091639518738
14,0.04773857071995735,0.9837865233421326,0.3426429033279419,0.9260005950927734


Results:
                   tp	  fp	  fn	#pred	#exp	P	R	F1
------------------------------------------------------------------------------
advise             90	  50	  48	 140	 138	64.3%	65.2%	64.7%
effect            149	  59	 166	 208	 315	71.6%	47.3%	57.0%
int                19	   1	  16	  20	  35	95.0%	54.3%	69.1%
mechanism          96	  61	 168	 157	 264	61.1%	36.4%	45.6%
------------------------------------------------------------------------------
M.avg            -	-	-	-	-	73.0%	50.8%	59.1%
------------------------------------------------------------------------------
m.avg             354	4315	 398	4669	 752	7.6%	47.1%	13.1%
m.avg(no class)   752	3917	   0	4669	 752	16.1%	100.0%	27.7%
