Model: "sequential"
_________________________________________________________________
Layer (type)                 Output Shape              Param #   
=================================================================
embedding (Embedding)        (None, 300, 100)          568300    
_________________________________________________________________
conv1d (Conv1D)              (None, 296, 40)           20040     
_________________________________________________________________
global_max_pooling1d (Global (None, 40)                0         
_________________________________________________________________
dense (Dense)                (None, 40)                1640      
_________________________________________________________________
dense_1 (Dense)              (None, 5)                 205       
=================================================================
Total params: 590,185
Trainable params: 590,185
Non-trainable params: 0
_________________________________________________________________


,loss,acc,val_loss,val_acc
0,0.40988045930862427,0.8723253011703491,0.2543492019176483,0.913619339466095
1,0.2202063798904419,0.9164421558380127,0.2277590036392212,0.9159228205680847
2,0.16183912754058838,0.9379415512084961,0.1976579874753952,0.9329110383987427
3,0.1310190111398697,0.9506480097770691,0.19991736114025116,0.9285919666290283
4,0.10944382101297379,0.9601016640663147,0.19343774020671844,0.939533531665802
5,0.09145878255367279,0.9657941460609436,0.20078125596046448,0.9432767033576965
6,0.0810699388384819,0.9694027900695801,0.20371350646018982,0.9337748289108276
7,0.06992883235216141,0.9747394919395447,0.2286151498556137,0.9375180006027222
8,0.0665317252278328,0.9748920202255249,0.22055380046367645,0.939533531665802
9,0.05669378489255905,0.9794663190841675,0.2321024090051651,0.9429887533187866
10,0.051713306456804276,0.9818551540374756,0.24125054478645325,0.9418370127677917
11,0.04630683735013008,0.9821600914001465,0.25016623735427856,0.9429887533187866
12,0.043941840529441833,0.98470139503479,0.25448960065841675,0.9412611722946167
13,0.04201018065214157,0.9855146408081055,0.3023703098297119,0.9392455816268921
14,0.0405380018055439,0.9858704209327698,0.2708123028278351,0.9412611722946167


Results:
                   tp	  fp	  fn	#pred	#exp	P	R	F1
------------------------------------------------------------------------------
advise            103	  73	  35	 176	 138	58.5%	74.6%	65.6%
effect            198	 164	 117	 362	 315	54.7%	62.9%	58.5%
int                18	  19	  17	  37	  35	48.6%	51.4%	50.0%
mechanism         124	  88	 140	 212	 264	58.5%	47.0%	52.1%
------------------------------------------------------------------------------
M.avg            -	-	-	-	-	55.1%	59.0%	56.5%
------------------------------------------------------------------------------
m.avg             443	4226	 309	4669	 752	9.5%	58.9%	16.3%
m.avg(no class)   752	3917	   0	4669	 752	16.1%	100.0%	27.7%
