Model: "sequential"
_________________________________________________________________
Layer (type)                 Output Shape              Param #   
=================================================================
embedding (Embedding)        (None, 300, 75)           426225    
_________________________________________________________________
conv1d (Conv1D)              (None, 296, 50)           18800     
_________________________________________________________________
global_max_pooling1d (Global (None, 50)                0         
_________________________________________________________________
dense (Dense)                (None, 50)                2550      
_________________________________________________________________
dense_1 (Dense)              (None, 5)                 255       
=================================================================
Total params: 447,830
Trainable params: 447,830
Non-trainable params: 0
_________________________________________________________________


,loss,acc,val_loss,val_acc
0,0.4269803762435913,0.871867835521698,0.261181503534317,0.9021019339561462
1,0.22147688269615173,0.9158322811126709,0.21693500876426697,0.9176504611968994
2,0.16012579202651978,0.9403811693191528,0.20329128205776215,0.9262884855270386
3,0.1278771013021469,0.9529352188110352,0.20969657599925995,0.9268643856048584
4,0.10600704699754715,0.962388813495636,0.2114282101392746,0.9248488545417786
5,0.0899711474776268,0.9680305123329163,0.21679958701133728,0.9331989884376526
6,0.07711555808782578,0.971994936466217,0.22621549665927887,0.9317592978477478
7,0.07138712704181671,0.9740279316902161,0.23749059438705444,0.929743766784668
8,0.06376642733812332,0.977382481098175,0.2414664477109909,0.9300316572189331
9,0.05670851841568947,0.9795680046081543,0.2579478919506073,0.9340627789497375
10,0.05073949322104454,0.9818551540374756,0.25624147057533264,0.9323351383209229
11,0.04892424866557121,0.9817534685134888,0.26931414008140564,0.9334868788719177
12,0.04437550529837608,0.9842947721481323,0.28964364528656006,0.9285919666290283
13,0.03960879147052765,0.9858704209327698,0.2936911880970001,0.929743766784668
14,0.034896720200777054,0.987395167350769,0.31635192036628723,0.9343507289886475


Results:
                   tp	  fp	  fn	#pred	#exp	P	R	F1
------------------------------------------------------------------------------
advise            102	  87	  36	 189	 138	54.0%	73.9%	62.4%
effect            151	  55	 164	 206	 315	73.3%	47.9%	58.0%
int                17	  10	  18	  27	  35	63.0%	48.6%	54.8%
mechanism         126	 154	 138	 280	 264	45.0%	47.7%	46.3%
------------------------------------------------------------------------------
M.avg            -	-	-	-	-	58.8%	54.5%	55.4%
------------------------------------------------------------------------------
m.avg             396	4273	 356	4669	 752	8.5%	52.7%	14.6%
m.avg(no class)   752	3917	   0	4669	 752	16.1%	100.0%	27.7%
