Model: "sequential"
_________________________________________________________________
Layer (type)                 Output Shape              Param #   
=================================================================
embedding (Embedding)        (None, 300, 40)           227320    
_________________________________________________________________
conv1d (Conv1D)              (None, 296, 40)           8040      
_________________________________________________________________
global_max_pooling1d (Global (None, 40)                0         
_________________________________________________________________
dense (Dense)                (None, 40)                1640      
_________________________________________________________________
dense_1 (Dense)              (None, 5)                 205       
=================================================================
Total params: 237,205
Trainable params: 237,205
Non-trainable params: 0
_________________________________________________________________


,loss,acc,val_loss,val_acc
0,0.4792821705341339,0.8595171570777893,0.28289103507995605,0.9026777744293213
1,0.2534394860267639,0.9064294695854187,0.22217445075511932,0.9113158583641052
2,0.19046862423419952,0.9287928938865662,0.212614044547081,0.9242729544639587
3,0.15463601052761078,0.9447522163391113,0.20023776590824127,0.9283040761947632
4,0.12945076823234558,0.9544599652290344,0.20105214416980743,0.9294558167457581
5,0.11000508815050125,0.9609656929969788,0.21038506925106049,0.9222574234008789
6,0.09534123539924622,0.9656416773796082,0.21696998178958893,0.9337748289108276
7,0.08346596360206604,0.9710800647735596,0.2248101383447647,0.9234091639518738
8,0.07614604383707047,0.973824679851532,0.2304944545030594,0.9317592978477478
9,0.07146798074245453,0.9744345545768738,0.24073992669582367,0.9317592978477478
10,0.061811838299036026,0.97855144739151,0.24199628829956055,0.930319607257843
11,0.058961108326911926,0.9790596961975098,0.26402273774147034,0.9208177328109741
12,0.052758317440748215,0.9812960624694824,0.2608577013015747,0.9320472478866577
13,0.05190455541014671,0.9822617769241333,0.2530766725540161,0.9320472478866577
14,0.04770220071077347,0.9829224944114685,0.2637876570224762,0.9355024695396423
15,0.04443838819861412,0.9842947721481323,0.26229485869407654,0.9375180006027222
16,0.04215165600180626,0.9851588606834412,0.30411475896835327,0.931183397769928
17,0.04025162383913994,0.9864294528961182,0.2832569181919098,0.9329110383987427
18,0.038280777633190155,0.9862262010574341,0.29935577511787415,0.9285919666290283
19,0.03623101860284805,0.9877001047134399,0.3122733533382416,0.9320472478866577


Results:
                   tp	  fp	  fn	#pred	#exp	P	R	F1
------------------------------------------------------------------------------
advise             93	  78	  45	 171	 138	54.4%	67.4%	60.2%
effect            129	  50	 186	 179	 315	72.1%	41.0%	52.2%
int                18	   9	  17	  27	  35	66.7%	51.4%	58.1%
mechanism         105	  78	 159	 183	 264	57.4%	39.8%	47.0%
------------------------------------------------------------------------------
M.avg            -	-	-	-	-	62.6%	49.9%	54.4%
------------------------------------------------------------------------------
m.avg             345	4324	 407	4669	 752	7.4%	45.9%	12.7%
m.avg(no class)   752	3917	   0	4669	 752	16.1%	100.0%	27.7%
