Model: "sequential"
_________________________________________________________________
Layer (type)                 Output Shape              Param #   
=================================================================
embedding (Embedding)        (None, 300, 30)           170490    
_________________________________________________________________
conv1d (Conv1D)              (None, 296, 40)           6040      
_________________________________________________________________
global_max_pooling1d (Global (None, 40)                0         
_________________________________________________________________
dense (Dense)                (None, 40)                1640      
_________________________________________________________________
dense_1 (Dense)              (None, 5)                 205       
=================================================================
Total params: 178,375
Trainable params: 178,375
Non-trainable params: 0
_________________________________________________________________


,loss,acc,val_loss,val_acc
0,0.4868648648262024,0.8615502119064331,0.323271781206131,0.8836740851402283
1,0.2520067095756531,0.9077001214027405,0.26101431250572205,0.9015260338783264
2,0.19394594430923462,0.9277763366699219,0.2429402768611908,0.9107400178909302
3,0.15738825500011444,0.9423633813858032,0.24198438227176666,0.9104520678520203
4,0.12988729774951935,0.9521219730377197,0.2272961139678955,0.9245609045028687
5,0.11137459427118301,0.9598983526229858,0.23342402279376984,0.9245609045028687
6,0.09578091651201248,0.9657941460609436,0.24473242461681366,0.9262884855270386
7,0.08515772223472595,0.969301164150238,0.24918362498283386,0.9262884855270386
8,0.07615236192941666,0.97240149974823,0.2638089954853058,0.9199539422988892
9,0.06723765283823013,0.9760609865188599,0.27116549015045166,0.9283040761947632
10,0.06460251659154892,0.9771283268928528,0.26168423891067505,0.9268643856048584
11,0.05822684243321419,0.9791613817214966,0.2824366092681885,0.9283040761947632
12,0.05361771583557129,0.9808386564254761,0.30257171392440796,0.9326230883598328
13,0.04965456575155258,0.9818043112754822,0.30334559082984924,0.9326230883598328
14,0.04712805151939392,0.9832274317741394,0.32593727111816406,0.9331989884376526


Results:
                   tp	  fp	  fn	#pred	#exp	P	R	F1
------------------------------------------------------------------------------
advise             76	  47	  62	 123	 138	61.8%	55.1%	58.2%
effect            134	  96	 181	 230	 315	58.3%	42.5%	49.2%
int                15	   1	  20	  16	  35	93.8%	42.9%	58.8%
mechanism         122	 102	 142	 224	 264	54.5%	46.2%	50.0%
------------------------------------------------------------------------------
M.avg            -	-	-	-	-	67.1%	46.7%	54.1%
------------------------------------------------------------------------------
m.avg             347	4322	 405	4669	 752	7.4%	46.1%	12.8%
m.avg(no class)   752	3917	   0	4669	 752	16.1%	100.0%	27.7%
