Model: "sequential"
_________________________________________________________________
Layer (type)                 Output Shape              Param #   
=================================================================
embedding (Embedding)        (None, 300, 75)           426225    
_________________________________________________________________
conv1d (Conv1D)              (None, 296, 40)           15040     
_________________________________________________________________
global_max_pooling1d (Global (None, 40)                0         
_________________________________________________________________
dense (Dense)                (None, 40)                1640      
_________________________________________________________________
dense_1 (Dense)              (None, 5)                 205       
=================================================================
Total params: 443,110
Trainable params: 443,110
Non-trainable params: 0
_________________________________________________________________


,loss,acc,val_loss,val_acc
0,1.1333107948303223,0.8531131148338318,1.0425468683242798,0.8545925617218018
1,0.9973032474517822,0.8597713112831116,1.0228536128997803,0.8557443022727966
2,0.9636262059211731,0.8497077226638794,1.6112828254699707,0.4644399583339691
3,1.045536994934082,0.8462007641792297,1.0241951942443848,0.8545925617218018
4,0.9287675619125366,0.8667852878570557,1.0152536630630493,0.8799309134483337
5,,0.8931639194488525,,0.8545925617218018
6,,0.8530622720718384,,0.8545925617218018
7,,0.8530622720718384,,0.8545925617218018
8,,0.8530622720718384,,0.8545925617218018
9,,0.8530622720718384,,0.8545925617218018
10,,0.8530622720718384,,0.8545925617218018
11,,0.8530622720718384,,0.8545925617218018
12,,0.8530622720718384,,0.8545925617218018
13,,0.8530622720718384,,0.8545925617218018
14,,0.8530622720718384,,0.8545925617218018


Results:
                   tp	  fp	  fn	#pred	#exp	P	R	F1
------------------------------------------------------------------------------
advise              0	   0	 138	   0	 138	0.0%	0.0%	0.0%
effect              0	   0	 315	   0	 315	0.0%	0.0%	0.0%
int                 0	   0	  35	   0	  35	0.0%	0.0%	0.0%
mechanism           0	   0	 264	   0	 264	0.0%	0.0%	0.0%
------------------------------------------------------------------------------
M.avg            -	-	-	-	-	0.0%	0.0%	0.0%
------------------------------------------------------------------------------
m.avg               0	4669	 752	4669	 752	0.0%	0.0%	0.0%
m.avg(no class)   752	3917	   0	4669	 752	16.1%	100.0%	27.7%
