Model: "sequential"
_________________________________________________________________
Layer (type)                 Output Shape              Param #   
=================================================================
embedding (Embedding)        (None, 300, 75)           426225    
_________________________________________________________________
conv1d (Conv1D)              (None, 296, 40)           15040     
_________________________________________________________________
bidirectional (Bidirectional (None, 296, 80)           25920     
_________________________________________________________________
global_max_pooling1d (Global (None, 80)                0         
_________________________________________________________________
dense (Dense)                (None, 40)                3240      
_________________________________________________________________
dense_1 (Dense)              (None, 5)                 205       
=================================================================
Total params: 470,630
Trainable params: 470,630
Non-trainable params: 0
_________________________________________________________________


,loss,acc,val_loss,val_acc
0,0.46338704228401184,0.8674615621566772,0.4293009638786316,0.8573570251464844
1,0.23450535535812378,0.9208139181137085,0.34250980615615845,0.8941957354545593
2,0.14973241090774536,0.9479868412017822,0.3394250273704529,0.8939815759658813
3,0.10825812071561813,0.9632797837257385,0.32986176013946533,0.8935531973838806
4,0.081455297768116,0.9736910462379456,0.3552997410297394,0.8946241140365601
5,0.06547495722770691,0.97749263048172,0.37655356526374817,0.8959091901779175
6,0.05413118749856949,0.981035053730011,0.39339667558670044,0.8941957354545593
7,0.04321952909231186,0.9858735203742981,0.4224688410758972,0.8892696499824524
8,0.03991209343075752,0.9864351153373718,0.4972520172595978,0.8862711787223816
9,0.030681947246193886,0.989372730255127,0.45721307396888733,0.8950524926185608
10,0.03694253787398338,0.9876447319984436,0.4256838262081146,0.8935531973838806
11,0.03023838810622692,0.9902799129486084,0.4689614176750183,0.8941957354545593
12,0.026340629905462265,0.9915759563446045,0.47081872820854187,0.8956950306892395
13,0.019610688090324402,0.9939087629318237,0.4833311438560486,0.8989076614379883
14,0.023598328232765198,0.991662323474884,0.5018197298049927,0.8890554904937744


Results: (devel)
                   tp	  fp	  fn	#pred	#exp	P	R	F1
------------------------------------------------------------------------------
advise             95	  69	  43	 164	 138	57.9%	68.8%	62.9%
effect            181	 137	 134	 318	 315	56.9%	57.5%	57.2%
int                17	  19	  18	  36	  35	47.2%	48.6%	47.9%
mechanism         152	  56	 112	 208	 264	73.1%	57.6%	64.4%
------------------------------------------------------------------------------
M.avg            -	-	-	-	-	58.8%	58.1%	58.1%
------------------------------------------------------------------------------
m.avg             445	4224	 307	4669	 752	9.5%	59.2%	16.4%
m.avg(no class)   752	3917	   0	4669	 752	16.1%	100.0%	27.7%


Results: (test)
                   tp	  fp	  fn	#pred	#exp	P	R	F1
------------------------------------------------------------------------------
advise            133	  62	  79	 195	 212	68.2%	62.7%	65.4%
effect            185	 160	  98	 345	 283	53.6%	65.4%	58.9%
int                 4	  19	  14	  23	  18	17.4%	22.2%	19.5%
mechanism         190	 126	 147	 316	 337	60.1%	56.4%	58.2%
------------------------------------------------------------------------------
M.avg            -	-	-	-	-	49.8%	51.7%	50.5%
------------------------------------------------------------------------------
m.avg             512	5179	 338	5691	 850	9.0%	60.2%	15.7%
m.avg(no class)   850	4841	   0	5691	 850	14.9%	100.0%	26.0%
