Model: "sequential"
_________________________________________________________________
Layer (type)                 Output Shape              Param #   
=================================================================
embedding (Embedding)        (None, 300, 40)           227320    
_________________________________________________________________
conv1d (Conv1D)              (None, 296, 40)           8040      
_________________________________________________________________
bidirectional (Bidirectional (None, 296, 80)           25920     
_________________________________________________________________
bidirectional_1 (Bidirection (None, 296, 80)           38720     
_________________________________________________________________
bidirectional_2 (Bidirection (None, 296, 80)           38720     
_________________________________________________________________
global_max_pooling1d (Global (None, 80)                0         
_________________________________________________________________
dense (Dense)                (None, 40)                3240      
_________________________________________________________________
dense_1 (Dense)              (None, 5)                 205       
=================================================================
Total params: 342,165
Trainable params: 342,165
Non-trainable params: 0
_________________________________________________________________


,loss,acc,val_loss,val_acc
0,0.5483949780464172,0.8515883088111877,0.43752503395080566,0.8603512644767761
1,0.37661245465278625,0.8712071180343628,0.3511025607585907,0.861503005027771
2,0.27700749039649963,0.9001270532608032,0.28273919224739075,0.8940397500991821
3,0.22018422186374664,0.9210673570632935,0.23707042634487152,0.9170745611190796
4,0.17794568836688995,0.9357560276985168,0.24498829245567322,0.9139072895050049
5,0.15185992419719696,0.9484117031097412,0.21546748280525208,0.9260005950927734
6,0.12940332293510437,0.954307496547699,0.21003271639347076,0.931183397769928
7,0.11184730380773544,0.9607623815536499,0.23892857134342194,0.9300316572189331
8,0.10272149741649628,0.9647776484489441,0.22291089594364166,0.930319607257843
9,0.09400777518749237,0.9680812954902649,0.20913945138454437,0.9360783100128174


Results:
                   tp	  fp	  fn	#pred	#exp	P	R	F1
------------------------------------------------------------------------------
advise             79	  78	  59	 157	 138	50.3%	57.2%	53.6%
effect            177	 183	 138	 360	 315	49.2%	56.2%	52.4%
int                15	   9	  20	  24	  35	62.5%	42.9%	50.8%
mechanism         128	 153	 136	 281	 264	45.6%	48.5%	47.0%
------------------------------------------------------------------------------
M.avg            -	-	-	-	-	51.9%	51.2%	51.0%
------------------------------------------------------------------------------
m.avg             399	4270	 353	4669	 752	8.5%	53.1%	14.7%
m.avg(no class)   752	3917	   0	4669	 752	16.1%	100.0%	27.7%
