Model: "sequential"
_________________________________________________________________
Layer (type)                 Output Shape              Param #   
=================================================================
embedding (Embedding)        (None, 300, 75)           426225    
_________________________________________________________________
conv1d (Conv1D)              (None, 296, 30)           11280     
_________________________________________________________________
global_max_pooling1d (Global (None, 30)                0         
_________________________________________________________________
dense (Dense)                (None, 30)                930       
_________________________________________________________________
dense_1 (Dense)              (None, 5)                 155       
=================================================================
Total params: 438,590
Trainable params: 438,590
Non-trainable params: 0
_________________________________________________________________


,loss,acc,val_loss,val_acc
0,0.5239759683609009,0.8469123244285583,0.3168094754219055,0.8882810473442078
1,0.2659268081188202,0.9011436104774475,0.27943554520606995,0.895767331123352
2,0.20256537199020386,0.9232528805732727,0.24483957886695862,0.9078606367111206
3,0.16474366188049316,0.9372808337211609,0.22859010100364685,0.9141952395439148
4,0.1389903575181961,0.9480050802230835,0.22682131826877594,0.9188022017478943
5,0.11963795125484467,0.9555273056030273,0.23008030652999878,0.9196659922599792
6,0.10381098091602325,0.9613723158836365,0.24008651077747345,0.9271523356437683
7,0.09285459667444229,0.9663532376289368,0.24243539571762085,0.9274402260780334
8,0.08623706549406052,0.9682338237762451,0.2780281901359558,0.922833263874054
9,0.0776514932513237,0.971994936466217,0.26435765624046326,0.9271523356437683
10,0.06957341730594635,0.975095272064209,0.27040398120880127,0.9222574234008789
11,0.06637965142726898,0.975857675075531,0.2733018398284912,0.9291678667068481
12,0.06298589706420898,0.9768742322921753,0.2850424349308014,0.9308955073356628
13,0.05725324898958206,0.9794663190841675,0.30902644991874695,0.9242729544639587
14,0.05366203561425209,0.9809911251068115,0.3088770806789398,0.9248488545417786


Results:
                   tp	  fp	  fn	#pred	#exp	P	R	F1
------------------------------------------------------------------------------
advise             80	  77	  58	 157	 138	51.0%	58.0%	54.2%
effect            153	  73	 162	 226	 315	67.7%	48.6%	56.6%
int                28	  24	   7	  52	  35	53.8%	80.0%	64.4%
mechanism         146	 195	 118	 341	 264	42.8%	55.3%	48.3%
------------------------------------------------------------------------------
M.avg            -	-	-	-	-	53.8%	60.5%	55.9%
------------------------------------------------------------------------------
m.avg             407	4262	 345	4669	 752	8.7%	54.1%	15.0%
m.avg(no class)   752	3917	   0	4669	 752	16.1%	100.0%	27.7%
