Model: "sequential"
_________________________________________________________________
Layer (type)                 Output Shape              Param #   
=================================================================
embedding (Embedding)        (None, 300, 40)           227320    
_________________________________________________________________
conv1d (Conv1D)              (None, 296, 40)           8040      
_________________________________________________________________
bidirectional (Bidirectional (None, 296, 80)           25920     
_________________________________________________________________
bidirectional_1 (Bidirection (None, 296, 80)           38720     
_________________________________________________________________
global_max_pooling1d (Global (None, 80)                0         
_________________________________________________________________
dense (Dense)                (None, 40)                3240      
_________________________________________________________________
dense_1 (Dense)              (None, 5)                 205       
=================================================================
Total params: 303,445
Trainable params: 303,445
Non-trainable params: 0
_________________________________________________________________


,loss,acc,val_loss,val_acc
0,0.5310426354408264,0.8543837070465088,0.43257278203964233,0.8617909550666809
1,0.3723233640193939,0.8722236156463623,0.3816048502922058,0.8663979172706604
2,0.2985638976097107,0.8942821025848389,0.3256320655345917,0.8940397500991821
3,0.23307162523269653,0.9184243679046631,0.297409325838089,0.8974949717521667
4,0.18181926012039185,0.9359084963798523,0.2820090055465698,0.9078606367111206
5,0.15164029598236084,0.9448539018630981,0.27843695878982544,0.9041174650192261
6,0.1249566301703453,0.9564421772956848,0.2516136169433594,0.9193780422210693
7,0.10920930653810501,0.9626937508583069,0.26071199774742126,0.9225453734397888
8,0.09537044167518616,0.9669631719589233,0.25325942039489746,0.9277281761169434
9,0.08611218631267548,0.969707727432251,0.25479233264923096,0.9283040761947632


Results:
                   tp	  fp	  fn	#pred	#exp	P	R	F1
------------------------------------------------------------------------------
advise             86	  63	  52	 149	 138	57.7%	62.3%	59.9%
effect            131	  66	 184	 197	 315	66.5%	41.6%	51.2%
int                15	   7	  20	  22	  35	68.2%	42.9%	52.6%
mechanism          97	 102	 167	 199	 264	48.7%	36.7%	41.9%
------------------------------------------------------------------------------
M.avg            -	-	-	-	-	60.3%	45.9%	51.4%
------------------------------------------------------------------------------
m.avg             329	4340	 423	4669	 752	7.0%	43.8%	12.1%
m.avg(no class)   752	3917	   0	4669	 752	16.1%	100.0%	27.7%
