Model: "sequential"
_________________________________________________________________
Layer (type)                 Output Shape              Param #   
=================================================================
embedding (Embedding)        (None, 300, 50)           284150    
_________________________________________________________________
conv1d (Conv1D)              (None, 296, 40)           10040     
_________________________________________________________________
global_max_pooling1d (Global (None, 40)                0         
_________________________________________________________________
dense (Dense)                (None, 40)                1640      
_________________________________________________________________
dense_1 (Dense)              (None, 5)                 205       
=================================================================
Total params: 296,035
Trainable params: 296,035
Non-trainable params: 0
_________________________________________________________________


,loss,acc,val_loss,val_acc
0,0.4393964409828186,0.8696315288543701,0.2871021032333374,0.8897206783294678
1,0.24122662842273712,0.9082592129707336,0.2536998987197876,0.8992225527763367
2,0.1787077933549881,0.9314866662025452,0.2270256131887436,0.9110279083251953
3,0.1441933661699295,0.9440406560897827,0.22604432702064514,0.9176504611968994
4,0.11955023556947708,0.9542058706283569,0.23185408115386963,0.9199539422988892
5,0.10415822267532349,0.9606099128723145,0.2504926919937134,0.921393632888794
6,0.08908287435770035,0.9674205780029297,0.24265748262405396,0.921393632888794
7,0.08194327354431152,0.9702160358428955,0.26816871762275696,0.9239850044250488
8,0.07264832407236099,0.9736721515655518,0.2907284200191498,0.9251367449760437
9,0.06680916249752045,0.9760101437568665,0.2871444821357727,0.9268643856048584
10,0.061180274933576584,0.977687418460846,0.3017027676105499,0.9283040761947632
11,0.05440041422843933,0.9804320335388184,0.3066446781158447,0.9265764355659485
12,0.05431395024061203,0.980482816696167,0.3250192403793335,0.9271523356437683
13,0.0475153885781765,0.983074963092804,0.32699787616729736,0.9251367449760437
14,0.04312838241457939,0.9848030209541321,0.34029173851013184,0.9208177328109741


Results:
                   tp	  fp	  fn	#pred	#exp	P	R	F1
------------------------------------------------------------------------------
advise             81	  58	  57	 139	 138	58.3%	58.7%	58.5%
effect            188	 177	 127	 365	 315	51.5%	59.7%	55.3%
int                29	   7	   6	  36	  35	80.6%	82.9%	81.7%
mechanism         147	 195	 117	 342	 264	43.0%	55.7%	48.5%
------------------------------------------------------------------------------
M.avg            -	-	-	-	-	58.3%	64.2%	61.0%
------------------------------------------------------------------------------
m.avg             445	4224	 307	4669	 752	9.5%	59.2%	16.4%
m.avg(no class)   752	3917	   0	4669	 752	16.1%	100.0%	27.7%
