Model: "sequential"
_________________________________________________________________
Layer (type)                 Output Shape              Param #   
=================================================================
embedding (Embedding)        (None, 300, 40)           227320    
_________________________________________________________________
conv1d (Conv1D)              (None, 296, 40)           8040      
_________________________________________________________________
bidirectional (Bidirectional (None, 296, 80)           25920     
_________________________________________________________________
global_max_pooling1d (Global (None, 80)                0         
_________________________________________________________________
dense (Dense)                (None, 40)                3240      
_________________________________________________________________
dense_1 (Dense)              (None, 5)                 205       
=================================================================
Total params: 264,725
Trainable params: 264,725
Non-trainable params: 0
_________________________________________________________________


,loss,acc,val_loss,val_acc
0,0.5149157047271729,0.8558576703071594,0.40222543478012085,0.8623668551445007
1,0.32893186807632446,0.8871156573295593,0.33126989006996155,0.8879930973052979
2,0.22297847270965576,0.922083854675293,0.24167151749134064,0.9116038084030151
3,0.1637822985649109,0.940940260887146,0.22233539819717407,0.9277281761169434
4,0.13326618075370789,0.9520203471183777,0.2247403860092163,0.9251367449760437
5,0.10941158980131149,0.9604066014289856,0.21699391305446625,0.9331989884376526
6,0.09126032143831253,0.9669631719589233,0.1975667029619217,0.9320472478866577
7,0.07585683465003967,0.97306227684021,0.20342618227005005,0.938669741153717
8,0.06581881642341614,0.9767217040061951,0.19510571658611298,0.940397322177887
9,0.053739432245492935,0.9810927510261536,0.21743783354759216,0.9412611722946167


Results:
                   tp	  fp	  fn	#pred	#exp	P	R	F1
------------------------------------------------------------------------------
advise             75	  64	  63	 139	 138	54.0%	54.3%	54.2%
effect            205	 163	 110	 368	 315	55.7%	65.1%	60.0%
int                24	  45	  11	  69	  35	34.8%	68.6%	46.2%
mechanism         120	  59	 144	 179	 264	67.0%	45.5%	54.2%
------------------------------------------------------------------------------
M.avg            -	-	-	-	-	52.9%	58.4%	53.6%
------------------------------------------------------------------------------
m.avg             424	4245	 328	4669	 752	9.1%	56.4%	15.6%
m.avg(no class)   752	3917	   0	4669	 752	16.1%	100.0%	27.7%
