Model: "sequential"
_________________________________________________________________
Layer (type)                 Output Shape              Param #   
=================================================================
embedding (Embedding)        (None, 300, 75)           426225    
_________________________________________________________________
conv1d (Conv1D)              (None, 296, 40)           15040     
_________________________________________________________________
global_max_pooling1d (Global (None, 40)                0         
_________________________________________________________________
dense (Dense)                (None, 40)                1640      
_________________________________________________________________
dense_1 (Dense)              (None, 5)                 205       
=================================================================
Total params: 443,110
Trainable params: 443,110
Non-trainable params: 0
_________________________________________________________________


,loss,acc,val_loss,val_acc
0,0.48109522461891174,0.8614485263824463,0.3029235303401947,0.8963432312011719
1,0.26519933342933655,0.9057179093360901,0.23574765026569366,0.9153469800949097
2,0.1992296278476715,0.926708996295929,0.2153044044971466,0.9234091639518738
3,0.16281794011592865,0.9404828548431396,0.2040431648492813,0.929743766784668
4,0.13800513744354248,0.9505972266197205,0.20643207430839539,0.9300316572189331
5,0.11723451316356659,0.9584752321243286,0.20751290023326874,0.931183397769928
6,0.10290269553661346,0.9637103080749512,0.21908830106258392,0.9306075572967529
7,0.09134640544652939,0.968538761138916,0.21623189747333527,0.9323351383209229
8,0.08251310139894485,0.9701143503189087,0.2244178056716919,0.931183397769928
9,0.0742541030049324,0.973824679851532,0.22155514359474182,0.939533531665802
10,0.06837634742259979,0.9752985835075378,0.2274157553911209,0.9369421005249023
11,0.060235995799303055,0.9799745678901672,0.24080224335193634,0.938957691192627
12,0.05667184665799141,0.9810927510261536,0.2599693834781647,0.9378059506416321
13,0.051600050181150436,0.9824650287628174,0.2929117977619171,0.9343507289886475
14,0.04945610836148262,0.9829733371734619,0.2628970742225647,0.9343507289886475


Results:
TODO


Results:
                   tp	  fp	  fn	#pred	#exp	P	R	F1
------------------------------------------------------------------------------
advise             76	  41	  62	 117	 138	65.0%	55.1%	59.6%
effect            162	 116	 153	 278	 315	58.3%	51.4%	54.6%
int                17	   0	  18	  17	  35	100.0%	48.6%	65.4%
mechanism         149	 194	 115	 343	 264	43.4%	56.4%	49.1%
------------------------------------------------------------------------------
M.avg            -	-	-	-	-	66.7%	52.9%	57.2%
------------------------------------------------------------------------------
m.avg             404	4265	 348	4669	 752	8.7%	53.7%	14.9%
m.avg(no class)   752	3917	   0	4669	 752	16.1%	100.0%	27.7%
