Model: "sequential"
_________________________________________________________________
Layer (type)                 Output Shape              Param #   
=================================================================
embedding (Embedding)        (None, 100, 75)           392100    
_________________________________________________________________
conv1d (Conv1D)              (None, 96, 40)            15040     
_________________________________________________________________
global_max_pooling1d (Global (None, 40)                0         
_________________________________________________________________
dense (Dense)                (None, 40)                1640      
_________________________________________________________________
dense_1 (Dense)              (None, 5)                 205       
=================================================================
Total params: 408,985
Trainable params: 408,985
Non-trainable params: 0
_________________________________________________________________


,loss,acc,val_loss,val_acc
0,0.42090898752212524,0.875756025314331,0.34639665484428406,0.8755621910095215
1,0.17591676115989685,0.9374892115592957,0.3292425870895386,0.8852002620697021
2,0.10510005801916122,0.9637549519538879,0.38679593801498413,0.8644249439239502
3,0.06948472559452057,0.9765854477882385,0.4043491780757904,0.8659241795539856
4,0.047922901809215546,0.9836702942848206,0.42855703830718994,0.8854144215583801
5,0.03709811717271805,0.9874287247657776,0.4849022328853607,0.8862711787223816
6,0.029258539900183678,0.9905391335487366,0.4728274941444397,0.8815591931343079
7,0.026242364197969437,0.9911871552467346,0.49169865250587463,0.8697794079780579
8,0.018268965184688568,0.9946431517601013,0.5629659295082092,0.8590704798698425
9,0.019800636917352676,0.993563175201416,0.7177850604057312,0.8325123190879822
10,0.020435558632016182,0.9941247701644897,0.6239035725593567,0.8445063233375549
11,0.013924527913331985,0.9951615929603577,0.6533370018005371,0.8594987988471985
12,0.013499447144567966,0.996241569519043,0.7788440585136414,0.8331548571586609
13,0.014093835838139057,0.9953343868255615,0.7369709610939026,0.8485757112503052
14,0.010739114135503769,0.996889591217041,0.7701754570007324,0.8496466279029846


Results: (test)
                   tp	  fp	  fn	#pred	#exp	P	R	F1
------------------------------------------------------------------------------
advise            104	  50	 108	 154	 212	67.5%	49.1%	56.8%
effect            171	 142	 112	 313	 283	54.6%	60.4%	57.4%
int                 3	   1	  15	   4	  18	75.0%	16.7%	27.3%
mechanism         161	 123	 176	 284	 337	56.7%	47.8%	51.9%
------------------------------------------------------------------------------
M.avg            -	-	-	-	-	63.5%	43.5%	48.3%
------------------------------------------------------------------------------
m.avg             439	5252	 411	5691	 850	7.7%	51.6%	13.4%
m.avg(no class)   850	4841	   0	5691	 850	14.9%	100.0%	26.0%
