Model: "sequential"
_________________________________________________________________
Layer (type)                 Output Shape              Param #   
=================================================================
embedding (Embedding)        (None, 300, 40)           227320    
_________________________________________________________________
conv1d (Conv1D)              (None, 296, 40)           8040      
_________________________________________________________________
global_max_pooling1d (Global (None, 40)                0         
_________________________________________________________________
dense (Dense)                (None, 40)                1640      
_________________________________________________________________
dense_1 (Dense)              (None, 5)                 205       
=================================================================
Total params: 237,205
Trainable params: 237,205
Non-trainable params: 0
_________________________________________________________________


,loss,acc,val_loss,val_acc
0,0.46785300970077515,0.8670902252197266,0.287526398897171,0.9029657244682312
1,0.2427590936422348,0.9099872708320618,0.25820088386535645,0.9081485867500305
2,0.1837012767791748,0.9306734204292297,0.2220717817544937,0.9222574234008789
3,0.1517363041639328,0.9436848759651184,0.22177843749523163,0.9216815233230591
4,0.12910249829292297,0.950546383857727,0.22272366285324097,0.9280161261558533


Results:
                   tp	  fp	  fn	#pred	#exp	P	R	F1
------------------------------------------------------------------------------
advise             89	  71	  49	 160	 138	55.6%	64.5%	59.7%
effect            158	  75	 157	 233	 315	67.8%	50.2%	57.7%
int                16	   3	  19	  19	  35	84.2%	45.7%	59.3%
mechanism         116	  69	 148	 185	 264	62.7%	43.9%	51.7%
------------------------------------------------------------------------------
M.avg            -	-	-	-	-	67.6%	51.1%	57.1%
------------------------------------------------------------------------------
m.avg             379	4290	 373	4669	 752	8.1%	50.4%	14.0%
m.avg(no class)   752	3917	   0	4669	 752	16.1%	100.0%	27.7%
