Model: "sequential"
_________________________________________________________________
Layer (type)                 Output Shape              Param #   
=================================================================
embedding (Embedding)        (None, 300, 75)           426225    
_________________________________________________________________
conv1d (Conv1D)              (None, 296, 40)           15040     
_________________________________________________________________
global_max_pooling1d (Global (None, 40)                0         
_________________________________________________________________
dense (Dense)                (None, 40)                1640      
_________________________________________________________________
dense_1 (Dense)              (None, 5)                 205       
_________________________________________________________________
softmax (Softmax)            (None, 5)                 0         
=================================================================
Total params: 443,110
Trainable params: 443,110
Non-trainable params: 0
_________________________________________________________________


,loss,acc,val_loss,val_acc
0,0.51801997423172,0.8553494215011597,0.42318642139434814,0.8571839928627014
1,0.3781680464744568,0.8622109293937683,0.3688996434211731,0.8661099672317505
2,0.3177942633628845,0.8721219897270203,0.34300029277801514,0.8687013983726501
3,0.28451037406921387,0.8820838332176208,0.3423919975757599,0.8758997917175293
4,0.24196143448352814,0.900635302066803,0.3116689920425415,0.8807947039604187
5,0.21222765743732452,0.9066327810287476,0.3205186426639557,0.885977566242218
6,0.19383198022842407,0.9112071394920349,0.3310433626174927,0.8819464445114136
7,0.1913144439458847,0.9111054539680481,0.32494816184043884,0.8856896162033081
8,0.1776796579360962,0.9136467576026917,0.354513019323349,0.8862654566764832
9,0.17307186126708984,0.9154256582260132,0.33197417855262756,0.8845378756523132
10,0.1698935627937317,0.9165946841239929,0.3478243947029114,0.8871293067932129
11,0.16667066514492035,0.9173062443733215,0.383731871843338,0.886841356754303
12,0.16178928315639496,0.9182718992233276,0.35430601239204407,0.8848258256912231
13,0.1606210321187973,0.9175095558166504,0.3696221709251404,0.886841356754303
14,0.15999381244182587,0.9187802076339722,0.3792893588542938,0.8900086283683777


Results:
TODO


Results:
                   tp	  fp	  fn	#pred	#exp	P	R	F1
------------------------------------------------------------------------------
advise            100	  88	  38	 188	 138	53.2%	72.5%	61.3%
effect              0	   0	 315	   0	 315	0.0%	0.0%	0.0%
int                 0	   0	  35	   0	  35	0.0%	0.0%	0.0%
mechanism         120	  80	 144	 200	 264	60.0%	45.5%	51.7%
------------------------------------------------------------------------------
M.avg            -	-	-	-	-	28.3%	29.5%	28.3%
------------------------------------------------------------------------------
m.avg             220	4449	 532	4669	 752	4.7%	29.3%	8.1%
m.avg(no class)   752	3917	   0	4669	 752	16.1%	100.0%	27.7%
