Model: "sequential"
_________________________________________________________________
Layer (type)                 Output Shape              Param #   
=================================================================
embedding (Embedding)        (None, 300, 75)           426225    
_________________________________________________________________
conv1d (Conv1D)              (None, 296, 30)           11280     
_________________________________________________________________
bidirectional (Bidirectional (None, 296, 60)           14640     
_________________________________________________________________
global_max_pooling1d (Global (None, 60)                0         
_________________________________________________________________
dense (Dense)                (None, 30)                1830      
_________________________________________________________________
dense_1 (Dense)              (None, 5)                 155       
=================================================================
Total params: 454,130
Trainable params: 454,130
Non-trainable params: 0
_________________________________________________________________


,loss,acc,val_loss,val_acc
0,0.5209044814109802,0.8546887040138245,0.3779867887496948,0.8741722106933594
1,0.3143698275089264,0.8922490477561951,0.28148674964904785,0.9041174650192261
2,0.20649483799934387,0.9252858757972717,0.22480225563049316,0.9242729544639587
3,0.1530362069606781,0.9440914988517761,0.19987957179546356,0.9236971139907837
4,0.12202039361000061,0.955069899559021,0.194844588637352,0.9280161261558533
5,0.10101199150085449,0.9627954363822937,0.19669631123542786,0.9326230883598328
6,0.08398772776126862,0.970470130443573,0.19944065809249878,0.9326230883598328
7,0.07070460170507431,0.975857675075531,0.1985645741224289,0.9398214817047119
8,0.06264130771160126,0.9782465100288391,0.22201040387153625,0.938957691192627
9,0.052467744797468185,0.9821092486381531,0.20944759249687195,0.9429887533187866
10,0.045700617134571075,0.9838882088661194,0.2357449233531952,0.9435646533966064
11,0.040540486574172974,0.9858195781707764,0.2239779531955719,0.940397322177887
12,0.033486343920230865,0.989224910736084,0.24036750197410583,0.9438526034355164
13,0.03271561861038208,0.9892757534980774,0.23439878225326538,0.9438526034355164
14,0.027923446148633957,0.9903430938720703,0.23414595425128937,0.938957691192627


Results:
                   tp	  fp	  fn	#pred	#exp	P	R	F1
------------------------------------------------------------------------------
advise             90	  67	  48	 157	 138	57.3%	65.2%	61.0%
effect            176	 100	 139	 276	 315	63.8%	55.9%	59.6%
int                16	  13	  19	  29	  35	55.2%	45.7%	50.0%
mechanism         174	  98	  90	 272	 264	64.0%	65.9%	64.9%
------------------------------------------------------------------------------
M.avg            -	-	-	-	-	60.1%	58.2%	58.9%
------------------------------------------------------------------------------
m.avg             456	4213	 296	4669	 752	9.8%	60.6%	16.8%
m.avg(no class)   752	3917	   0	4669	 752	16.1%	100.0%	27.7%
