Model: "sequential"
_________________________________________________________________
Layer (type)                 Output Shape              Param #   
=================================================================
embedding (Embedding)        (None, 300, 75)           426225    
_________________________________________________________________
conv1d (Conv1D)              (None, 296, 40)           15040     
_________________________________________________________________
global_max_pooling1d (Global (None, 40)                0         
_________________________________________________________________
dense (Dense)                (None, 40)                1640      
_________________________________________________________________
dense_1 (Dense)              (None, 5)                 205       
=================================================================
Total params: 443,110
Trainable params: 443,110
Non-trainable params: 0
_________________________________________________________________


,loss,acc,val_loss,val_acc
0,0.40646684169769287,0.8723431825637817,0.35499289631843567,0.8723495602607727
1,0.21073594689369202,0.9218075275421143,0.3544730842113495,0.8817734122276306
2,0.15266044437885284,0.944012463092804,0.3435579836368561,0.8888412714004517
3,0.1240760013461113,0.9553741216659546,0.35405075550079346,0.8633540272712708
4,0.10186142474412918,0.9637117385864258,0.36632204055786133,0.8824159502983093
5,0.08667270094156265,0.9688525795936584,0.3783683478832245,0.8911972641944885
6,0.0764559730887413,0.9738638401031494,0.3742748200893402,0.8693510293960571
7,0.06950411945581436,0.974382221698761,0.4146776497364044,0.8768472671508789
8,0.06161976233124733,0.9783998727798462,0.4184708297252655,0.8888412714004517
9,0.05999816954135895,0.9786590337753296,0.42203617095947266,0.8684943318367004
10,0.05133243277668953,0.9818558692932129,0.4333319365978241,0.8738487958908081
11,0.048401180654764175,0.983151912689209,0.44862499833106995,0.876418948173523
12,0.04760849103331566,0.9832814931869507,0.5091209411621094,0.8888412714004517
13,0.045026544481515884,0.9840158820152283,0.5041550993919373,0.8796316385269165
14,0.03969276696443558,0.985009491443634,0.5283284187316895,0.8888412714004517


Results: (devel)
                   tp	  fp	  fn	#pred	#exp	P	R	F1
------------------------------------------------------------------------------
advise             84	  41	  54	 125	 138	67.2%	60.9%	63.9%
effect            169	  63	 146	 232	 315	72.8%	53.7%	61.8%
int                30	  24	   5	  54	  35	55.6%	85.7%	67.4%
mechanism         118	  82	 146	 200	 264	59.0%	44.7%	50.9%
------------------------------------------------------------------------------
M.avg            -	-	-	-	-	63.7%	61.2%	61.0%
------------------------------------------------------------------------------
m.avg             401	4268	 351	4669	 752	8.6%	53.3%	14.8%
m.avg(no class)   752	3917	   0	4669	 752	16.1%	100.0%	27.7%


Results: (test)
                   tp	  fp	  fn	#pred	#exp	P	R	F1
------------------------------------------------------------------------------
advise            100	  41	 112	 141	 212	70.9%	47.2%	56.7%
effect            131	  85	 152	 216	 283	60.6%	46.3%	52.5%
int                 9	  27	   9	  36	  18	25.0%	50.0%	33.3%
mechanism         146	 121	 191	 267	 337	54.7%	43.3%	48.3%
------------------------------------------------------------------------------
M.avg            -	-	-	-	-	52.8%	46.7%	47.7%
------------------------------------------------------------------------------
m.avg             386	5305	 464	5691	 850	6.8%	45.4%	11.8%
m.avg(no class)   850	4841	   0	5691	 850	14.9%	100.0%	26.0%
