Model: "sequential"
_________________________________________________________________
Layer (type)                 Output Shape              Param #   
=================================================================
embedding (Embedding)        (None, 300, 40)           227320    
_________________________________________________________________
conv1d (Conv1D)              (None, 296, 40)           8040      
_________________________________________________________________
global_max_pooling1d (Global (None, 40)                0         
_________________________________________________________________
dense (Dense)                (None, 40)                1640      
_________________________________________________________________
dense_1 (Dense)              (None, 5)                 205       
=================================================================
Total params: 237,205
Trainable params: 237,205
Non-trainable params: 0
_________________________________________________________________


,loss,acc,val_loss,val_acc
0,0.5005106925964355,0.8553494215011597,0.3603631854057312,0.8710048794746399
1,0.26242318749427795,0.9070901870727539,0.2650035321712494,0.8963432312011719
2,0.19344283640384674,0.9282846450805664,0.24146346747875214,0.9107400178909302
3,0.15540939569473267,0.9430241584777832,0.23439715802669525,0.9153469800949097
4,0.13068537414073944,0.9522744417190552,0.2393271028995514,0.9216815233230591
5,0.10974950343370438,0.959796667098999,0.2512684762477875,0.9188022017478943
6,0.09689141809940338,0.9639644026756287,0.26130878925323486,0.9124675989151001
7,0.08425231277942657,0.9695044755935669,0.2530759871006012,0.9274402260780334
8,0.07560434192419052,0.9729605913162231,0.24712978303432465,0.9277281761169434
9,0.06936180591583252,0.975756049156189,0.27684688568115234,0.9254246950149536


Results:
                   tp	  fp	  fn	#pred	#exp	P	R	F1
------------------------------------------------------------------------------
advise            100	  68	  38	 168	 138	59.5%	72.5%	65.4%
effect            152	  89	 163	 241	 315	63.1%	48.3%	54.7%
int                18	   9	  17	  27	  35	66.7%	51.4%	58.1%
mechanism         164	 157	 100	 321	 264	51.1%	62.1%	56.1%
------------------------------------------------------------------------------
M.avg            -	-	-	-	-	60.1%	58.6%	58.5%
------------------------------------------------------------------------------
m.avg             434	4235	 318	4669	 752	9.3%	57.7%	16.0%
m.avg(no class)   752	3917	   0	4669	 752	16.1%	100.0%	27.7%
