Model: "sequential"
_________________________________________________________________
Layer (type)                 Output Shape              Param #   
=================================================================
embedding (Embedding)        (None, 300, 75)           426225    
_________________________________________________________________
conv1d (Conv1D)              (None, 296, 75)           28200     
_________________________________________________________________
global_max_pooling1d (Global (None, 75)                0         
_________________________________________________________________
dense (Dense)                (None, 75)                5700      
_________________________________________________________________
dense_1 (Dense)              (None, 5)                 380       
=================================================================
Total params: 460,505
Trainable params: 460,505
Non-trainable params: 0
_________________________________________________________________


,loss,acc,val_loss,val_acc
0,0.4243358373641968,0.8684625029563904,0.26691725850105286,0.9055571556091309
1,0.21217156946659088,0.9213722944259644,0.21855343878269196,0.9231212139129639
2,0.14933766424655914,0.9447522163391113,0.21404841542243958,0.9222574234008789
3,0.11786358803510666,0.9568996429443359,0.22626352310180664,0.930319607257843
4,0.09372426569461823,0.9660483002662659,0.23344609141349792,0.9334868788719177
5,0.07838791608810425,0.9721982479095459,0.23763447999954224,0.9306075572967529
6,0.06963080167770386,0.9747903347015381,0.24145737290382385,0.9320472478866577
7,0.06174163892865181,0.9785006642341614,0.29301244020462036,0.9291678667068481
8,0.05182555317878723,0.9827191829681396,0.280836284160614,0.9285919666290283
9,0.04888017103075981,0.9829224944114685,0.26887816190719604,0.9343507289886475
10,0.04418941214680672,0.9851588606834412,0.33780452609062195,0.9317592978477478
11,0.038271646946668625,0.9857178926467896,0.3256865441799164,0.9366542100906372
12,0.03712541237473488,0.9866836071014404,0.31838253140449524,0.9375180006027222
13,0.03664030879735947,0.987293541431427,0.3144269287586212,0.9409732222557068
14,0.03253013268113136,0.9886149764060974,0.34293192625045776,0.9412611722946167


Results:
                   tp	  fp	  fn	#pred	#exp	P	R	F1
------------------------------------------------------------------------------
advise             88	  42	  50	 130	 138	67.7%	63.8%	65.7%
effect            154	  60	 161	 214	 315	72.0%	48.9%	58.2%
int                29	  11	   6	  40	  35	72.5%	82.9%	77.3%
mechanism         119	  57	 145	 176	 264	67.6%	45.1%	54.1%
------------------------------------------------------------------------------
M.avg            -	-	-	-	-	69.9%	60.1%	63.8%
------------------------------------------------------------------------------
m.avg             390	4279	 362	4669	 752	8.4%	51.9%	14.4%
m.avg(no class)   752	3917	   0	4669	 752	16.1%	100.0%	27.7%
