Model: "sequential"
_________________________________________________________________
Layer (type)                 Output Shape              Param #   
=================================================================
embedding (Embedding)        (None, 300, 75)           426225    
_________________________________________________________________
conv1d (Conv1D)              (None, 296, 50)           18800     
_________________________________________________________________
global_max_pooling1d (Global (None, 50)                0         
_________________________________________________________________
dense (Dense)                (None, 50)                2550      
_________________________________________________________________
dense_1 (Dense)              (None, 5)                 255       
=================================================================
Total params: 447,830
Trainable params: 447,830
Non-trainable params: 0
_________________________________________________________________


,loss,acc,val_loss,val_acc
0,0.45462432503700256,0.8634815812110901,0.2675444483757019,0.9015260338783264
1,0.24496088922023773,0.9118678569793701,0.22220630943775177,0.9101641178131104
2,0.1772850751876831,0.9321473836898804,0.2106647789478302,0.9236971139907837
3,0.140333354473114,0.9473951458930969,0.21558411419391632,0.9260005950927734
4,0.11353988200426102,0.9577128291130066,0.22262145578861237,0.921393632888794
5,0.09577842056751251,0.9650317430496216,0.22785191237926483,0.9248488545417786
6,0.07958782464265823,0.9716899394989014,0.252416729927063,0.9162107706069946
7,0.07164227217435837,0.9740787744522095,0.24512358009815216,0.9268643856048584
8,0.06305082142353058,0.9775349497795105,0.25575411319732666,0.9308955073356628
9,0.05957373231649399,0.9780940413475037,0.2629540264606476,0.9245609045028687
10,0.05188897252082825,0.9814993739128113,0.28027579188346863,0.9291678667068481
11,0.049886398017406464,0.9814993739128113,0.3220694363117218,0.9288799166679382
12,0.04363679140806198,0.9843456149101257,0.3136374056339264,0.9285919666290283
13,0.04063835367560387,0.9848030209541321,0.31224220991134644,0.9277281761169434
14,0.03953523561358452,0.9850571751594543,0.3166200518608093,0.9308955073356628


Results:
                   tp	  fp	  fn	#pred	#exp	P	R	F1
------------------------------------------------------------------------------
advise             88	  57	  50	 145	 138	60.7%	63.8%	62.2%
effect            153	 116	 162	 269	 315	56.9%	48.6%	52.4%
int                16	   1	  19	  17	  35	94.1%	45.7%	61.5%
mechanism         104	  52	 160	 156	 264	66.7%	39.4%	49.5%
------------------------------------------------------------------------------
M.avg            -	-	-	-	-	69.6%	49.4%	56.4%
------------------------------------------------------------------------------
m.avg             361	4308	 391	4669	 752	7.7%	48.0%	13.3%
m.avg(no class)   752	3917	   0	4669	 752	16.1%	100.0%	27.7%
