Model: "sequential"
_________________________________________________________________
Layer (type)                 Output Shape              Param #   
=================================================================
embedding (Embedding)        (None, 300, 75)           426225    
_________________________________________________________________
conv1d (Conv1D)              (None, 296, 40)           15040     
_________________________________________________________________
global_max_pooling1d (Global (None, 40)                0         
_________________________________________________________________
dense (Dense)                (None, 40)                1640      
_________________________________________________________________
dense_1 (Dense)              (None, 5)                 205       
=================================================================
Total params: 443,110
Trainable params: 443,110
Non-trainable params: 0
_________________________________________________________________


,loss,acc,val_loss,val_acc
0,0.43192315101623535,0.8730368614196777,0.29644763469696045,0.8931758999824524
1,0.22334322333335876,0.9166454672813416,0.22611157596111298,0.9167866110801697
2,0.16317738592624664,0.9383481740951538,0.21724654734134674,0.9208177328109741
3,0.13335759937763214,0.9507496953010559,0.21499580144882202,0.9271523356437683
4,0.10876049846410751,0.9597458839416504,0.21570059657096863,0.9326230883598328
5,0.09396431595087051,0.9660483002662659,0.22286660969257355,0.9314713478088379
6,0.08316650986671448,0.9699110388755798,0.22920972108840942,0.929743766784668
7,0.07416796684265137,0.9732147455215454,0.2355038970708847,0.9352145195007324
8,0.06652016192674637,0.9755018949508667,0.26011717319488525,0.9329110383987427
9,0.061396509408950806,0.9778907299041748,0.26524877548217773,0.9375180006027222
10,0.05816708505153656,0.9799745678901672,0.2761751413345337,0.9288799166679382
11,0.04897593706846237,0.9829224944114685,0.2727679908275604,0.9254246950149536
12,0.04781251773238182,0.9821600914001465,0.30786624550819397,0.9185142517089844
13,0.04530148580670357,0.983938992023468,0.2927855849266052,0.9375180006027222
14,0.041287582367658615,0.9858195781707764,0.30179503560066223,0.9334868788719177


Results:
                   tp	  fp	  fn	#pred	#exp	P	R	F1
------------------------------------------------------------------------------
advise            103	  96	  35	 199	 138	51.8%	74.6%	61.1%
effect            164	  98	 151	 262	 315	62.6%	52.1%	56.8%
int                29	   1	   6	  30	  35	96.7%	82.9%	89.2%
mechanism         124	 107	 140	 231	 264	53.7%	47.0%	50.1%
------------------------------------------------------------------------------
M.avg            -	-	-	-	-	66.2%	64.1%	64.3%
------------------------------------------------------------------------------
m.avg             420	4249	 332	4669	 752	9.0%	55.9%	15.5%
m.avg(no class)   752	3917	   0	4669	 752	16.1%	100.0%	27.7%
