Model: "sequential"
_________________________________________________________________
Layer (type)                 Output Shape              Param #   
=================================================================
embedding (Embedding)        (None, 300, 50)           284150    
_________________________________________________________________
conv1d (Conv1D)              (None, 296, 128)          32128     
_________________________________________________________________
global_max_pooling1d (Global (None, 128)               0         
_________________________________________________________________
dense (Dense)                (None, 10)                1290      
_________________________________________________________________
dense_1 (Dense)              (None, 5)                 55        
=================================================================
Total params: 317,623
Trainable params: 317,623
Non-trainable params: 0
_________________________________________________________________


,loss,acc,val_loss,val_acc
0,0.5320760607719421,0.7903430461883545,0.33495503664016724,0.8756118416786194
1,0.2694590389728546,0.8990088701248169,0.24434173107147217,0.9072847962379456
2,0.19288311898708344,0.9248793125152588,0.22508493065834045,0.9164987206459045
3,0.15290802717208862,0.9412960410118103,0.20853815972805023,0.9205297827720642
4,0.12491600215435028,0.9532909989356995,0.21307192742824554,0.9242729544639587


Results:
                   tp	  fp	  fn	#pred	#exp	P	R	F1
------------------------------------------------------------------------------
advise             92	  69	  46	 161	 138	57.1%	66.7%	61.5%
effect            135	  42	 180	 177	 315	76.3%	42.9%	54.9%
int                15	   5	  20	  20	  35	75.0%	42.9%	54.5%
mechanism         152	 124	 112	 276	 264	55.1%	57.6%	56.3%
------------------------------------------------------------------------------
M.avg            -	-	-	-	-	65.9%	52.5%	56.8%
------------------------------------------------------------------------------
m.avg             394	4275	 358	4669	 752	8.4%	52.4%	14.5%
m.avg(no class)   752	3917	   0	4669	 752	16.1%	100.0%	27.7%
