Model: "sequential"
_________________________________________________________________
Layer (type)                 Output Shape              Param #   
=================================================================
embedding (Embedding)        (None, 300, 75)           426225    
_________________________________________________________________
conv1d (Conv1D)              (None, 296, 40)           15040     
_________________________________________________________________
global_max_pooling1d (Global (None, 40)                0         
_________________________________________________________________
dense (Dense)                (None, 5)                 205       
_________________________________________________________________
softmax (Softmax)            (None, 5)                 0         
=================================================================
Total params: 441,470
Trainable params: 441,470
Non-trainable params: 0
_________________________________________________________________


,loss,acc,val_loss,val_acc
0,1.609460711479187,0.8505718111991882,1.609438180923462,0.8496976494789124
1,1.3855851888656616,0.8500635027885437,0.504531741142273,0.8496976494789124
2,0.4343508183956146,0.8538246750831604,0.42368513345718384,0.8494097590446472
3,0.37546461820602417,0.8540279269218445,0.407373309135437,0.8499855995178223
4,0.34813159704208374,0.854637861251831,0.40421268343925476,0.8491218090057373
5,0.30935919284820557,0.8780686259269714,0.3476327955722809,0.885977566242218
6,0.24505993723869324,0.9114612340927124,0.3335376977920532,0.8928880095481873
7,0.21399164199829102,0.9184752106666565,0.3255782127380371,0.8966311812400818
8,0.1943574845790863,0.9224396347999573,0.33531618118286133,0.8940397500991821
9,0.18075338006019592,0.9258958101272583,0.3225904107093811,0.8934638500213623
10,0.17144466936588287,0.9276238679885864,0.3238397240638733,0.8977829217910767
11,0.1638941466808319,0.93016517162323,0.3343481123447418,0.896055281162262
12,0.1571352183818817,0.9312833547592163,0.3451958894729614,0.8989346623420715
13,0.15132763981819153,0.9321982264518738,0.34580716490745544,0.9015260338783264
14,0.14785534143447876,0.9332147240638733,0.3530843257904053,0.9018139839172363


Results:
TODO


Results:
                   tp	  fp	  fn	#pred	#exp	P	R	F1
------------------------------------------------------------------------------
advise             87	  77	  51	 164	 138	53.0%	63.0%	57.6%
effect            151	 114	 164	 265	 315	57.0%	47.9%	52.1%
int                 0	   0	  35	   0	  35	0.0%	0.0%	0.0%
mechanism           0	   0	 264	   0	 264	0.0%	0.0%	0.0%
------------------------------------------------------------------------------
M.avg            -	-	-	-	-	27.5%	27.7%	27.4%
------------------------------------------------------------------------------
m.avg             238	4431	 514	4669	 752	5.1%	31.6%	8.8%
m.avg(no class)   752	3917	   0	4669	 752	16.1%	100.0%	27.7%
