Model: "sequential"
_________________________________________________________________
Layer (type)                 Output Shape              Param #   
=================================================================
embedding (Embedding)        (None, 300, 75)           426225    
_________________________________________________________________
conv1d (Conv1D)              (None, 296, 40)           15040     
_________________________________________________________________
global_max_pooling1d (Global (None, 40)                0         
_________________________________________________________________
dense (Dense)                (None, 5)                 205       
=================================================================
Total params: 441,470
Trainable params: 441,470
Non-trainable params: 0
_________________________________________________________________


,loss,acc,val_loss,val_acc
0,1.799480676651001,0.8301397562026978,1.4156173467636108,0.8672617077827454
1,1.6103074550628662,0.8379669785499573,1.3778727054595947,0.8591995239257812
2,1.5298930406570435,0.8530622720718384,1.3713881969451904,0.8594874739646912
3,1.5119510889053345,0.8569758534431458,1.3770273923873901,0.8675496578216553
4,,0.8569758534431458,,0.8597754240036011
5,,0.8521474003791809,,0.8597754240036011
6,,0.8521474003791809,,0.8597754240036011
7,,0.8521474003791809,,0.8597754240036011
8,,0.8521474003791809,,0.8597754240036011
9,,0.8521474003791809,,0.8597754240036011
10,,0.8521474003791809,,0.8597754240036011
11,,0.8521474003791809,,0.8597754240036011
12,,0.8521474003791809,,0.8597754240036011
13,,0.8521474003791809,,0.8597754240036011
14,,0.8521474003791809,,0.8597754240036011


Results:
                   tp	  fp	  fn	#pred	#exp	P	R	F1
------------------------------------------------------------------------------
advise              0	   0	 138	   0	 138	0.0%	0.0%	0.0%
effect              0	   0	 315	   0	 315	0.0%	0.0%	0.0%
int                 0	   0	  35	   0	  35	0.0%	0.0%	0.0%
mechanism           0	   0	 264	   0	 264	0.0%	0.0%	0.0%
------------------------------------------------------------------------------
M.avg            -	-	-	-	-	0.0%	0.0%	0.0%
------------------------------------------------------------------------------
m.avg               0	4669	 752	4669	 752	0.0%	0.0%	0.0%
m.avg(no class)   752	3917	   0	4669	 752	16.1%	100.0%	27.7%
