Model: "sequential"
_________________________________________________________________
Layer (type)                 Output Shape              Param #   
=================================================================
embedding (Embedding)        (None, 300, 75)           426225    
_________________________________________________________________
conv1d (Conv1D)              (None, 296, 100)          37600     
_________________________________________________________________
global_max_pooling1d (Global (None, 100)               0         
_________________________________________________________________
dense (Dense)                (None, 100)               10100     
_________________________________________________________________
dense_1 (Dense)              (None, 5)                 505       
=================================================================
Total params: 474,430
Trainable params: 474,430
Non-trainable params: 0
_________________________________________________________________


,loss,acc,val_loss,val_acc
0,0.40857481956481934,0.8746124505996704,0.24767956137657166,0.9046933650970459
1,0.20890066027641296,0.9206607341766357,0.21967679262161255,0.9199539422988892
2,0.1474882811307907,0.9439898133277893,0.19803202152252197,0.9329110383987427
3,0.11427348107099533,0.9576112031936646,0.19586299359798431,0.9343507289886475
4,0.08992274105548859,0.9662007689476013,0.2095002979040146,0.9317592978477478
5,0.07869334518909454,0.9708767533302307,0.23772256076335907,0.9375180006027222
6,0.07065838575363159,0.9742312431335449,0.28036144375801086,0.9349265694618225
7,0.05763288587331772,0.9782465100288391,0.27065762877464294,0.9383817911148071
8,0.05335896462202072,0.9814485311508179,0.25131961703300476,0.9392455816268921
9,0.04760089889168739,0.9831766486167908,0.26241806149482727,0.9357903599739075
10,0.045782092958688736,0.983837366104126,0.34862658381462097,0.9375180006027222
11,0.0439048707485199,0.9851080179214478,0.26652008295059204,0.938957691192627
12,0.03535735607147217,0.987293541431427,0.3270861804485321,0.9392455816268921
13,0.03598228096961975,0.9869885444641113,0.2830836772918701,0.9409732222557068
14,0.03201501816511154,0.9889707565307617,0.34440749883651733,0.938957691192627


Results:
                   tp	  fp	  fn	#pred	#exp	P	R	F1
------------------------------------------------------------------------------
advise             70	  26	  68	  96	 138	72.9%	50.7%	59.8%
effect            151	  59	 164	 210	 315	71.9%	47.9%	57.5%
int                18	   5	  17	  23	  35	78.3%	51.4%	62.1%
mechanism         120	  61	 144	 181	 264	66.3%	45.5%	53.9%
------------------------------------------------------------------------------
M.avg            -	-	-	-	-	72.3%	48.9%	58.3%
------------------------------------------------------------------------------
m.avg             359	4310	 393	4669	 752	7.7%	47.7%	13.2%
m.avg(no class)   752	3917	   0	4669	 752	16.1%	100.0%	27.7%
