Model: "sequential"
_________________________________________________________________
Layer (type)                 Output Shape              Param #   
=================================================================
embedding (Embedding)        (None, 100, 40)           387000    
_________________________________________________________________
bidirectional (Bidirectional (None, 100, 80)           25920     
_________________________________________________________________
bidirectional_1 (Bidirection (None, 100, 80)           38720     
_________________________________________________________________
bidirectional_2 (Bidirection (None, 100, 80)           38720     
_________________________________________________________________
dense (Dense)                (None, 100, 10)           810       
_________________________________________________________________
crf (CRF)                    (None, 100, 10)           100       
=================================================================
Total params: 491,270
Trainable params: 491,270
Non-trainable params: 0
_________________________________________________________________


,loss,viterbi_accuracy,val_loss,val_viterbi_accuracy
0,40.81411361694336,0.18268966674804688,209.9121551513672,0.19605910778045654
1,35.25141143798828,0.582427978515625,112.03096008300781,0.9659852385520935
2,30.585494995117188,0.9715971350669861,90.83903503417969,0.9757019877433777
3,25.40302085876465,0.9758172035217285,72.04708099365234,0.9799507260322571
4,19.986530303955078,0.9861549735069275,56.400726318359375,0.7797044515609741
5,15.43053150177002,0.9902521967887878,44.85478591918945,0.7797044515609741
6,11.299820899963379,0.9928992390632629,37.64029312133789,0.7797044515609741
7,7.796042442321777,0.9940985441207886,33.915679931640625,0.7797044515609741
8,5.158504486083984,0.9943447113037109,32.61287307739258,0.7797044515609741
9,3.453883171081543,0.994543731212616,32.59907150268555,0.7797044515609741


Results:
                   tp	  fp	  fn	#pred	#exp	P	R	F1
------------------------------------------------------------------------------
brand               0	   0	 360	   0	 360	0.0%	0.0%	0.0%
drug             1273	 123	 640	1396	1913	91.2%	66.5%	76.9%
drug_n              0	   0	  45	   0	  45	0.0%	0.0%	0.0%
group             518	 402	 163	 920	 681	56.3%	76.1%	64.7%
------------------------------------------------------------------------------
M.avg            -	-	-	-	-	36.9%	35.7%	35.4%
------------------------------------------------------------------------------
m.avg            1791	 525	1208	2316	2999	77.3%	59.7%	67.4%
m.avg(no class)  1902	 414	1097	2316	2999	82.1%	63.4%	71.6%
