Model: "sequential"
_________________________________________________________________
Layer (type)                 Output Shape              Param #   
=================================================================
embedding (Embedding)        (None, 100, 30)           290250    
_________________________________________________________________
bidirectional (Bidirectional (None, 100, 80)           22720     
_________________________________________________________________
bidirectional_1 (Bidirection (None, 100, 80)           38720     
_________________________________________________________________
bidirectional_2 (Bidirection (None, 100, 80)           38720     
_________________________________________________________________
dense (Dense)                (None, 100, 10)           810       
_________________________________________________________________
crf (CRF)                    (None, 100, 10)           100       
=================================================================
Total params: 391,320
Trainable params: 391,320
Non-trainable params: 0
_________________________________________________________________


,loss,viterbi_accuracy,val_loss,val_viterbi_accuracy
0,41.76536178588867,0.18564267456531525,210.78964233398438,0.19274631142616272
1,36.313480377197266,0.3233192563056946,113.32647705078125,0.9453940987586975
2,31.55040168762207,0.97330242395401,90.10151672363281,0.9742241501808167
3,26.20013427734375,0.9764162302017212,71.0372543334961,0.9839901328086853
4,20.708881378173828,0.9852014183998108,55.412940979003906,0.8707512021064758


Results:
                   tp	  fp	  fn	#pred	#exp	P	R	F1
------------------------------------------------------------------------------
brand               0	   0	 360	   0	 360	0.0%	0.0%	0.0%
drug             1205	1019	 708	2224	1913	54.2%	63.0%	58.3%
drug_n              0	   0	  45	   0	  45	0.0%	0.0%	0.0%
group               0	  12	 681	  12	 681	0.0%	0.0%	0.0%
------------------------------------------------------------------------------
M.avg            -	-	-	-	-	13.5%	15.7%	14.6%
------------------------------------------------------------------------------
m.avg            1205	1031	1794	2236	2999	53.9%	40.2%	46.0%
m.avg(no class)  1515	 721	1484	2236	2999	67.8%	50.5%	57.9%
