Model: "sequential"
_________________________________________________________________
Layer (type)                 Output Shape              Param #   
=================================================================
embedding (Embedding)        (None, 100, 30)           290250    
_________________________________________________________________
bidirectional (Bidirectional (None, 100, 80)           22720     
_________________________________________________________________
bidirectional_1 (Bidirection (None, 100, 80)           38720     
_________________________________________________________________
bidirectional_2 (Bidirection (None, 100, 80)           38720     
_________________________________________________________________
dense (Dense)                (None, 100, 10)           810       
_________________________________________________________________
crf (CRF)                    (None, 100, 10)           100       
=================================================================
Total params: 391,320
Trainable params: 391,320
Non-trainable params: 0
_________________________________________________________________


,loss,viterbi_accuracy,val_loss,val_viterbi_accuracy
0,50.47502899169922,0.19480526447296143,248.75965881347656,0.1872536987066269
1,45.141944885253906,0.19698596000671387,226.46652221679688,0.1872536987066269
2,39.837310791015625,0.19702398777008057,204.53765869140625,0.18714286386966705
3,34.27661895751953,0.19717615842819214,182.75950622558594,0.1872536987066269
4,29.45965003967285,0.865081787109375,80.74451446533203,0.9750369191169739
5,24.76557731628418,0.9739802479743958,63.57749938964844,0.9746551513671875
6,20.194643020629883,0.9740065932273865,49.33713150024414,0.973128080368042
7,15.483718872070312,0.9866504073143005,37.80476760864258,0.7878202199935913
8,11.218138694763184,0.9896571636199951,31.874706268310547,0.7878202199935913
9,7.530736923217773,0.9903578758239746,29.032283782958984,0.7878202199935913


Results:
                   tp	  fp	  fn	#pred	#exp	P	R	F1
------------------------------------------------------------------------------
brand               0	   3	 360	   3	 360	0.0%	0.0%	0.0%
drug             1267	 296	 646	1563	1913	81.1%	66.2%	72.9%
drug_n              0	  50	  45	  50	  45	0.0%	0.0%	0.0%
group             133	 127	 548	 260	 681	51.2%	19.5%	28.3%
------------------------------------------------------------------------------
M.avg            -	-	-	-	-	33.1%	21.4%	25.3%
------------------------------------------------------------------------------
m.avg            1400	 476	1599	1876	2999	74.6%	46.7%	57.4%
m.avg(no class)  1489	 387	1510	1876	2999	79.4%	49.6%	61.1%
