Model: "sequential"
_________________________________________________________________
Layer (type)                 Output Shape              Param #   
=================================================================
embedding (Embedding)        (None, 100, 40)           387000    
_________________________________________________________________
bidirectional (Bidirectional (None, 100, 100)          36400     
_________________________________________________________________
bidirectional_1 (Bidirection (None, 100, 100)          60400     
_________________________________________________________________
bidirectional_2 (Bidirection (None, 100, 100)          60400     
_________________________________________________________________
dense (Dense)                (None, 100, 10)           1010      
_________________________________________________________________
crf (CRF)                    (None, 100, 10)           100       
=================================================================
Total params: 545,310
Trainable params: 545,310
Non-trainable params: 0
_________________________________________________________________


,loss,viterbi_accuracy,val_loss,val_viterbi_accuracy
0,37.415283203125,0.3398487865924835,112.6050033569336,0.9562807679176331
1,32.058841705322266,0.967285692691803,90.20954132080078,0.9756157398223877
2,26.813703536987305,0.9753924012184143,70.82027435302734,0.9822044372558594
3,21.325794219970703,0.9855262041091919,54.6574592590332,0.9633374214172363
4,16.554306030273438,0.9892920255661011,42.53578567504883,0.7799753546714783


Results:
                   tp	  fp	  fn	#pred	#exp	P	R	F1
------------------------------------------------------------------------------
brand               0	   0	 360	   0	 360	0.0%	0.0%	0.0%
drug             1277	 357	 636	1634	1913	78.2%	66.8%	72.0%
drug_n              0	   0	  45	   0	  45	0.0%	0.0%	0.0%
group             237	 313	 444	 550	 681	43.1%	34.8%	38.5%
------------------------------------------------------------------------------
M.avg            -	-	-	-	-	30.3%	25.4%	27.6%
------------------------------------------------------------------------------
m.avg            1514	 670	1485	2184	2999	69.3%	50.5%	58.4%
m.avg(no class)  1731	 453	1268	2184	2999	79.3%	57.7%	66.8%
