Model: "sequential"
_________________________________________________________________
Layer (type)                 Output Shape              Param #   
=================================================================
embedding (Embedding)        (None, 100, 30)           290250    
_________________________________________________________________
bidirectional (Bidirectional (None, 100, 80)           22720     
_________________________________________________________________
bidirectional_1 (Bidirection (None, 100, 80)           38720     
_________________________________________________________________
bidirectional_2 (Bidirection (None, 100, 80)           38720     
_________________________________________________________________
dense (Dense)                (None, 100, 10)           810       
_________________________________________________________________
crf (CRF)                    (None, 100, 10)           100       
=================================================================
Total params: 391,320
Trainable params: 391,320
Non-trainable params: 0
_________________________________________________________________


,loss,viterbi_accuracy,val_loss,val_viterbi_accuracy
0,45.59122848510742,0.3721407353878021,216.13943481445312,0.2718842327594757
1,39.85324478149414,0.3883720934391022,192.26707458496094,0.39224138855934143
2,35.14754104614258,0.7174206376075745,111.89042663574219,0.974790632724762
3,29.935022354125977,0.9764014482498169,90.86815643310547,0.9835837483406067
4,24.374948501586914,0.9855355024337769,72.1752700805664,0.7890147566795349
5,19.60593032836914,0.9888989925384521,56.97417068481445,0.7782388925552368
6,15.127001762390137,0.989783763885498,45.91761779785156,0.7782388925552368
7,10.969691276550293,0.9923556447029114,38.95981979370117,0.7782388925552368
8,7.398283958435059,0.9939144253730774,35.6619987487793,0.7782388925552368
9,4.763094425201416,0.9941236972808838,34.56471633911133,0.7782388925552368


Results:
                   tp	  fp	  fn	#pred	#exp	P	R	F1
------------------------------------------------------------------------------
brand               0	   0	 360	   0	 360	0.0%	0.0%	0.0%
drug             1267	 174	 646	1441	1913	87.9%	66.2%	75.6%
drug_n              0	   0	  45	   0	  45	0.0%	0.0%	0.0%
group             503	 856	 178	1359	 681	37.0%	73.9%	49.3%
------------------------------------------------------------------------------
M.avg            -	-	-	-	-	31.2%	35.0%	31.2%
------------------------------------------------------------------------------
m.avg            1770	1030	1229	2800	2999	63.2%	59.0%	61.0%
m.avg(no class)  2157	 643	 842	2800	2999	77.0%	71.9%	74.4%
