Model: "sequential"
_________________________________________________________________
Layer (type)                 Output Shape              Param #   
=================================================================
embedding (Embedding)        (None, 100, 50)           483750    
_________________________________________________________________
bidirectional (Bidirectional (None, 100, 100)          40400     
_________________________________________________________________
dense (Dense)                (None, 100, 10)           1010      
_________________________________________________________________
crf (CRF)                    (None, 100, 10)           100       
=================================================================
Total params: 525,260
Trainable params: 525,260
Non-trainable params: 0
_________________________________________________________________


,loss,viterbi_accuracy,val_loss,val_viterbi_accuracy
0,45.930091857910156,0.5659158229827881,185.97459411621094,0.5826724171638489
1,39.31809997558594,0.5817726850509644,164.62237548828125,0.5732019543647766
2,33.964778900146484,0.5901020169258118,103.09843444824219,0.9752586483955383
3,29.108013153076172,0.9875125885009766,82.51103210449219,0.9871798157691956


Results:
                   tp	  fp	  fn	#pred	#exp	P	R	F1
------------------------------------------------------------------------------
brand               1	  78	 359	  79	 360	1.3%	0.3%	0.5%
drug             1266	 588	 647	1854	1913	68.3%	66.2%	67.2%
drug_n              0	   4	  45	   4	  45	0.0%	0.0%	0.0%
group              22	 258	 659	 280	 681	7.9%	3.2%	4.6%
------------------------------------------------------------------------------
M.avg            -	-	-	-	-	19.4%	17.4%	18.1%
------------------------------------------------------------------------------
m.avg            1289	 928	1710	2217	2999	58.1%	43.0%	49.4%
m.avg(no class)  1518	 699	1481	2217	2999	68.5%	50.6%	58.2%
