Model: "sequential"
_________________________________________________________________
Layer (type)                 Output Shape              Param #   
=================================================================
embedding (Embedding)        (None, 100, 50)           483750    
_________________________________________________________________
bidirectional (Bidirectional (None, 100, 256)          183296    
_________________________________________________________________
time_distributed (TimeDistri (None, 100, 10)           2570      
_________________________________________________________________
crf (CRF)                    (None, 100, 10)           100       
=================================================================
Total params: 669,716
Trainable params: 669,716
Non-trainable params: 0
_________________________________________________________________


,loss,viterbi_accuracy,val_loss,val_viterbi_accuracy
0,42.031497955322266,0.18694335222244263,217.01051330566406,0.20251230895519257
1,35.2768440246582,0.22696326673030853,117.63964080810547,0.9559236168861389
2,30.202808380126953,0.9823440313339233,94.02742767333984,0.9854803085327148
3,25.392709732055664,0.9873939752578735,75.01309204101562,0.9763423800468445
4,20.725122451782227,0.9886437058448792,59.007904052734375,0.7783989906311035


Results:
                   tp	  fp	  fn	#pred	#exp	P	R	F1
------------------------------------------------------------------------------
brand               0	  20	 360	  20	 360	0.0%	0.0%	0.0%
drug             1267	 294	 646	1561	1913	81.2%	66.2%	72.9%
drug_n              1	 509	  44	 510	  45	0.2%	2.2%	0.4%
group              24	 409	 657	 433	 681	5.5%	3.5%	4.3%
------------------------------------------------------------------------------
M.avg            -	-	-	-	-	21.7%	18.0%	19.4%
------------------------------------------------------------------------------
m.avg            1292	1232	1707	2524	2999	51.2%	43.1%	46.8%
m.avg(no class)  1609	 915	1390	2524	2999	63.7%	53.7%	58.3%
