Model: "sequential"
_________________________________________________________________
Layer (type)                 Output Shape              Param #   
=================================================================
embedding (Embedding)        (None, 100, 50)           483750    
_________________________________________________________________
bidirectional (Bidirectional (None, 100, 256)          183296    
_________________________________________________________________
time_distributed (TimeDistri (None, 100, 10)           2570      
_________________________________________________________________
crf (CRF)                    (None, 100, 10)           100       
=================================================================
Total params: 669,716
Trainable params: 669,716
Non-trainable params: 0
_________________________________________________________________



,loss,viterbi_accuracy,val_loss,val_viterbi_accuracy
0,42.01544189453125,0.18371494114398956,216.49630737304688,0.10699507594108582
1,35.35297775268555,0.3321044445037842,115.5918960571289,0.9575369358062744
2,30.383365631103516,0.9745866060256958,93.52949523925781,0.9742733836174011
3,25.59159278869629,0.9797384142875671,73.97770690917969,0.9845812916755676
4,20.584606170654297,0.989112913608551,57.990440368652344,0.7740271091461182


Results:
                   tp	  fp	  fn	#pred	#exp	P	R	F1
------------------------------------------------------------------------------
brand               0	   0	 360	   0	 360	0.0%	0.0%	0.0%
drug                0	   0	1913	   0	1913	0.0%	0.0%	0.0%
drug_n              0	   0	  45	   0	  45	0.0%	0.0%	0.0%
group               0	   0	 681	   0	 681	0.0%	0.0%	0.0%
------------------------------------------------------------------------------
M.avg            -	-	-	-	-	0.0%	0.0%	0.0%
------------------------------------------------------------------------------
m.avg               0	   2	2999	   2	2999	0.0%	0.0%	0.0%
m.avg(no class)     0	   1	2999	   1	2999	0.0%	0.0%	0.0%
