Model: "sequential"
_________________________________________________________________
Layer (type)                 Output Shape              Param #   
=================================================================
embedding (Embedding)        (None, 100, 50)           483750    
_________________________________________________________________
bidirectional (Bidirectional (None, 100, 256)          183296    
_________________________________________________________________
time_distributed (TimeDistri (None, 100, 10)           2570      
_________________________________________________________________
crf (CRF)                    (None, 100, 10)           100       
=================================================================
Total params: 669,716
Trainable params: 669,716
Non-trainable params: 0
_________________________________________________________________


,loss,viterbi_accuracy,val_loss,val_viterbi_accuracy
0,41.717525482177734,0.37955957651138306,190.80897521972656,0.38663792610168457
1,34.82577133178711,0.5360077023506165,111.18985748291016,0.975394070148468
2,29.736583709716797,0.9819056987762451,90.0919418334961,0.9870073795318604
3,24.97927474975586,0.9894271492958069,71.74952697753906,0.9870319962501526
4,20.36958122253418,0.9905042052268982,56.373104095458984,0.8858128190040588


Results:
TODO
