Model: "sequential"
_________________________________________________________________
Layer (type)                 Output Shape              Param #   
=================================================================
embedding (Embedding)        (None, 100, 40)           387000    
_________________________________________________________________
bidirectional (Bidirectional (None, 100, 80)           25920     
_________________________________________________________________
bidirectional_1 (Bidirection (None, 100, 80)           38720     
_________________________________________________________________
bidirectional_2 (Bidirection (None, 100, 80)           38720     
_________________________________________________________________
dense (Dense)                (None, 100, 10)           810       
_________________________________________________________________
crf (CRF)                    (None, 100, 10)           100       
=================================================================
Total params: 491,270
Trainable params: 491,270
Non-trainable params: 0
_________________________________________________________________


,loss,viterbi_accuracy,val_loss,val_viterbi_accuracy
0,42.99272155761719,0.31184738874435425,204.8215789794922,0.3221674859523773
1,37.58694839477539,0.32229775190353394,181.44058227539062,0.32475370168685913
2,32.707000732421875,0.9467217326164246,98.5416488647461,0.9651354551315308
3,27.152978897094727,0.9757035970687866,78.26834106445312,0.9822290539741516
4,22.16242790222168,0.9847495555877686,61.61112594604492,0.9300861954689026
5,17.627626419067383,0.9878688454627991,48.91813659667969,0.7803571224212646
6,13.439794540405273,0.9896259307861328,40.65697479248047,0.7803571224212646
7,9.672320365905762,0.9902684688568115,35.89366912841797,0.7803571224212646
8,6.596324443817139,0.9915946125984192,33.96331024169922,0.7803571224212646
9,4.438328266143799,0.992628812789917,33.75715637207031,0.7803571224212646
10,3.116316795349121,0.9932147264480591,34.349525451660156,0.7803571224212646
11,2.3550684452056885,0.9934846758842468,35.29857635498047,0.7803571224212646
12,1.8967218399047852,0.9938033819198608,36.24600601196289,0.7803571224212646
13,1.594151258468628,0.9940739870071411,37.288822174072266,0.7803571224212646
14,1.383710503578186,0.9942414164543152,38.19545364379883,0.7803571224212646
15,1.2281039953231812,0.9948903918266296,39.24111557006836,0.7803571224212646
16,1.1054201126098633,0.9949550032615662,40.26329040527344,0.7803571224212646
17,1.0115755796432495,0.9949526786804199,41.265342712402344,0.7803571224212646
18,0.9220624566078186,0.9950575828552246,42.24757385253906,0.7803571224212646
19,0.8501670956611633,0.9951607584953308,43.17804718017578,0.7803571224212646
20,0.7835491895675659,0.99556964635849,44.13479995727539,0.7803571224212646
21,0.7268263101577759,0.9958614110946655,45.093807220458984,0.7803571224212646
22,0.6791237592697144,0.9959417581558228,45.9760627746582,0.7803571224212646
23,0.654353141784668,0.9957800507545471,46.88207244873047,0.7803571224212646
24,0.6087789535522461,0.9959717392921448,47.791934967041016,0.7803571224212646


Results:
                   tp	  fp	  fn	#pred	#exp	P	R	F1
------------------------------------------------------------------------------
brand               0	   1	 360	   1	 360	0.0%	0.0%	0.0%
drug             1234	 276	 679	1510	1913	81.7%	64.5%	72.1%
drug_n              3	  16	  42	  19	  45	15.8%	6.7%	9.4%
group             499	 125	 182	 624	 681	80.0%	73.3%	76.5%
------------------------------------------------------------------------------
M.avg            -	-	-	-	-	44.4%	36.1%	39.5%
------------------------------------------------------------------------------
m.avg            1736	 418	1263	2154	2999	80.6%	57.9%	67.4%
m.avg(no class)  1821	 333	1178	2154	2999	84.5%	60.7%	70.7%
