Model: "sequential"
_________________________________________________________________
Layer (type)                 Output Shape              Param #   
=================================================================
embedding (Embedding)        (None, 100, 40)           387000    
_________________________________________________________________
bidirectional (Bidirectional (None, 100, 80)           25920     
_________________________________________________________________
bidirectional_1 (Bidirection (None, 100, 80)           38720     
_________________________________________________________________
bidirectional_2 (Bidirection (None, 100, 80)           38720     
_________________________________________________________________
dense (Dense)                (None, 100, 10)           810       
_________________________________________________________________
crf (CRF)                    (None, 100, 10)           100       
=================================================================
Total params: 491,270
Trainable params: 491,270
Non-trainable params: 0
_________________________________________________________________


,loss,viterbi_accuracy,val_loss,val_viterbi_accuracy
0,32.829010009765625,0.9632260203361511,93.11153411865234,0.9678065776824951
1,26.678136825561523,0.9738544821739197,70.82288360595703,0.8121373653411865
2,20.682729721069336,0.9763625264167786,52.36460876464844,0.8121373653411865
3,14.452791213989258,0.9855446219444275,40.642189025878906,0.8121373653411865
4,9.51862621307373,0.9886548519134521,34.664608001708984,0.8121373653411865
5,5.763049125671387,0.9905262589454651,32.58523178100586,0.8121373653411865
6,3.4792308807373047,0.9915480017662048,32.537933349609375,0.8121373653411865
7,2.3358471393585205,0.9922431111335754,33.1051139831543,0.8121373653411865
8,1.755696177482605,0.9925143718719482,33.88131332397461,0.8121373653411865
9,1.4071513414382935,0.9928908348083496,34.69758987426758,0.8121373653411865
10,1.1766566038131714,0.9937182068824768,35.45759201049805,0.8121373653411865
11,1.0174787044525146,0.9947575926780701,36.3057746887207,0.8121373653411865
12,0.8901484608650208,0.9950087070465088,37.091854095458984,0.8121373653411865
13,0.79631507396698,0.9952953457832336,37.876407623291016,0.8121373653411865
14,0.7128410935401917,0.9956615567207336,38.6777458190918,0.8121373653411865
15,0.6471109390258789,0.9961314797401428,39.4143180847168,0.8121373653411865
16,0.5898313522338867,0.9963250756263733,40.19902420043945,0.8121373653411865
17,0.5375382900238037,0.9965365529060364,40.994651794433594,0.8121373653411865
18,0.49907225370407104,0.9965819120407104,41.778709411621094,0.8121373653411865
19,0.46513211727142334,0.9965522289276123,42.56822204589844,0.8121373653411865


Results: (devel)
                   tp	  fp	  fn	#pred	#exp	P	R	F1
------------------------------------------------------------------------------
brand             133	 202	 227	 335	 360	39.7%	36.9%	38.3%
drug             1292	 110	 621	1402	1913	92.2%	67.5%	77.9%
drug_n              3	  67	  42	  70	  45	4.3%	6.7%	5.2%
group             490	 234	 191	 724	 681	67.7%	72.0%	69.8%
------------------------------------------------------------------------------
M.avg            -	-	-	-	-	51.0%	45.8%	47.8%
------------------------------------------------------------------------------
m.avg            1918	 613	1081	2531	2999	75.8%	64.0%	69.4%
m.avg(no class)  2117	 414	 882	2531	2999	83.6%	70.6%	76.6%


Results: (test)
                   tp	  fp	  fn	#pred	#exp	P	R	F1
------------------------------------------------------------------------------
brand             135	 237	 153	 372	 288	36.3%	46.9%	40.9%
drug             1404	 132	 716	1536	2120	91.4%	66.2%	76.8%
drug_n              1	  80	  71	  81	  72	1.2%	1.4%	1.3%
group             515	 356	 184	 871	 699	59.1%	73.7%	65.6%
------------------------------------------------------------------------------
M.avg            -	-	-	-	-	47.0%	47.0%	46.2%
------------------------------------------------------------------------------
m.avg            2055	 805	1124	2860	3179	71.9%	64.6%	68.1%
m.avg(no class)  2343	 517	 836	2860	3179	81.9%	73.7%	77.6%