Model: "sequential"
_________________________________________________________________
Layer (type)                 Output Shape              Param #   
=================================================================
embedding (Embedding)        (None, 100, 50)           483750    
_________________________________________________________________
bidirectional (Bidirectional (None, 100, 256)          183296    
_________________________________________________________________
bidirectional_1 (Bidirection (None, 100, 256)          394240    
_________________________________________________________________
time_distributed (TimeDistri (None, 100, 128)          32896     
_________________________________________________________________
dense_1 (Dense)              (None, 100, 10)           1290      
_________________________________________________________________
crf (CRF)                    (None, 100, 10)           100       
=================================================================
Total params: 1,095,572
Trainable params: 1,095,572
Non-trainable params: 0
_________________________________________________________________


,loss,viterbi_accuracy,val_loss,val_viterbi_accuracy
0,36.058414459228516,0.46591708064079285,112.88297271728516,0.9735098481178284
1,29.640846252441406,0.9801585674285889,91.66790771484375,0.971403956413269
2,24.430564880371094,0.9856213331222534,73.34986114501953,0.8532758355140686
3,19.799205780029297,0.9865188598632812,57.86216354370117,0.7809728980064392


Results:
                   tp	  fp	  fn	#pred	#exp	P	R	F1
------------------------------------------------------------------------------
brand               0	   7	 360	   7	 360	0.0%	0.0%	0.0%
drug             1415	 641	 498	2056	1913	68.8%	74.0%	71.3%
drug_n              0	 155	  45	 155	  45	0.0%	0.0%	0.0%
group               0	   0	 681	   0	 681	0.0%	0.0%	0.0%
------------------------------------------------------------------------------
M.avg            -	-	-	-	-	17.2%	18.5%	17.8%
------------------------------------------------------------------------------
m.avg            1415	 803	1584	2218	2999	63.8%	47.2%	54.2%
m.avg(no class)  1657	 561	1342	2218	2999	74.7%	55.3%	63.5%
